[ 2017-10-17T10:47:06+08:00 ] ::1 /thinkphp-inaction/chapter-4/
INFO: [ app_init ] --START--
INFO: Run Behavior\BuildLiteBehavior [ RunTime:0.000012s ]
INFO: [ app_init ] --END-- [ RunTime:0.000099s ]
INFO: [ app_begin ] --START--
INFO: Run Behavior\ReadHtmlCacheBehavior [ RunTime:0.003723s ]
INFO: [ app_begin ] --END-- [ RunTime:0.003763s ]
INFO: [ view_parse ] --START--
NOTIC: [2] is_file(): File name is longer than the maximum allowed path length on this platform (260): &lt;style type=&quot;text/css&quot;&gt;*{ padding: 0; margin: 0; } div{ padding: 4px 48px;} body{ background: #fff; font-family: &quot;微软雅黑&quot;; color: #333;font-size:24px} h1{ font-size: 100px; font-weight: normal; margin-bottom: 12px; } p{ line-height: 1.8em; font-size: 36px } a,a:hover{color:blue;}&lt;/style&gt;&lt;div style=&quot;padding: 24px 48px;&quot;&gt; &lt;h1&gt;:)&lt;/h1&gt;&lt;p&gt;欢迎使用 &lt;b&gt;ThinkPHP&lt;/b&gt;！&lt;/p&gt;&lt;br/&gt;版本 V{$Think.version}&lt;/div&gt;&lt;script type=&quot;text/javascript&quot; src=&quot;http://ad.topthink.com/Public/static/client.js&quot;&gt;&lt;/script&gt;&lt;thinkad id=&quot;ad_55e75dfae343f5a1&quot;&gt;&lt;/thinkad&gt;&lt;script type=&quot;text/javascript&quot; src=&quot;http://tajs.qq.com/stats?sId=9347272&quot; charset=&quot;UTF-8&quot;&gt;&lt;/script&gt; D:\UPUPW_AP5.5\htdocs\thinkphp-inaction\ThinkPHP\Library\Think\Template.class.php 第 89 行.
INFO: [ template_filter ] --START--
INFO: Run Behavior\ContentReplaceBehavior [ RunTime:0.000024s ]
INFO: [ template_filter ] --END-- [ RunTime:0.000055s ]
INFO: Run Behavior\ParseTemplateBehavior [ RunTime:0.018929s ]
INFO: [ view_parse ] --END-- [ RunTime:0.018971s ]
INFO: [ view_filter ] --START--
INFO: Run Behavior\WriteHtmlCacheBehavior [ RunTime:0.003422s ]
INFO: [ view_filter ] --END-- [ RunTime:0.003465s ]
INFO: [ app_end ] --START--
INFO: Run Behavior\ShowPageTraceBehavior [ RunTime:0.003649s ]
INFO: [ app_end ] --END-- [ RunTime:0.003691s ]

[ 2017-10-17T10:48:08+08:00 ] ::1 /thinkphp-inaction/chapter-4/
INFO: [ app_init ] --START--
INFO: Run Behavior\BuildLiteBehavior [ RunTime:0.000013s ]
INFO: [ app_init ] --END-- [ RunTime:0.000682s ]
INFO: [ app_begin ] --START--
INFO: Run Behavior\ReadHtmlCacheBehavior [ RunTime:0.003217s ]
INFO: [ app_begin ] --END-- [ RunTime:0.003265s ]
INFO: [ app_end ] --START--
INFO: Run Behavior\ShowPageTraceBehavior [ RunTime:0.003770s ]
INFO: [ app_end ] --END-- [ RunTime:0.003821s ]

[ 2017-10-17T10:49:27+08:00 ] ::1 /thinkphp-inaction/chapter-4/
INFO: [ app_init ] --START--
INFO: Run Behavior\BuildLiteBehavior [ RunTime:0.000012s ]
INFO: [ app_init ] --END-- [ RunTime:0.000737s ]
INFO: [ app_begin ] --START--
INFO: Run Behavior\ReadHtmlCacheBehavior [ RunTime:0.003664s ]
INFO: [ app_begin ] --END-- [ RunTime:0.003754s ]
INFO: [ app_end ] --START--
INFO: Run Behavior\ShowPageTraceBehavior [ RunTime:0.003319s ]
INFO: [ app_end ] --END-- [ RunTime:0.003366s ]

[ 2017-10-17T10:51:24+08:00 ] ::1 /thinkphp-inaction/chapter-4/
INFO: [ app_init ] --START--
INFO: Run Behavior\BuildLiteBehavior [ RunTime:0.000009s ]
INFO: [ app_init ] --END-- [ RunTime:0.000632s ]
INFO: [ app_begin ] --START--
INFO: Run Behavior\ReadHtmlCacheBehavior [ RunTime:0.003202s ]
INFO: [ app_begin ] --END-- [ RunTime:0.003247s ]
ERR: 无法加载控制器:Index

[ 2017-10-17T10:53:03+08:00 ] ::1 /thinkphp-inaction/chapter-4/
INFO: [ app_init ] --START--
INFO: Run Behavior\BuildLiteBehavior [ RunTime:0.000011s ]
INFO: [ app_init ] --END-- [ RunTime:0.000757s ]
INFO: [ app_begin ] --START--
INFO: Run Behavior\ReadHtmlCacheBehavior [ RunTime:0.003190s ]
INFO: [ app_begin ] --END-- [ RunTime:0.003230s ]
INFO: [ app_end ] --START--
INFO: Run Behavior\ShowPageTraceBehavior [ RunTime:0.003257s ]
INFO: [ app_end ] --END-- [ RunTime:0.003303s ]

[ 2017-10-17T10:56:30+08:00 ] ::1 /thinkphp-inaction/chapter-4/
INFO: [ app_init ] --START--
INFO: Run Behavior\BuildLiteBehavior [ RunTime:0.000021s ]
INFO: [ app_init ] --END-- [ RunTime:0.000740s ]
INFO: [ app_begin ] --START--
INFO: Run Behavior\ReadHtmlCacheBehavior [ RunTime:0.003896s ]
INFO: [ app_begin ] --END-- [ RunTime:0.003956s ]
INFO: [ app_end ] --START--
INFO: Run Behavior\ShowPageTraceBehavior [ RunTime:0.003420s ]
INFO: [ app_end ] --END-- [ RunTime:0.003474s ]

[ 2017-10-17T10:58:00+08:00 ] ::1 /thinkphp-inaction/chapter-4/
INFO: [ app_init ] --START--
INFO: Run Behavior\BuildLiteBehavior [ RunTime:0.000010s ]
INFO: [ app_init ] --END-- [ RunTime:0.000710s ]
INFO: [ app_begin ] --START--
INFO: Run Behavior\ReadHtmlCacheBehavior [ RunTime:0.003425s ]
INFO: [ app_begin ] --END-- [ RunTime:0.003492s ]
INFO: [ app_end ] --START--
INFO: Run Behavior\ShowPageTraceBehavior [ RunTime:0.003441s ]
INFO: [ app_end ] --END-- [ RunTime:0.003477s ]

[ 2017-10-17T11:04:40+08:00 ] ::1 /thinkphp-inaction/chapter-4/
INFO: [ app_init ] --START--
INFO: Run Behavior\BuildLiteBehavior [ RunTime:0.000010s ]
INFO: [ app_init ] --END-- [ RunTime:0.001064s ]
INFO: [ app_begin ] --START--
INFO: Run Behavior\ReadHtmlCacheBehavior [ RunTime:0.004044s ]
INFO: [ app_begin ] --END-- [ RunTime:0.004092s ]
INFO: [ app_end ] --START--
INFO: Run Behavior\ShowPageTraceBehavior [ RunTime:0.003361s ]
INFO: [ app_end ] --END-- [ RunTime:0.003397s ]

[ 2017-10-17T11:05:04+08:00 ] ::1 /thinkphp-inaction/chapter-4/home
INFO: [ app_init ] --START--
INFO: Run Behavior\BuildLiteBehavior [ RunTime:0.000011s ]
INFO: [ app_init ] --END-- [ RunTime:0.000685s ]
INFO: [ app_begin ] --START--
INFO: Run Behavior\ReadHtmlCacheBehavior [ RunTime:0.003526s ]
INFO: [ app_begin ] --END-- [ RunTime:0.003574s ]
INFO: [ app_end ] --START--
INFO: Run Behavior\ShowPageTraceBehavior [ RunTime:0.003498s ]
INFO: [ app_end ] --END-- [ RunTime:0.003533s ]

[ 2017-10-17T11:05:11+08:00 ] ::1 /thinkphp-inaction/chapter-4/home/test
INFO: [ app_init ] --START--
INFO: Run Behavior\BuildLiteBehavior [ RunTime:0.000010s ]
INFO: [ app_init ] --END-- [ RunTime:0.000672s ]
INFO: [ app_begin ] --START--
INFO: Run Behavior\ReadHtmlCacheBehavior [ RunTime:0.004236s ]
INFO: [ app_begin ] --END-- [ RunTime:0.004279s ]
ERR: 非法操作:index

[ 2017-10-17T11:05:22+08:00 ] ::1 /thinkphp-inaction/chapter-4/home/test/test
INFO: [ app_init ] --START--
INFO: Run Behavior\BuildLiteBehavior [ RunTime:0.000009s ]
INFO: [ app_init ] --END-- [ RunTime:0.000663s ]
INFO: [ app_begin ] --START--
INFO: Run Behavior\ReadHtmlCacheBehavior [ RunTime:0.003390s ]
INFO: [ app_begin ] --END-- [ RunTime:0.003429s ]
INFO: [ app_end ] --START--
INFO: Run Behavior\ShowPageTraceBehavior [ RunTime:0.003329s ]
INFO: [ app_end ] --END-- [ RunTime:0.003365s ]

[ 2017-10-17T11:05:35+08:00 ] ::1 /thinkphp-inaction/chapter-4/home/tesxt/test
INFO: [ app_init ] --START--
INFO: Run Behavior\BuildLiteBehavior [ RunTime:0.000010s ]
INFO: [ app_init ] --END-- [ RunTime:0.000710s ]
INFO: [ app_begin ] --START--
INFO: Run Behavior\ReadHtmlCacheBehavior [ RunTime:0.003450s ]
INFO: [ app_begin ] --END-- [ RunTime:0.003496s ]
ERR: 无法加载控制器:Tesxt

[ 2017-10-17T11:05:40+08:00 ] ::1 /thinkphp-inaction/chapter-4/home/test/test
INFO: [ app_init ] --START--
INFO: Run Behavior\BuildLiteBehavior [ RunTime:0.000009s ]
INFO: [ app_init ] --END-- [ RunTime:0.000663s ]
INFO: [ app_begin ] --START--
INFO: Run Behavior\ReadHtmlCacheBehavior [ RunTime:0.003490s ]
INFO: [ app_begin ] --END-- [ RunTime:0.003531s ]
INFO: [ app_end ] --START--
INFO: Run Behavior\ShowPageTraceBehavior [ RunTime:0.003528s ]
INFO: [ app_end ] --END-- [ RunTime:0.003564s ]

[ 2017-10-17T11:06:04+08:00 ] ::1 /thinkphp-inaction/chapter-4/home/test/test
INFO: [ app_init ] --START--
INFO: Run Behavior\BuildLiteBehavior [ RunTime:0.000011s ]
INFO: [ app_init ] --END-- [ RunTime:0.000720s ]
INFO: [ app_begin ] --START--
INFO: Run Behavior\ReadHtmlCacheBehavior [ RunTime:0.003558s ]
INFO: [ app_begin ] --END-- [ RunTime:0.003600s ]
ERR: 无法加载控制器:Test

[ 2017-10-17T11:06:13+08:00 ] ::1 /thinkphp-inaction/chapter-4/home/test/test
INFO: [ app_init ] --START--
INFO: Run Behavior\BuildLiteBehavior [ RunTime:0.000010s ]
INFO: [ app_init ] --END-- [ RunTime:0.000672s ]
INFO: [ app_begin ] --START--
INFO: Run Behavior\ReadHtmlCacheBehavior [ RunTime:0.003440s ]
INFO: [ app_begin ] --END-- [ RunTime:0.003479s ]
INFO: [ app_end ] --START--
INFO: Run Behavior\ShowPageTraceBehavior [ RunTime:0.004275s ]
INFO: [ app_end ] --END-- [ RunTime:0.004314s ]

[ 2017-10-17T11:06:50+08:00 ] ::1 /thinkphp-inaction/chapter-4/home/test/test
INFO: [ app_init ] --START--
INFO: Run Behavior\BuildLiteBehavior [ RunTime:0.000011s ]
INFO: [ app_init ] --END-- [ RunTime:0.000683s ]
INFO: [ app_begin ] --START--
INFO: Run Behavior\ReadHtmlCacheBehavior [ RunTime:0.004052s ]
INFO: [ app_begin ] --END-- [ RunTime:0.004096s ]
INFO: [ app_end ] --START--
INFO: Run Behavior\ShowPageTraceBehavior [ RunTime:0.003644s ]
INFO: [ app_end ] --END-- [ RunTime:0.003684s ]

[ 2017-10-17T11:06:51+08:00 ] ::1 /thinkphp-inaction/chapter-4/home/test/test
INFO: [ app_init ] --START--
INFO: Run Behavior\BuildLiteBehavior [ RunTime:0.000011s ]
INFO: [ app_init ] --END-- [ RunTime:0.000749s ]
INFO: [ app_begin ] --START--
INFO: Run Behavior\ReadHtmlCacheBehavior [ RunTime:0.003537s ]
INFO: [ app_begin ] --END-- [ RunTime:0.003580s ]
INFO: [ app_end ] --START--
INFO: Run Behavior\ShowPageTraceBehavior [ RunTime:0.004513s ]
INFO: [ app_end ] --END-- [ RunTime:0.004572s ]

[ 2017-10-17T11:06:51+08:00 ] ::1 /thinkphp-inaction/chapter-4/home/test/test
INFO: [ app_init ] --START--
INFO: Run Behavior\BuildLiteBehavior [ RunTime:0.000012s ]
INFO: [ app_init ] --END-- [ RunTime:0.000770s ]
INFO: [ app_begin ] --START--
INFO: Run Behavior\ReadHtmlCacheBehavior [ RunTime:0.004283s ]
INFO: [ app_begin ] --END-- [ RunTime:0.004326s ]
INFO: [ app_end ] --START--
INFO: Run Behavior\ShowPageTraceBehavior [ RunTime:0.003803s ]
INFO: [ app_end ] --END-- [ RunTime:0.003846s ]

[ 2017-10-17T11:06:54+08:00 ] ::1 /thinkphp-inaction/chapter-4/home/test/test
INFO: [ app_init ] --START--
INFO: Run Behavior\BuildLiteBehavior [ RunTime:0.000012s ]
INFO: [ app_init ] --END-- [ RunTime:0.000752s ]
INFO: [ app_begin ] --START--
INFO: Run Behavior\ReadHtmlCacheBehavior [ RunTime:0.003903s ]
INFO: [ app_begin ] --END-- [ RunTime:0.003950s ]
INFO: [ app_end ] --START--
INFO: Run Behavior\ShowPageTraceBehavior [ RunTime:0.004568s ]
INFO: [ app_end ] --END-- [ RunTime:0.004608s ]

[ 2017-10-17T11:09:39+08:00 ] ::1 /thinkphp-inaction/chapter-4/home/test/test
INFO: [ app_init ] --START--
INFO: Run Behavior\BuildLiteBehavior [ RunTime:0.000010s ]
INFO: [ app_init ] --END-- [ RunTime:0.000746s ]
INFO: [ app_begin ] --START--
INFO: Run Behavior\ReadHtmlCacheBehavior [ RunTime:0.004154s ]
INFO: [ app_begin ] --END-- [ RunTime:0.004198s ]
INFO: [ app_end ] --START--
INFO: Run Behavior\ShowPageTraceBehavior [ RunTime:0.003611s ]
INFO: [ app_end ] --END-- [ RunTime:0.003664s ]

[ 2017-10-17T11:09:48+08:00 ] ::1 /thinkphp-inaction/chapter-4/home/test/list
INFO: [ app_init ] --START--
INFO: Run Behavior\BuildLiteBehavior [ RunTime:0.000009s ]
INFO: [ app_init ] --END-- [ RunTime:0.000660s ]
INFO: [ app_begin ] --START--
INFO: Run Behavior\ReadHtmlCacheBehavior [ RunTime:0.003478s ]
INFO: [ app_begin ] --END-- [ RunTime:0.003521s ]
INFO: [ app_end ] --START--
INFO: Run Behavior\ShowPageTraceBehavior [ RunTime:0.003399s ]
INFO: [ app_end ] --END-- [ RunTime:0.003438s ]

[ 2017-10-17T11:13:45+08:00 ] ::1 /thinkphp-inaction/chapter-4/home/index
INFO: [ app_init ] --START--
INFO: Run Behavior\BuildLiteBehavior [ RunTime:0.000011s ]
INFO: [ app_init ] --END-- [ RunTime:0.000700s ]
INFO: [ app_begin ] --START--
INFO: Run Behavior\ReadHtmlCacheBehavior [ RunTime:0.003610s ]
INFO: [ app_begin ] --END-- [ RunTime:0.003658s ]
ERR: 非法操作:index

[ 2017-10-17T11:14:11+08:00 ] ::1 /thinkphp-inaction/chapter-4/home/index/index
INFO: [ app_init ] --START--
INFO: Run Behavior\BuildLiteBehavior [ RunTime:0.000010s ]
INFO: [ app_init ] --END-- [ RunTime:0.000656s ]
INFO: [ app_begin ] --START--
INFO: Run Behavior\ReadHtmlCacheBehavior [ RunTime:0.003441s ]
INFO: [ app_begin ] --END-- [ RunTime:0.003482s ]
ERR: 非法操作:index

[ 2017-10-17T11:14:29+08:00 ] ::1 /thinkphp-inaction/chapter-4/
INFO: [ app_init ] --START--
INFO: Run Behavior\BuildLiteBehavior [ RunTime:0.000009s ]
INFO: [ app_init ] --END-- [ RunTime:0.000663s ]
INFO: [ app_begin ] --START--
INFO: Run Behavior\ReadHtmlCacheBehavior [ RunTime:0.003351s ]
INFO: [ app_begin ] --END-- [ RunTime:0.003395s ]
ERR: 非法操作:index

[ 2017-10-17T11:14:33+08:00 ] ::1 /thinkphp-inaction/chapter-4/
INFO: [ app_init ] --START--
INFO: Run Behavior\BuildLiteBehavior [ RunTime:0.000009s ]
INFO: [ app_init ] --END-- [ RunTime:0.000663s ]
INFO: [ app_begin ] --START--
INFO: Run Behavior\ReadHtmlCacheBehavior [ RunTime:0.003354s ]
INFO: [ app_begin ] --END-- [ RunTime:0.003395s ]
ERR: 非法操作:index

[ 2017-10-17T11:14:39+08:00 ] ::1 /thinkphp-inaction/chapter-4/
INFO: [ app_init ] --START--
INFO: Run Behavior\BuildLiteBehavior [ RunTime:0.000010s ]
INFO: [ app_init ] --END-- [ RunTime:0.000687s ]
INFO: [ app_begin ] --START--
INFO: Run Behavior\ReadHtmlCacheBehavior [ RunTime:0.003696s ]
INFO: [ app_begin ] --END-- [ RunTime:0.003742s ]
ERR: 非法操作:index

[ 2017-10-17T11:15:00+08:00 ] ::1 /thinkphp-inaction/chapter-4/home/test/test
INFO: [ app_init ] --START--
INFO: Run Behavior\BuildLiteBehavior [ RunTime:0.000010s ]
INFO: [ app_init ] --END-- [ RunTime:0.000686s ]
INFO: [ app_begin ] --START--
INFO: Run Behavior\ReadHtmlCacheBehavior [ RunTime:0.003917s ]
INFO: [ app_begin ] --END-- [ RunTime:0.003960s ]
INFO: [ app_end ] --START--
INFO: Run Behavior\ShowPageTraceBehavior [ RunTime:0.003689s ]
INFO: [ app_end ] --END-- [ RunTime:0.003751s ]

[ 2017-10-17T11:16:33+08:00 ] ::1 /thinkphp-inaction/chapter-4/
INFO: [ app_init ] --START--
INFO: Run Behavior\BuildLiteBehavior [ RunTime:0.000027s ]
INFO: [ app_init ] --END-- [ RunTime:0.001034s ]
INFO: [ app_begin ] --START--
INFO: Run Behavior\ReadHtmlCacheBehavior [ RunTime:0.003911s ]
INFO: [ app_begin ] --END-- [ RunTime:0.003949s ]
ERR: 非法操作:index

[ 2017-10-17T11:16:39+08:00 ] ::1 /thinkphp-inaction/chapter-4/
INFO: [ app_init ] --START--
INFO: Run Behavior\BuildLiteBehavior [ RunTime:0.000020s ]
INFO: [ app_init ] --END-- [ RunTime:0.000800s ]
INFO: [ app_begin ] --START--
INFO: Run Behavior\ReadHtmlCacheBehavior [ RunTime:0.003519s ]
INFO: [ app_begin ] --END-- [ RunTime:0.003563s ]
ERR: 非法操作:index

[ 2017-10-17T11:16:42+08:00 ] ::1 /thinkphp-inaction/chapter-4/
INFO: [ app_init ] --START--
INFO: Run Behavior\BuildLiteBehavior [ RunTime:0.000012s ]
INFO: [ app_init ] --END-- [ RunTime:0.000695s ]
INFO: [ app_begin ] --START--
INFO: Run Behavior\ReadHtmlCacheBehavior [ RunTime:0.003507s ]
INFO: [ app_begin ] --END-- [ RunTime:0.003549s ]
ERR: 非法操作:index

[ 2017-10-17T11:16:54+08:00 ] ::1 /thinkphp-inaction/chapter-4/
INFO: [ app_init ] --START--
INFO: Run Behavior\BuildLiteBehavior [ RunTime:0.000009s ]
INFO: [ app_init ] --END-- [ RunTime:0.000689s ]
INFO: [ app_begin ] --START--
INFO: Run Behavior\ReadHtmlCacheBehavior [ RunTime:0.004079s ]
INFO: [ app_begin ] --END-- [ RunTime:0.004125s ]
ERR: 非法操作:index

[ 2017-10-17T11:16:55+08:00 ] ::1 /thinkphp-inaction/chapter-4/
INFO: [ app_init ] --START--
INFO: Run Behavior\BuildLiteBehavior [ RunTime:0.000011s ]
INFO: [ app_init ] --END-- [ RunTime:0.000766s ]
INFO: [ app_begin ] --START--
INFO: Run Behavior\ReadHtmlCacheBehavior [ RunTime:0.004015s ]
INFO: [ app_begin ] --END-- [ RunTime:0.004114s ]
ERR: 非法操作:index

[ 2017-10-17T11:16:55+08:00 ] ::1 /thinkphp-inaction/chapter-4/
INFO: [ app_init ] --START--
INFO: Run Behavior\BuildLiteBehavior [ RunTime:0.000010s ]
INFO: [ app_init ] --END-- [ RunTime:0.000677s ]
INFO: [ app_begin ] --START--
INFO: Run Behavior\ReadHtmlCacheBehavior [ RunTime:0.003440s ]
INFO: [ app_begin ] --END-- [ RunTime:0.003486s ]
ERR: 非法操作:index

[ 2017-10-17T11:16:55+08:00 ] ::1 /thinkphp-inaction/chapter-4/
INFO: [ app_init ] --START--
INFO: Run Behavior\BuildLiteBehavior [ RunTime:0.000011s ]
INFO: [ app_init ] --END-- [ RunTime:0.000746s ]
INFO: [ app_begin ] --START--
INFO: Run Behavior\ReadHtmlCacheBehavior [ RunTime:0.003776s ]
INFO: [ app_begin ] --END-- [ RunTime:0.003825s ]
ERR: 非法操作:index

[ 2017-10-17T11:16:56+08:00 ] ::1 /thinkphp-inaction/chapter-4/
INFO: [ app_init ] --START--
INFO: Run Behavior\BuildLiteBehavior [ RunTime:0.000010s ]
INFO: [ app_init ] --END-- [ RunTime:0.000673s ]
INFO: [ app_begin ] --START--
INFO: Run Behavior\ReadHtmlCacheBehavior [ RunTime:0.003733s ]
INFO: [ app_begin ] --END-- [ RunTime:0.003778s ]
ERR: 非法操作:index

[ 2017-10-17T11:16:56+08:00 ] ::1 /thinkphp-inaction/chapter-4/
INFO: [ app_init ] --START--
INFO: Run Behavior\BuildLiteBehavior [ RunTime:0.000010s ]
INFO: [ app_init ] --END-- [ RunTime:0.000679s ]
INFO: [ app_begin ] --START--
INFO: Run Behavior\ReadHtmlCacheBehavior [ RunTime:0.003334s ]
INFO: [ app_begin ] --END-- [ RunTime:0.003378s ]
ERR: 非法操作:index

[ 2017-10-17T11:16:58+08:00 ] ::1 /thinkphp-inaction/chapter-4/
INFO: [ app_init ] --START--
INFO: Run Behavior\BuildLiteBehavior [ RunTime:0.000010s ]
INFO: [ app_init ] --END-- [ RunTime:0.000684s ]
INFO: [ app_begin ] --START--
INFO: Run Behavior\ReadHtmlCacheBehavior [ RunTime:0.003638s ]
INFO: [ app_begin ] --END-- [ RunTime:0.003683s ]
ERR: 非法操作:index

[ 2017-10-17T11:17:40+08:00 ] ::1 /thinkphp-inaction/chapter-4/
INFO: [ app_init ] --START--
INFO: Run Behavior\BuildLiteBehavior [ RunTime:0.000012s ]
INFO: [ app_init ] --END-- [ RunTime:0.000777s ]
INFO: [ app_begin ] --START--
INFO: Run Behavior\ReadHtmlCacheBehavior [ RunTime:0.003901s ]
INFO: [ app_begin ] --END-- [ RunTime:0.003950s ]
ERR: 非法操作:index

[ 2017-10-17T11:17:41+08:00 ] ::1 /thinkphp-inaction/chapter-4/
INFO: [ app_init ] --START--
INFO: Run Behavior\BuildLiteBehavior [ RunTime:0.000010s ]
INFO: [ app_init ] --END-- [ RunTime:0.000680s ]
INFO: [ app_begin ] --START--
INFO: Run Behavior\ReadHtmlCacheBehavior [ RunTime:0.003386s ]
INFO: [ app_begin ] --END-- [ RunTime:0.003435s ]
ERR: 非法操作:index

[ 2017-10-17T11:17:41+08:00 ] ::1 /thinkphp-inaction/chapter-4/
INFO: [ app_init ] --START--
INFO: Run Behavior\BuildLiteBehavior [ RunTime:0.000011s ]
INFO: [ app_init ] --END-- [ RunTime:0.000756s ]
INFO: [ app_begin ] --START--
INFO: Run Behavior\ReadHtmlCacheBehavior [ RunTime:0.003766s ]
INFO: [ app_begin ] --END-- [ RunTime:0.003816s ]
ERR: 非法操作:index

[ 2017-10-17T11:17:41+08:00 ] ::1 /thinkphp-inaction/chapter-4/
INFO: [ app_init ] --START--
INFO: Run Behavior\BuildLiteBehavior [ RunTime:0.000011s ]
INFO: [ app_init ] --END-- [ RunTime:0.000670s ]
INFO: [ app_begin ] --START--
INFO: Run Behavior\ReadHtmlCacheBehavior [ RunTime:0.003487s ]
INFO: [ app_begin ] --END-- [ RunTime:0.003528s ]
ERR: 非法操作:index

[ 2017-10-17T11:17:41+08:00 ] ::1 /thinkphp-inaction/chapter-4/
INFO: [ app_init ] --START--
INFO: Run Behavior\BuildLiteBehavior [ RunTime:0.000011s ]
INFO: [ app_init ] --END-- [ RunTime:0.000753s ]
INFO: [ app_begin ] --START--
INFO: Run Behavior\ReadHtmlCacheBehavior [ RunTime:0.003755s ]
INFO: [ app_begin ] --END-- [ RunTime:0.003804s ]
ERR: 非法操作:index

[ 2017-10-17T11:17:41+08:00 ] ::1 /thinkphp-inaction/chapter-4/
INFO: [ app_init ] --START--
INFO: Run Behavior\BuildLiteBehavior [ RunTime:0.000011s ]
INFO: [ app_init ] --END-- [ RunTime:0.000702s ]
INFO: [ app_begin ] --START--
INFO: Run Behavior\ReadHtmlCacheBehavior [ RunTime:0.003378s ]
INFO: [ app_begin ] --END-- [ RunTime:0.003422s ]
ERR: 非法操作:index

[ 2017-10-17T11:18:23+08:00 ] ::1 /thinkphp-inaction/chapter-4/
INFO: [ app_init ] --START--
INFO: Run Behavior\BuildLiteBehavior [ RunTime:0.000011s ]
INFO: [ app_init ] --END-- [ RunTime:0.000727s ]
INFO: [ app_begin ] --START--
INFO: Run Behavior\ReadHtmlCacheBehavior [ RunTime:0.003431s ]
INFO: [ app_begin ] --END-- [ RunTime:0.003475s ]
ERR: 非法操作:index

[ 2017-10-17T11:18:24+08:00 ] ::1 /thinkphp-inaction/chapter-4/
INFO: [ app_init ] --START--
INFO: Run Behavior\BuildLiteBehavior [ RunTime:0.000021s ]
INFO: [ app_init ] --END-- [ RunTime:0.000721s ]
INFO: [ app_begin ] --START--
INFO: Run Behavior\ReadHtmlCacheBehavior [ RunTime:0.004009s ]
INFO: [ app_begin ] --END-- [ RunTime:0.004056s ]
ERR: 非法操作:index

[ 2017-10-17T11:18:24+08:00 ] ::1 /thinkphp-inaction/chapter-4/
INFO: [ app_init ] --START--
INFO: Run Behavior\BuildLiteBehavior [ RunTime:0.000016s ]
INFO: [ app_init ] --END-- [ RunTime:0.000820s ]
INFO: [ app_begin ] --START--
INFO: Run Behavior\ReadHtmlCacheBehavior [ RunTime:0.003962s ]
INFO: [ app_begin ] --END-- [ RunTime:0.004022s ]
ERR: 非法操作:index

[ 2017-10-17T11:18:24+08:00 ] ::1 /thinkphp-inaction/chapter-4/
INFO: [ app_init ] --START--
INFO: Run Behavior\BuildLiteBehavior [ RunTime:0.000012s ]
INFO: [ app_init ] --END-- [ RunTime:0.000921s ]
INFO: [ app_begin ] --START--
INFO: Run Behavior\ReadHtmlCacheBehavior [ RunTime:0.003921s ]
INFO: [ app_begin ] --END-- [ RunTime:0.003968s ]
ERR: 非法操作:index

[ 2017-10-17T11:36:50+08:00 ] ::1 /thinkphp-inaction/chapter-4/
INFO: [ app_init ] --START--
INFO: Run Behavior\BuildLiteBehavior [ RunTime:0.000010s ]
INFO: [ app_init ] --END-- [ RunTime:0.000773s ]
INFO: [ app_begin ] --START--
INFO: Run Behavior\ReadHtmlCacheBehavior [ RunTime:0.003795s ]
INFO: [ app_begin ] --END-- [ RunTime:0.003842s ]
ERR: 非法操作:index

[ 2017-10-17T11:36:50+08:00 ] ::1 /thinkphp-inaction/chapter-4/
INFO: [ app_init ] --START--
INFO: Run Behavior\BuildLiteBehavior [ RunTime:0.000011s ]
INFO: [ app_init ] --END-- [ RunTime:0.000751s ]
INFO: [ app_begin ] --START--
INFO: Run Behavior\ReadHtmlCacheBehavior [ RunTime:0.003754s ]
INFO: [ app_begin ] --END-- [ RunTime:0.003800s ]
ERR: 非法操作:index

[ 2017-10-17T11:36:50+08:00 ] ::1 /thinkphp-inaction/chapter-4/
INFO: [ app_init ] --START--
INFO: Run Behavior\BuildLiteBehavior [ RunTime:0.000011s ]
INFO: [ app_init ] --END-- [ RunTime:0.000716s ]
INFO: [ app_begin ] --START--
INFO: Run Behavior\ReadHtmlCacheBehavior [ RunTime:0.004287s ]
INFO: [ app_begin ] --END-- [ RunTime:0.004333s ]
ERR: 非法操作:index

[ 2017-10-17T11:36:51+08:00 ] ::1 /thinkphp-inaction/chapter-4/
INFO: [ app_init ] --START--
INFO: Run Behavior\BuildLiteBehavior [ RunTime:0.000010s ]
INFO: [ app_init ] --END-- [ RunTime:0.000688s ]
INFO: [ app_begin ] --START--
INFO: Run Behavior\ReadHtmlCacheBehavior [ RunTime:0.004293s ]
INFO: [ app_begin ] --END-- [ RunTime:0.004340s ]
ERR: 非法操作:index

[ 2017-10-17T11:36:51+08:00 ] ::1 /thinkphp-inaction/chapter-4/
INFO: [ app_init ] --START--
INFO: Run Behavior\BuildLiteBehavior [ RunTime:0.000011s ]
INFO: [ app_init ] --END-- [ RunTime:0.000687s ]
INFO: [ app_begin ] --START--
INFO: Run Behavior\ReadHtmlCacheBehavior [ RunTime:0.003377s ]
INFO: [ app_begin ] --END-- [ RunTime:0.003420s ]
ERR: 非法操作:index

[ 2017-10-17T11:36:51+08:00 ] ::1 /thinkphp-inaction/chapter-4/
INFO: [ app_init ] --START--
INFO: Run Behavior\BuildLiteBehavior [ RunTime:0.000010s ]
INFO: [ app_init ] --END-- [ RunTime:0.000700s ]
INFO: [ app_begin ] --START--
INFO: Run Behavior\ReadHtmlCacheBehavior [ RunTime:0.003445s ]
INFO: [ app_begin ] --END-- [ RunTime:0.003492s ]
ERR: 非法操作:index

[ 2017-10-17T11:36:51+08:00 ] ::1 /thinkphp-inaction/chapter-4/
INFO: [ app_init ] --START--
INFO: Run Behavior\BuildLiteBehavior [ RunTime:0.000011s ]
INFO: [ app_init ] --END-- [ RunTime:0.000751s ]
INFO: [ app_begin ] --START--
INFO: Run Behavior\ReadHtmlCacheBehavior [ RunTime:0.003788s ]
INFO: [ app_begin ] --END-- [ RunTime:0.003837s ]
ERR: 非法操作:index

[ 2017-10-17T11:37:42+08:00 ] ::1 /thinkphp-inaction/chapter-4/
INFO: [ app_init ] --START--
INFO: Run Behavior\BuildLiteBehavior [ RunTime:0.000011s ]
INFO: [ app_init ] --END-- [ RunTime:0.000853s ]
INFO: [ app_begin ] --START--
INFO: Run Behavior\ReadHtmlCacheBehavior [ RunTime:0.003411s ]
INFO: [ app_begin ] --END-- [ RunTime:0.003453s ]
ERR: 非法操作:index

[ 2017-10-17T11:37:49+08:00 ] ::1 /thinkphp-inaction/chapter-4/
INFO: [ app_init ] --START--
INFO: Run Behavior\BuildLiteBehavior [ RunTime:0.000009s ]
INFO: [ app_init ] --END-- [ RunTime:0.000662s ]
INFO: [ app_begin ] --START--
INFO: Run Behavior\ReadHtmlCacheBehavior [ RunTime:0.003410s ]
INFO: [ app_begin ] --END-- [ RunTime:0.003470s ]
ERR: 非法操作:index

[ 2017-10-17T11:39:38+08:00 ] ::1 /thinkphp-inaction/chapter-4/
INFO: [ app_init ] --START--
INFO: Run Behavior\BuildLiteBehavior [ RunTime:0.000012s ]
INFO: [ app_init ] --END-- [ RunTime:0.000773s ]
INFO: [ app_begin ] --START--
INFO: Run Behavior\ReadHtmlCacheBehavior [ RunTime:0.004542s ]
INFO: [ app_begin ] --END-- [ RunTime:0.004591s ]
ERR: 非法操作:index

[ 2017-10-17T11:39:38+08:00 ] ::1 /thinkphp-inaction/chapter-4/
INFO: [ app_init ] --START--
INFO: Run Behavior\BuildLiteBehavior [ RunTime:0.000010s ]
INFO: [ app_init ] --END-- [ RunTime:0.000688s ]
INFO: [ app_begin ] --START--
INFO: Run Behavior\ReadHtmlCacheBehavior [ RunTime:0.003364s ]
INFO: [ app_begin ] --END-- [ RunTime:0.003408s ]
ERR: 非法操作:index

[ 2017-10-17T11:39:38+08:00 ] ::1 /thinkphp-inaction/chapter-4/
INFO: [ app_init ] --START--
INFO: Run Behavior\BuildLiteBehavior [ RunTime:0.000010s ]
INFO: [ app_init ] --END-- [ RunTime:0.000707s ]
INFO: [ app_begin ] --START--
INFO: Run Behavior\ReadHtmlCacheBehavior [ RunTime:0.003465s ]
INFO: [ app_begin ] --END-- [ RunTime:0.003509s ]
ERR: 非法操作:index

[ 2017-10-17T11:39:38+08:00 ] ::1 /thinkphp-inaction/chapter-4/
INFO: [ app_init ] --START--
INFO: Run Behavior\BuildLiteBehavior [ RunTime:0.000010s ]
INFO: [ app_init ] --END-- [ RunTime:0.000689s ]
INFO: [ app_begin ] --START--
INFO: Run Behavior\ReadHtmlCacheBehavior [ RunTime:0.003369s ]
INFO: [ app_begin ] --END-- [ RunTime:0.003412s ]
ERR: 非法操作:index

[ 2017-10-17T11:39:39+08:00 ] ::1 /thinkphp-inaction/chapter-4/
INFO: [ app_init ] --START--
INFO: Run Behavior\BuildLiteBehavior [ RunTime:0.000024s ]
INFO: [ app_init ] --END-- [ RunTime:0.000742s ]
INFO: [ app_begin ] --START--
INFO: Run Behavior\ReadHtmlCacheBehavior [ RunTime:0.005079s ]
INFO: [ app_begin ] --END-- [ RunTime:0.005131s ]
ERR: 非法操作:index

[ 2017-10-17T11:39:39+08:00 ] ::1 /thinkphp-inaction/chapter-4/
INFO: [ app_init ] --START--
INFO: Run Behavior\BuildLiteBehavior [ RunTime:0.000011s ]
INFO: [ app_init ] --END-- [ RunTime:0.000706s ]
INFO: [ app_begin ] --START--
INFO: Run Behavior\ReadHtmlCacheBehavior [ RunTime:0.003837s ]
INFO: [ app_begin ] --END-- [ RunTime:0.003897s ]
ERR: 非法操作:index

[ 2017-10-17T11:40:17+08:00 ] ::1 /thinkphp-inaction/chapter-4/
INFO: [ app_init ] --START--
INFO: Run Behavior\BuildLiteBehavior [ RunTime:0.000010s ]
INFO: [ app_init ] --END-- [ RunTime:0.000679s ]
INFO: [ app_begin ] --START--
INFO: Run Behavior\ReadHtmlCacheBehavior [ RunTime:0.004060s ]
INFO: [ app_begin ] --END-- [ RunTime:0.004103s ]
ERR: 非法操作:index

[ 2017-10-17T11:40:17+08:00 ] ::1 /thinkphp-inaction/chapter-4/
INFO: [ app_init ] --START--
INFO: Run Behavior\BuildLiteBehavior [ RunTime:0.000011s ]
INFO: [ app_init ] --END-- [ RunTime:0.000754s ]
INFO: [ app_begin ] --START--
INFO: Run Behavior\ReadHtmlCacheBehavior [ RunTime:0.003848s ]
INFO: [ app_begin ] --END-- [ RunTime:0.003898s ]
ERR: 非法操作:index

[ 2017-10-17T11:40:18+08:00 ] ::1 /thinkphp-inaction/chapter-4/
INFO: [ app_init ] --START--
INFO: Run Behavior\BuildLiteBehavior [ RunTime:0.000010s ]
INFO: [ app_init ] --END-- [ RunTime:0.000672s ]
INFO: [ app_begin ] --START--
INFO: Run Behavior\ReadHtmlCacheBehavior [ RunTime:0.003341s ]
INFO: [ app_begin ] --END-- [ RunTime:0.003384s ]
ERR: 非法操作:index

[ 2017-10-17T11:40:18+08:00 ] ::1 /thinkphp-inaction/chapter-4/
INFO: [ app_init ] --START--
INFO: Run Behavior\BuildLiteBehavior [ RunTime:0.000010s ]
INFO: [ app_init ] --END-- [ RunTime:0.000674s ]
INFO: [ app_begin ] --START--
INFO: Run Behavior\ReadHtmlCacheBehavior [ RunTime:0.003333s ]
INFO: [ app_begin ] --END-- [ RunTime:0.003377s ]
ERR: 非法操作:index

[ 2017-10-17T11:40:18+08:00 ] ::1 /thinkphp-inaction/chapter-4/
INFO: [ app_init ] --START--
INFO: Run Behavior\BuildLiteBehavior [ RunTime:0.000013s ]
INFO: [ app_init ] --END-- [ RunTime:0.001195s ]
INFO: [ app_begin ] --START--
INFO: Run Behavior\ReadHtmlCacheBehavior [ RunTime:0.004747s ]
INFO: [ app_begin ] --END-- [ RunTime:0.004794s ]
ERR: 非法操作:index

[ 2017-10-17T11:40:18+08:00 ] ::1 /thinkphp-inaction/chapter-4/
INFO: [ app_init ] --START--
INFO: Run Behavior\BuildLiteBehavior [ RunTime:0.000010s ]
INFO: [ app_init ] --END-- [ RunTime:0.000673s ]
INFO: [ app_begin ] --START--
INFO: Run Behavior\ReadHtmlCacheBehavior [ RunTime:0.003845s ]
INFO: [ app_begin ] --END-- [ RunTime:0.003895s ]
ERR: 非法操作:index

[ 2017-10-17T11:40:18+08:00 ] ::1 /thinkphp-inaction/chapter-4/
INFO: [ app_init ] --START--
INFO: Run Behavior\BuildLiteBehavior [ RunTime:0.000012s ]
INFO: [ app_init ] --END-- [ RunTime:0.000790s ]
INFO: [ app_begin ] --START--
INFO: Run Behavior\ReadHtmlCacheBehavior [ RunTime:0.003781s ]
INFO: [ app_begin ] --END-- [ RunTime:0.003835s ]
ERR: 非法操作:index

[ 2017-10-17T11:40:19+08:00 ] ::1 /thinkphp-inaction/chapter-4/
INFO: [ app_init ] --START--
INFO: Run Behavior\BuildLiteBehavior [ RunTime:0.000011s ]
INFO: [ app_init ] --END-- [ RunTime:0.000693s ]
INFO: [ app_begin ] --START--
INFO: Run Behavior\ReadHtmlCacheBehavior [ RunTime:0.003410s ]
INFO: [ app_begin ] --END-- [ RunTime:0.003454s ]
ERR: 非法操作:index

[ 2017-10-17T11:40:19+08:00 ] ::1 /thinkphp-inaction/chapter-4/
INFO: [ app_init ] --START--
INFO: Run Behavior\BuildLiteBehavior [ RunTime:0.000011s ]
INFO: [ app_init ] --END-- [ RunTime:0.000750s ]
INFO: [ app_begin ] --START--
INFO: Run Behavior\ReadHtmlCacheBehavior [ RunTime:0.003758s ]
INFO: [ app_begin ] --END-- [ RunTime:0.003808s ]
ERR: 非法操作:index

[ 2017-10-17T11:40:19+08:00 ] ::1 /thinkphp-inaction/chapter-4/
INFO: [ app_init ] --START--
INFO: Run Behavior\BuildLiteBehavior [ RunTime:0.000012s ]
INFO: [ app_init ] --END-- [ RunTime:0.000753s ]
INFO: [ app_begin ] --START--
INFO: Run Behavior\ReadHtmlCacheBehavior [ RunTime:0.003509s ]
INFO: [ app_begin ] --END-- [ RunTime:0.003562s ]
ERR: 非法操作:index

[ 2017-10-17T11:40:19+08:00 ] ::1 /thinkphp-inaction/chapter-4/
INFO: [ app_init ] --START--
INFO: Run Behavior\BuildLiteBehavior [ RunTime:0.000011s ]
INFO: [ app_init ] --END-- [ RunTime:0.000695s ]
INFO: [ app_begin ] --START--
INFO: Run Behavior\ReadHtmlCacheBehavior [ RunTime:0.003474s ]
INFO: [ app_begin ] --END-- [ RunTime:0.003520s ]
ERR: 非法操作:index

[ 2017-10-17T11:40:19+08:00 ] ::1 /thinkphp-inaction/chapter-4/
INFO: [ app_init ] --START--
INFO: Run Behavior\BuildLiteBehavior [ RunTime:0.000023s ]
INFO: [ app_init ] --END-- [ RunTime:0.001141s ]
INFO: [ app_begin ] --START--
INFO: Run Behavior\ReadHtmlCacheBehavior [ RunTime:0.004832s ]
INFO: [ app_begin ] --END-- [ RunTime:0.004927s ]
ERR: 非法操作:index

[ 2017-10-17T11:40:20+08:00 ] ::1 /thinkphp-inaction/chapter-4/
INFO: [ app_init ] --START--
INFO: Run Behavior\BuildLiteBehavior [ RunTime:0.000017s ]
INFO: [ app_init ] --END-- [ RunTime:0.000836s ]
INFO: [ app_begin ] --START--
INFO: Run Behavior\ReadHtmlCacheBehavior [ RunTime:0.003662s ]
INFO: [ app_begin ] --END-- [ RunTime:0.003710s ]
ERR: 非法操作:index

[ 2017-10-17T11:40:20+08:00 ] ::1 /thinkphp-inaction/chapter-4/
INFO: [ app_init ] --START--
INFO: Run Behavior\BuildLiteBehavior [ RunTime:0.000011s ]
INFO: [ app_init ] --END-- [ RunTime:0.000689s ]
INFO: [ app_begin ] --START--
INFO: Run Behavior\ReadHtmlCacheBehavior [ RunTime:0.003454s ]
INFO: [ app_begin ] --END-- [ RunTime:0.003503s ]
ERR: 非法操作:index

[ 2017-10-17T11:40:20+08:00 ] ::1 /thinkphp-inaction/chapter-4/
INFO: [ app_init ] --START--
INFO: Run Behavior\BuildLiteBehavior [ RunTime:0.000014s ]
INFO: [ app_init ] --END-- [ RunTime:0.000995s ]
INFO: [ app_begin ] --START--
INFO: Run Behavior\ReadHtmlCacheBehavior [ RunTime:0.003837s ]
INFO: [ app_begin ] --END-- [ RunTime:0.003897s ]
ERR: 非法操作:index

[ 2017-10-17T11:40:20+08:00 ] ::1 /thinkphp-inaction/chapter-4/
INFO: [ app_init ] --START--
INFO: Run Behavior\BuildLiteBehavior [ RunTime:0.000034s ]
INFO: [ app_init ] --END-- [ RunTime:0.001037s ]
INFO: [ app_begin ] --START--
INFO: Run Behavior\ReadHtmlCacheBehavior [ RunTime:0.004368s ]
INFO: [ app_begin ] --END-- [ RunTime:0.004423s ]
ERR: 非法操作:index

[ 2017-10-17T11:40:23+08:00 ] ::1 /thinkphp-inaction/chapter-4/
INFO: [ app_init ] --START--
INFO: Run Behavior\BuildLiteBehavior [ RunTime:0.000009s ]
INFO: [ app_init ] --END-- [ RunTime:0.000691s ]
INFO: [ app_begin ] --START--
INFO: Run Behavior\ReadHtmlCacheBehavior [ RunTime:0.003439s ]
INFO: [ app_begin ] --END-- [ RunTime:0.003482s ]
ERR: 非法操作:index

[ 2017-10-17T11:40:25+08:00 ] ::1 /thinkphp-inaction/chapter-4/
INFO: [ app_init ] --START--
INFO: Run Behavior\BuildLiteBehavior [ RunTime:0.000010s ]
INFO: [ app_init ] --END-- [ RunTime:0.000659s ]
INFO: [ app_begin ] --START--
INFO: Run Behavior\ReadHtmlCacheBehavior [ RunTime:0.003378s ]
INFO: [ app_begin ] --END-- [ RunTime:0.003418s ]
ERR: 非法操作:index

[ 2017-10-17T11:40:26+08:00 ] ::1 /thinkphp-inaction/chapter-4/
INFO: [ app_init ] --START--
INFO: Run Behavior\BuildLiteBehavior [ RunTime:0.000010s ]
INFO: [ app_init ] --END-- [ RunTime:0.000668s ]
INFO: [ app_begin ] --START--
INFO: Run Behavior\ReadHtmlCacheBehavior [ RunTime:0.003334s ]
INFO: [ app_begin ] --END-- [ RunTime:0.003380s ]
ERR: 非法操作:index

[ 2017-10-17T11:40:26+08:00 ] ::1 /thinkphp-inaction/chapter-4/
INFO: [ app_init ] --START--
INFO: Run Behavior\BuildLiteBehavior [ RunTime:0.000011s ]
INFO: [ app_init ] --END-- [ RunTime:0.000761s ]
INFO: [ app_begin ] --START--
INFO: Run Behavior\ReadHtmlCacheBehavior [ RunTime:0.003817s ]
INFO: [ app_begin ] --END-- [ RunTime:0.003867s ]
ERR: 非法操作:index

[ 2017-10-17T11:40:26+08:00 ] ::1 /thinkphp-inaction/chapter-4/
INFO: [ app_init ] --START--
INFO: Run Behavior\BuildLiteBehavior [ RunTime:0.000011s ]
INFO: [ app_init ] --END-- [ RunTime:0.000753s ]
INFO: [ app_begin ] --START--
INFO: Run Behavior\ReadHtmlCacheBehavior [ RunTime:0.003778s ]
INFO: [ app_begin ] --END-- [ RunTime:0.003823s ]
ERR: 非法操作:index

[ 2017-10-17T11:40:26+08:00 ] ::1 /thinkphp-inaction/chapter-4/
INFO: [ app_init ] --START--
INFO: Run Behavior\BuildLiteBehavior [ RunTime:0.000010s ]
INFO: [ app_init ] --END-- [ RunTime:0.000737s ]
INFO: [ app_begin ] --START--
INFO: Run Behavior\ReadHtmlCacheBehavior [ RunTime:0.004488s ]
INFO: [ app_begin ] --END-- [ RunTime:0.004537s ]
ERR: 非法操作:index

[ 2017-10-17T11:41:10+08:00 ] ::1 /thinkphp-inaction/chapter-4/
INFO: [ app_init ] --START--
INFO: Run Behavior\BuildLiteBehavior [ RunTime:0.000011s ]
INFO: [ app_init ] --END-- [ RunTime:0.000747s ]
INFO: [ app_begin ] --START--
INFO: Run Behavior\ReadHtmlCacheBehavior [ RunTime:0.003462s ]
INFO: [ app_begin ] --END-- [ RunTime:0.003506s ]
ERR: 非法操作:index

[ 2017-10-17T11:41:11+08:00 ] ::1 /thinkphp-inaction/chapter-4/
INFO: [ app_init ] --START--
INFO: Run Behavior\BuildLiteBehavior [ RunTime:0.000011s ]
INFO: [ app_init ] --END-- [ RunTime:0.000675s ]
INFO: [ app_begin ] --START--
INFO: Run Behavior\ReadHtmlCacheBehavior [ RunTime:0.003433s ]
INFO: [ app_begin ] --END-- [ RunTime:0.003476s ]
INFO: [ app_end ] --START--
INFO: Run Behavior\ShowPageTraceBehavior [ RunTime:0.003806s ]
INFO: [ app_end ] --END-- [ RunTime:0.003849s ]

[ 2017-10-17T11:41:11+08:00 ] ::1 /thinkphp-inaction/chapter-4/
INFO: [ app_init ] --START--
INFO: Run Behavior\BuildLiteBehavior [ RunTime:0.000011s ]
INFO: [ app_init ] --END-- [ RunTime:0.001118s ]
INFO: [ app_begin ] --START--
INFO: Run Behavior\ReadHtmlCacheBehavior [ RunTime:0.004232s ]
INFO: [ app_begin ] --END-- [ RunTime:0.004279s ]
INFO: [ app_end ] --START--
INFO: Run Behavior\ShowPageTraceBehavior [ RunTime:0.003768s ]
INFO: [ app_end ] --END-- [ RunTime:0.003808s ]

[ 2017-10-17T11:41:11+08:00 ] ::1 /thinkphp-inaction/chapter-4/
INFO: [ app_init ] --START--
INFO: Run Behavior\BuildLiteBehavior [ RunTime:0.000010s ]
INFO: [ app_init ] --END-- [ RunTime:0.000691s ]
INFO: [ app_begin ] --START--
INFO: Run Behavior\ReadHtmlCacheBehavior [ RunTime:0.004286s ]
INFO: [ app_begin ] --END-- [ RunTime:0.004332s ]
INFO: [ app_end ] --START--
INFO: Run Behavior\ShowPageTraceBehavior [ RunTime:0.003427s ]
INFO: [ app_end ] --END-- [ RunTime:0.003464s ]

[ 2017-10-17T11:41:12+08:00 ] ::1 /thinkphp-inaction/chapter-4/
INFO: [ app_init ] --START--
INFO: Run Behavior\BuildLiteBehavior [ RunTime:0.000010s ]
INFO: [ app_init ] --END-- [ RunTime:0.000679s ]
INFO: [ app_begin ] --START--
INFO: Run Behavior\ReadHtmlCacheBehavior [ RunTime:0.003446s ]
INFO: [ app_begin ] --END-- [ RunTime:0.003490s ]
INFO: [ app_end ] --START--
INFO: Run Behavior\ShowPageTraceBehavior [ RunTime:0.004409s ]
INFO: [ app_end ] --END-- [ RunTime:0.004458s ]

[ 2017-10-17T11:41:12+08:00 ] ::1 /thinkphp-inaction/chapter-4/
INFO: [ app_init ] --START--
INFO: Run Behavior\BuildLiteBehavior [ RunTime:0.000010s ]
INFO: [ app_init ] --END-- [ RunTime:0.000667s ]
INFO: [ app_begin ] --START--
INFO: Run Behavior\ReadHtmlCacheBehavior [ RunTime:0.003471s ]
INFO: [ app_begin ] --END-- [ RunTime:0.003517s ]
INFO: [ app_end ] --START--
INFO: Run Behavior\ShowPageTraceBehavior [ RunTime:0.003492s ]
INFO: [ app_end ] --END-- [ RunTime:0.003540s ]

[ 2017-10-17T11:41:13+08:00 ] ::1 /thinkphp-inaction/chapter-4/
INFO: [ app_init ] --START--
INFO: Run Behavior\BuildLiteBehavior [ RunTime:0.000011s ]
INFO: [ app_init ] --END-- [ RunTime:0.000753s ]
INFO: [ app_begin ] --START--
INFO: Run Behavior\ReadHtmlCacheBehavior [ RunTime:0.003433s ]
INFO: [ app_begin ] --END-- [ RunTime:0.003478s ]
INFO: [ app_end ] --START--
INFO: Run Behavior\ShowPageTraceBehavior [ RunTime:0.003440s ]
INFO: [ app_end ] --END-- [ RunTime:0.003485s ]

[ 2017-10-17T11:41:14+08:00 ] ::1 /thinkphp-inaction/chapter-4/
INFO: [ app_init ] --START--
INFO: Run Behavior\BuildLiteBehavior [ RunTime:0.000010s ]
INFO: [ app_init ] --END-- [ RunTime:0.000697s ]
INFO: [ app_begin ] --START--
INFO: Run Behavior\ReadHtmlCacheBehavior [ RunTime:0.003517s ]
INFO: [ app_begin ] --END-- [ RunTime:0.003561s ]
INFO: [ app_end ] --START--
INFO: Run Behavior\ShowPageTraceBehavior [ RunTime:0.003392s ]
INFO: [ app_end ] --END-- [ RunTime:0.003428s ]

[ 2017-10-17T11:41:28+08:00 ] ::1 /thinkphp-inaction/chapter-4/
INFO: [ app_init ] --START--
INFO: Run Behavior\BuildLiteBehavior [ RunTime:0.000011s ]
INFO: [ app_init ] --END-- [ RunTime:0.000775s ]
INFO: [ app_begin ] --START--
INFO: Run Behavior\ReadHtmlCacheBehavior [ RunTime:0.004084s ]
INFO: [ app_begin ] --END-- [ RunTime:0.004159s ]
INFO: [ app_end ] --START--
INFO: Run Behavior\ShowPageTraceBehavior [ RunTime:0.003593s ]
INFO: [ app_end ] --END-- [ RunTime:0.003637s ]

[ 2017-10-17T11:41:52+08:00 ] ::1 /thinkphp-inaction/chapter-4/
INFO: [ app_init ] --START--
INFO: Run Behavior\BuildLiteBehavior [ RunTime:0.000011s ]
INFO: [ app_init ] --END-- [ RunTime:0.000749s ]
INFO: [ app_begin ] --START--
INFO: Run Behavior\ReadHtmlCacheBehavior [ RunTime:0.003753s ]
INFO: [ app_begin ] --END-- [ RunTime:0.003799s ]
INFO: [ app_end ] --START--
INFO: Run Behavior\ShowPageTraceBehavior [ RunTime:0.003768s ]
INFO: [ app_end ] --END-- [ RunTime:0.003812s ]

[ 2017-10-17T11:41:52+08:00 ] ::1 /thinkphp-inaction/chapter-4/
INFO: [ app_init ] --START--
INFO: Run Behavior\BuildLiteBehavior [ RunTime:0.000010s ]
INFO: [ app_init ] --END-- [ RunTime:0.000687s ]
INFO: [ app_begin ] --START--
INFO: Run Behavior\ReadHtmlCacheBehavior [ RunTime:0.003442s ]
INFO: [ app_begin ] --END-- [ RunTime:0.003483s ]
ERR: 非法操作:index

[ 2017-10-17T11:41:53+08:00 ] ::1 /thinkphp-inaction/chapter-4/
INFO: [ app_init ] --START--
INFO: Run Behavior\BuildLiteBehavior [ RunTime:0.000010s ]
INFO: [ app_init ] --END-- [ RunTime:0.000670s ]
INFO: [ app_begin ] --START--
INFO: Run Behavior\ReadHtmlCacheBehavior [ RunTime:0.003448s ]
INFO: [ app_begin ] --END-- [ RunTime:0.003492s ]
ERR: 非法操作:index

[ 2017-10-17T11:43:10+08:00 ] ::1 /thinkphp-inaction/chapter-4/
INFO: [ app_init ] --START--
INFO: Run Behavior\BuildLiteBehavior [ RunTime:0.000012s ]
INFO: [ app_init ] --END-- [ RunTime:0.000834s ]
INFO: [ app_begin ] --START--
INFO: Run Behavior\ReadHtmlCacheBehavior [ RunTime:0.003501s ]
INFO: [ app_begin ] --END-- [ RunTime:0.003545s ]
INFO: [ app_end ] --START--
INFO: Run Behavior\ShowPageTraceBehavior [ RunTime:0.004079s ]
INFO: [ app_end ] --END-- [ RunTime:0.004130s ]

[ 2017-10-17T11:43:42+08:00 ] ::1 /thinkphp-inaction/chapter-4/home/index
INFO: [ app_init ] --START--
INFO: Run Behavior\BuildLiteBehavior [ RunTime:0.000009s ]
INFO: [ app_init ] --END-- [ RunTime:0.000725s ]
INFO: [ app_begin ] --START--
INFO: Run Behavior\ReadHtmlCacheBehavior [ RunTime:0.003420s ]
INFO: [ app_begin ] --END-- [ RunTime:0.003459s ]
INFO: [ app_end ] --START--
INFO: Run Behavior\ShowPageTraceBehavior [ RunTime:0.003701s ]
INFO: [ app_end ] --END-- [ RunTime:0.003748s ]

[ 2017-10-17T11:49:19+08:00 ] ::1 /thinkphp-inaction/chapter-4/home/index/bind/id/1
INFO: [ app_init ] --START--
INFO: Run Behavior\BuildLiteBehavior [ RunTime:0.000010s ]
INFO: [ app_init ] --END-- [ RunTime:0.000712s ]
INFO: [ app_begin ] --START--
INFO: Run Behavior\ReadHtmlCacheBehavior [ RunTime:0.003525s ]
INFO: [ app_begin ] --END-- [ RunTime:0.003567s ]
INFO: [ app_end ] --START--
INFO: Run Behavior\ShowPageTraceBehavior [ RunTime:0.003530s ]
INFO: [ app_end ] --END-- [ RunTime:0.003568s ]

[ 2017-10-17T11:49:26+08:00 ] ::1 /thinkphp-inaction/chapter-4/home/index/bind/
INFO: [ app_init ] --START--
INFO: Run Behavior\BuildLiteBehavior [ RunTime:0.000010s ]
INFO: [ app_init ] --END-- [ RunTime:0.000699s ]
INFO: [ app_begin ] --START--
INFO: Run Behavior\ReadHtmlCacheBehavior [ RunTime:0.003559s ]
INFO: [ app_begin ] --END-- [ RunTime:0.003602s ]
ERR: 参数错误或者未定义:id

[ 2017-10-17T11:49:32+08:00 ] ::1 /thinkphp-inaction/chapter-4/home/index/bind/id/
INFO: [ app_init ] --START--
INFO: Run Behavior\BuildLiteBehavior [ RunTime:0.000010s ]
INFO: [ app_init ] --END-- [ RunTime:0.000659s ]
INFO: [ app_begin ] --START--
INFO: Run Behavior\ReadHtmlCacheBehavior [ RunTime:0.003465s ]
INFO: [ app_begin ] --END-- [ RunTime:0.003507s ]
ERR: 参数错误或者未定义:id

[ 2017-10-17T11:49:37+08:00 ] ::1 /thinkphp-inaction/chapter-4/home/index/bind/id/123213
INFO: [ app_init ] --START--
INFO: Run Behavior\BuildLiteBehavior [ RunTime:0.000010s ]
INFO: [ app_init ] --END-- [ RunTime:0.000679s ]
INFO: [ app_begin ] --START--
INFO: Run Behavior\ReadHtmlCacheBehavior [ RunTime:0.003617s ]
INFO: [ app_begin ] --END-- [ RunTime:0.003658s ]
INFO: [ app_end ] --START--
INFO: Run Behavior\ShowPageTraceBehavior [ RunTime:0.003539s ]
INFO: [ app_end ] --END-- [ RunTime:0.003576s ]

[ 2017-10-17T11:51:59+08:00 ] ::1 /thinkphp-inaction/chapter-4/home/index/bind
INFO: [ app_init ] --START--
INFO: Run Behavior\BuildLiteBehavior [ RunTime:0.000010s ]
INFO: [ app_init ] --END-- [ RunTime:0.000663s ]
INFO: [ app_begin ] --START--
INFO: Run Behavior\ReadHtmlCacheBehavior [ RunTime:0.003423s ]
INFO: [ app_begin ] --END-- [ RunTime:0.003464s ]
INFO: [ app_end ] --START--
INFO: Run Behavior\ShowPageTraceBehavior [ RunTime:0.003540s ]
INFO: [ app_end ] --END-- [ RunTime:0.003581s ]

[ 2017-10-17T12:46:56+08:00 ] ::1 /thinkphp-inaction/chapter-4/home/index/index
INFO: [ app_init ] --START--
INFO: Run Behavior\BuildLiteBehavior [ RunTime:0.000024s ]
INFO: [ app_init ] --END-- [ RunTime:0.000829s ]
INFO: [ app_begin ] --START--
INFO: Run Behavior\ReadHtmlCacheBehavior [ RunTime:0.003774s ]
INFO: [ app_begin ] --END-- [ RunTime:0.003816s ]
INFO: [ app_end ] --START--
INFO: Run Behavior\ShowPageTraceBehavior [ RunTime:0.003537s ]
INFO: [ app_end ] --END-- [ RunTime:0.003576s ]

[ 2017-10-17T12:47:03+08:00 ] ::1 /thinkphp-inaction/chapter-4/home/index/index.html
INFO: [ app_init ] --START--
INFO: Run Behavior\BuildLiteBehavior [ RunTime:0.000010s ]
INFO: [ app_init ] --END-- [ RunTime:0.000690s ]
INFO: [ app_begin ] --START--
INFO: Run Behavior\ReadHtmlCacheBehavior [ RunTime:0.003455s ]
INFO: [ app_begin ] --END-- [ RunTime:0.003524s ]
INFO: [ app_end ] --START--
INFO: Run Behavior\ShowPageTraceBehavior [ RunTime:0.003487s ]
INFO: [ app_end ] --END-- [ RunTime:0.003529s ]

[ 2017-10-17T14:08:36+08:00 ] ::1 /thinkphp-inaction/chapter-4/home/index/index.html
INFO: [ app_init ] --START--
INFO: Run Behavior\BuildLiteBehavior [ RunTime:0.000012s ]
INFO: [ app_init ] --END-- [ RunTime:0.000740s ]
INFO: [ app_begin ] --START--
INFO: Run Behavior\ReadHtmlCacheBehavior [ RunTime:0.003449s ]
INFO: [ app_begin ] --END-- [ RunTime:0.003490s ]

[ 2017-10-17T14:08:54+08:00 ] ::1 /thinkphp-inaction/chapter-4/home/index/index.shtml
INFO: [ app_init ] --START--
INFO: Run Behavior\BuildLiteBehavior [ RunTime:0.000010s ]
INFO: [ app_init ] --END-- [ RunTime:0.000675s ]
INFO: [ app_begin ] --START--
INFO: Run Behavior\ReadHtmlCacheBehavior [ RunTime:0.004052s ]
INFO: [ app_begin ] --END-- [ RunTime:0.004095s ]
ERR: 非法操作:index.shtml

[ 2017-10-17T14:08:58+08:00 ] ::1 /thinkphp-inaction/chapter-4/home/index
INFO: [ app_init ] --START--
INFO: Run Behavior\BuildLiteBehavior [ RunTime:0.000012s ]
INFO: [ app_init ] --END-- [ RunTime:0.001169s ]
INFO: [ app_begin ] --START--
INFO: Run Behavior\ReadHtmlCacheBehavior [ RunTime:0.004302s ]
INFO: [ app_begin ] --END-- [ RunTime:0.004346s ]

[ 2017-10-17T14:09:13+08:00 ] ::1 /thinkphp-inaction/chapter-4/home/bind
INFO: [ app_init ] --START--
INFO: Run Behavior\BuildLiteBehavior [ RunTime:0.000010s ]
INFO: [ app_init ] --END-- [ RunTime:0.000668s ]
INFO: [ app_begin ] --START--
INFO: Run Behavior\ReadHtmlCacheBehavior [ RunTime:0.003634s ]
INFO: [ app_begin ] --END-- [ RunTime:0.003688s ]
ERR: 无法加载控制器:Bind

[ 2017-10-17T14:09:30+08:00 ] ::1 /thinkphp-inaction/chapter-4/home/index/bind
INFO: [ app_init ] --START--
INFO: Run Behavior\BuildLiteBehavior [ RunTime:0.000010s ]
INFO: [ app_init ] --END-- [ RunTime:0.000725s ]
INFO: [ app_begin ] --START--
INFO: Run Behavior\ReadHtmlCacheBehavior [ RunTime:0.003961s ]
INFO: [ app_begin ] --END-- [ RunTime:0.004003s ]
INFO: [ app_end ] --START--
INFO: Run Behavior\ShowPageTraceBehavior [ RunTime:0.004078s ]
INFO: [ app_end ] --END-- [ RunTime:0.004113s ]

[ 2017-10-17T14:10:00+08:00 ] ::1 /thinkphp-inaction/chapter-4/index.php/Home/Blog/view/id/1.shtml
INFO: [ app_init ] --START--
INFO: Run Behavior\BuildLiteBehavior [ RunTime:0.000011s ]
INFO: [ app_init ] --END-- [ RunTime:0.000709s ]
INFO: [ app_begin ] --START--
INFO: Run Behavior\ReadHtmlCacheBehavior [ RunTime:0.004403s ]
INFO: [ app_begin ] --END-- [ RunTime:0.004445s ]
ERR: 无法加载控制器:Blog

[ 2017-10-17T14:10:03+08:00 ] ::1 /thinkphp-inaction/chapter-4/home/index/bind
INFO: [ app_init ] --START--
INFO: Run Behavior\BuildLiteBehavior [ RunTime:0.000010s ]
INFO: [ app_init ] --END-- [ RunTime:0.000690s ]
INFO: [ app_begin ] --START--
INFO: Run Behavior\ReadHtmlCacheBehavior [ RunTime:0.003657s ]
INFO: [ app_begin ] --END-- [ RunTime:0.003716s ]
INFO: [ app_end ] --START--
INFO: Run Behavior\ShowPageTraceBehavior [ RunTime:0.003525s ]
INFO: [ app_end ] --END-- [ RunTime:0.003568s ]

[ 2017-10-17T14:10:40+08:00 ] ::1 /thinkphp-inaction/chapter-4/home/index
INFO: [ app_init ] --START--
INFO: Run Behavior\BuildLiteBehavior [ RunTime:0.000009s ]
INFO: [ app_init ] --END-- [ RunTime:0.000719s ]
INFO: [ app_begin ] --START--
INFO: Run Behavior\ReadHtmlCacheBehavior [ RunTime:0.003658s ]
INFO: [ app_begin ] --END-- [ RunTime:0.003701s ]

[ 2017-10-17T14:10:50+08:00 ] ::1 /thinkphp-inaction/chapter-4/home/index/index
INFO: [ app_init ] --START--
INFO: Run Behavior\BuildLiteBehavior [ RunTime:0.000010s ]
INFO: [ app_init ] --END-- [ RunTime:0.000707s ]
INFO: [ app_begin ] --START--
INFO: Run Behavior\ReadHtmlCacheBehavior [ RunTime:0.003427s ]
INFO: [ app_begin ] --END-- [ RunTime:0.003468s ]

[ 2017-10-17T14:11:26+08:00 ] ::1 /thinkphp-inaction/chapter-4/home/index/index
INFO: [ app_init ] --START--
INFO: Run Behavior\BuildLiteBehavior [ RunTime:0.000011s ]
INFO: [ app_init ] --END-- [ RunTime:0.000689s ]
INFO: [ app_begin ] --START--
INFO: Run Behavior\ReadHtmlCacheBehavior [ RunTime:0.003503s ]
INFO: [ app_begin ] --END-- [ RunTime:0.003543s ]

[ 2017-10-17T14:11:26+08:00 ] ::1 /thinkphp-inaction/chapter-4/home/index/index
INFO: [ app_init ] --START--
INFO: Run Behavior\BuildLiteBehavior [ RunTime:0.000010s ]
INFO: [ app_init ] --END-- [ RunTime:0.000686s ]
INFO: [ app_begin ] --START--
INFO: Run Behavior\ReadHtmlCacheBehavior [ RunTime:0.003679s ]
INFO: [ app_begin ] --END-- [ RunTime:0.003733s ]

[ 2017-10-17T14:11:26+08:00 ] ::1 /thinkphp-inaction/chapter-4/home/index/index
INFO: [ app_init ] --START--
INFO: Run Behavior\BuildLiteBehavior [ RunTime:0.000010s ]
INFO: [ app_init ] --END-- [ RunTime:0.000666s ]
INFO: [ app_begin ] --START--
INFO: Run Behavior\ReadHtmlCacheBehavior [ RunTime:0.003500s ]
INFO: [ app_begin ] --END-- [ RunTime:0.003543s ]

[ 2017-10-17T14:11:27+08:00 ] ::1 /thinkphp-inaction/chapter-4/home/index/index
INFO: [ app_init ] --START--
INFO: Run Behavior\BuildLiteBehavior [ RunTime:0.000010s ]
INFO: [ app_init ] --END-- [ RunTime:0.000684s ]
INFO: [ app_begin ] --START--
INFO: Run Behavior\ReadHtmlCacheBehavior [ RunTime:0.003706s ]
INFO: [ app_begin ] --END-- [ RunTime:0.003746s ]

[ 2017-10-17T14:12:14+08:00 ] ::1 /thinkphp-inaction/chapter-4/home/index/index
INFO: [ app_init ] --START--
INFO: Run Behavior\BuildLiteBehavior [ RunTime:0.000011s ]
INFO: [ app_init ] --END-- [ RunTime:0.000750s ]
INFO: [ app_begin ] --START--
INFO: Run Behavior\ReadHtmlCacheBehavior [ RunTime:0.003839s ]
INFO: [ app_begin ] --END-- [ RunTime:0.003886s ]

[ 2017-10-17T14:12:25+08:00 ] ::1 /thinkphp-inaction/chapter-4/home/index/index
INFO: [ app_init ] --START--
INFO: Run Behavior\BuildLiteBehavior [ RunTime:0.000010s ]
INFO: [ app_init ] --END-- [ RunTime:0.000740s ]
INFO: [ app_begin ] --START--
INFO: Run Behavior\ReadHtmlCacheBehavior [ RunTime:0.003534s ]
INFO: [ app_begin ] --END-- [ RunTime:0.003577s ]

[ 2017-10-17T14:12:26+08:00 ] ::1 /thinkphp-inaction/chapter-4/home/index/index
INFO: [ app_init ] --START--
INFO: Run Behavior\BuildLiteBehavior [ RunTime:0.000013s ]
INFO: [ app_init ] --END-- [ RunTime:0.000968s ]
INFO: [ app_begin ] --START--
INFO: Run Behavior\ReadHtmlCacheBehavior [ RunTime:0.004378s ]
INFO: [ app_begin ] --END-- [ RunTime:0.004449s ]

[ 2017-10-17T14:13:08+08:00 ] ::1 /thinkphp-inaction/chapter-4/home/index/index
INFO: [ app_init ] --START--
INFO: Run Behavior\BuildLiteBehavior [ RunTime:0.000010s ]
INFO: [ app_init ] --END-- [ RunTime:0.000687s ]
INFO: [ app_begin ] --START--
INFO: Run Behavior\ReadHtmlCacheBehavior [ RunTime:0.003445s ]
INFO: [ app_begin ] --END-- [ RunTime:0.003486s ]

[ 2017-10-17T14:13:08+08:00 ] ::1 /thinkphp-inaction/chapter-4/home/index/index
INFO: [ app_init ] --START--
INFO: Run Behavior\BuildLiteBehavior [ RunTime:0.000011s ]
INFO: [ app_init ] --END-- [ RunTime:0.000751s ]
INFO: [ app_begin ] --START--
INFO: Run Behavior\ReadHtmlCacheBehavior [ RunTime:0.003842s ]
INFO: [ app_begin ] --END-- [ RunTime:0.003891s ]

[ 2017-10-17T14:19:01+08:00 ] ::1 /thinkphp-inaction/chapter-4/home/index/index
INFO: [ app_init ] --START--
INFO: Run Behavior\BuildLiteBehavior [ RunTime:0.000011s ]
INFO: [ app_init ] --END-- [ RunTime:0.000672s ]
INFO: [ app_begin ] --START--
INFO: Run Behavior\ReadHtmlCacheBehavior [ RunTime:0.003467s ]
INFO: [ app_begin ] --END-- [ RunTime:0.003509s ]

[ 2017-10-17T14:19:01+08:00 ] ::1 /thinkphp-inaction/chapter-4/index.php/Home/Index/login.html
INFO: [ app_init ] --START--
INFO: Run Behavior\BuildLiteBehavior [ RunTime:0.000011s ]
INFO: [ app_init ] --END-- [ RunTime:0.000700s ]
INFO: [ app_begin ] --START--
INFO: Run Behavior\ReadHtmlCacheBehavior [ RunTime:0.003556s ]
INFO: [ app_begin ] --END-- [ RunTime:0.003605s ]
INFO: [ app_end ] --START--
INFO: Run Behavior\ShowPageTraceBehavior [ RunTime:0.003418s ]
INFO: [ app_end ] --END-- [ RunTime:0.003461s ]

[ 2017-10-17T14:19:28+08:00 ] ::1 /thinkphp-inaction/chapter-4/index.php/Home/Index/login.html
INFO: [ app_init ] --START--
INFO: Run Behavior\BuildLiteBehavior [ RunTime:0.000026s ]
INFO: [ app_init ] --END-- [ RunTime:0.000731s ]
INFO: [ app_begin ] --START--
INFO: Run Behavior\ReadHtmlCacheBehavior [ RunTime:0.003670s ]
INFO: [ app_begin ] --END-- [ RunTime:0.003716s ]
INFO: [ app_end ] --START--
INFO: Run Behavior\ShowPageTraceBehavior [ RunTime:0.003384s ]
INFO: [ app_end ] --END-- [ RunTime:0.003420s ]

[ 2017-10-17T14:19:29+08:00 ] ::1 /thinkphp-inaction/chapter-4/index.php/Home/Index/login.html
INFO: [ app_init ] --START--
INFO: Run Behavior\BuildLiteBehavior [ RunTime:0.000011s ]
INFO: [ app_init ] --END-- [ RunTime:0.000694s ]
INFO: [ app_begin ] --START--
INFO: Run Behavior\ReadHtmlCacheBehavior [ RunTime:0.004116s ]
INFO: [ app_begin ] --END-- [ RunTime:0.004159s ]
INFO: [ app_end ] --START--
INFO: Run Behavior\ShowPageTraceBehavior [ RunTime:0.003706s ]
INFO: [ app_end ] --END-- [ RunTime:0.003747s ]

[ 2017-10-17T14:19:29+08:00 ] ::1 /thinkphp-inaction/chapter-4/index.php/Home/Index/login.html
INFO: [ app_init ] --START--
INFO: Run Behavior\BuildLiteBehavior [ RunTime:0.000012s ]
INFO: [ app_init ] --END-- [ RunTime:0.000694s ]
INFO: [ app_begin ] --START--
INFO: Run Behavior\ReadHtmlCacheBehavior [ RunTime:0.003383s ]
INFO: [ app_begin ] --END-- [ RunTime:0.003428s ]
INFO: [ app_end ] --START--
INFO: Run Behavior\ShowPageTraceBehavior [ RunTime:0.004016s ]
INFO: [ app_end ] --END-- [ RunTime:0.004061s ]

[ 2017-10-17T14:19:29+08:00 ] ::1 /thinkphp-inaction/chapter-4/index.php/Home/Index/login.html
INFO: [ app_init ] --START--
INFO: Run Behavior\BuildLiteBehavior [ RunTime:0.000012s ]
INFO: [ app_init ] --END-- [ RunTime:0.000689s ]
INFO: [ app_begin ] --START--
INFO: Run Behavior\ReadHtmlCacheBehavior [ RunTime:0.003440s ]
INFO: [ app_begin ] --END-- [ RunTime:0.003482s ]
INFO: [ app_end ] --START--
INFO: Run Behavior\ShowPageTraceBehavior [ RunTime:0.003540s ]
INFO: [ app_end ] --END-- [ RunTime:0.003586s ]

[ 2017-10-17T14:19:29+08:00 ] ::1 /thinkphp-inaction/chapter-4/index.php/Home/Index/login.html
INFO: [ app_init ] --START--
INFO: Run Behavior\BuildLiteBehavior [ RunTime:0.000012s ]
INFO: [ app_init ] --END-- [ RunTime:0.000716s ]
INFO: [ app_begin ] --START--
INFO: Run Behavior\ReadHtmlCacheBehavior [ RunTime:0.003667s ]
INFO: [ app_begin ] --END-- [ RunTime:0.003713s ]
INFO: [ app_end ] --START--
INFO: Run Behavior\ShowPageTraceBehavior [ RunTime:0.003855s ]
INFO: [ app_end ] --END-- [ RunTime:0.003910s ]

[ 2017-10-17T14:19:30+08:00 ] ::1 /thinkphp-inaction/chapter-4/index.php/Home/Index/login.html
INFO: [ app_init ] --START--
INFO: Run Behavior\BuildLiteBehavior [ RunTime:0.000011s ]
INFO: [ app_init ] --END-- [ RunTime:0.000711s ]
INFO: [ app_begin ] --START--
INFO: Run Behavior\ReadHtmlCacheBehavior [ RunTime:0.003521s ]
INFO: [ app_begin ] --END-- [ RunTime:0.003570s ]
INFO: [ app_end ] --START--
INFO: Run Behavior\ShowPageTraceBehavior [ RunTime:0.003564s ]
INFO: [ app_end ] --END-- [ RunTime:0.003609s ]

[ 2017-10-17T14:19:30+08:00 ] ::1 /thinkphp-inaction/chapter-4/index.php/Home/Index/login.html
INFO: [ app_init ] --START--
INFO: Run Behavior\BuildLiteBehavior [ RunTime:0.000012s ]
INFO: [ app_init ] --END-- [ RunTime:0.000668s ]
INFO: [ app_begin ] --START--
INFO: Run Behavior\ReadHtmlCacheBehavior [ RunTime:0.003459s ]
INFO: [ app_begin ] --END-- [ RunTime:0.003503s ]
INFO: [ app_end ] --START--
INFO: Run Behavior\ShowPageTraceBehavior [ RunTime:0.003539s ]
INFO: [ app_end ] --END-- [ RunTime:0.003578s ]

[ 2017-10-17T14:19:30+08:00 ] ::1 /thinkphp-inaction/chapter-4/index.php/Home/Index/login.html
INFO: [ app_init ] --START--
INFO: Run Behavior\BuildLiteBehavior [ RunTime:0.000011s ]
INFO: [ app_init ] --END-- [ RunTime:0.000671s ]
INFO: [ app_begin ] --START--
INFO: Run Behavior\ReadHtmlCacheBehavior [ RunTime:0.003404s ]
INFO: [ app_begin ] --END-- [ RunTime:0.003449s ]
INFO: [ app_end ] --START--
INFO: Run Behavior\ShowPageTraceBehavior [ RunTime:0.003835s ]
INFO: [ app_end ] --END-- [ RunTime:0.003893s ]

[ 2017-10-17T14:19:30+08:00 ] ::1 /thinkphp-inaction/chapter-4/index.php/Home/Index/login.html
INFO: [ app_init ] --START--
INFO: Run Behavior\BuildLiteBehavior [ RunTime:0.000013s ]
INFO: [ app_init ] --END-- [ RunTime:0.000724s ]
INFO: [ app_begin ] --START--
INFO: Run Behavior\ReadHtmlCacheBehavior [ RunTime:0.003403s ]
INFO: [ app_begin ] --END-- [ RunTime:0.003447s ]
INFO: [ app_end ] --START--
INFO: Run Behavior\ShowPageTraceBehavior [ RunTime:0.004461s ]
INFO: [ app_end ] --END-- [ RunTime:0.004509s ]

[ 2017-10-17T14:19:30+08:00 ] ::1 /thinkphp-inaction/chapter-4/index.php/Home/Index/login.html
INFO: [ app_init ] --START--
INFO: Run Behavior\BuildLiteBehavior [ RunTime:0.000011s ]
INFO: [ app_init ] --END-- [ RunTime:0.000671s ]
INFO: [ app_begin ] --START--
INFO: Run Behavior\ReadHtmlCacheBehavior [ RunTime:0.003433s ]
INFO: [ app_begin ] --END-- [ RunTime:0.003481s ]
INFO: [ app_end ] --START--
INFO: Run Behavior\ShowPageTraceBehavior [ RunTime:0.004309s ]
INFO: [ app_end ] --END-- [ RunTime:0.004355s ]

[ 2017-10-17T14:19:31+08:00 ] ::1 /thinkphp-inaction/chapter-4/index.php/Home/Index/login.html
INFO: [ app_init ] --START--
INFO: Run Behavior\BuildLiteBehavior [ RunTime:0.000013s ]
INFO: [ app_init ] --END-- [ RunTime:0.000686s ]
INFO: [ app_begin ] --START--
INFO: Run Behavior\ReadHtmlCacheBehavior [ RunTime:0.004341s ]
INFO: [ app_begin ] --END-- [ RunTime:0.004416s ]
INFO: [ app_end ] --START--
INFO: Run Behavior\ShowPageTraceBehavior [ RunTime:0.003520s ]
INFO: [ app_end ] --END-- [ RunTime:0.003558s ]

[ 2017-10-17T14:19:31+08:00 ] ::1 /thinkphp-inaction/chapter-4/index.php/Home/Index/login.html
INFO: [ app_init ] --START--
INFO: Run Behavior\BuildLiteBehavior [ RunTime:0.000013s ]
INFO: [ app_init ] --END-- [ RunTime:0.000678s ]
INFO: [ app_begin ] --START--
INFO: Run Behavior\ReadHtmlCacheBehavior [ RunTime:0.004514s ]
INFO: [ app_begin ] --END-- [ RunTime:0.004564s ]
INFO: [ app_end ] --START--
INFO: Run Behavior\ShowPageTraceBehavior [ RunTime:0.003498s ]
INFO: [ app_end ] --END-- [ RunTime:0.003564s ]

[ 2017-10-17T14:19:48+08:00 ] ::1 /thinkphp-inaction/chapter-4/index.php/Home/Index
INFO: [ app_init ] --START--
INFO: Run Behavior\BuildLiteBehavior [ RunTime:0.000011s ]
INFO: [ app_init ] --END-- [ RunTime:0.000688s ]
INFO: [ app_begin ] --START--
INFO: Run Behavior\ReadHtmlCacheBehavior [ RunTime:0.003550s ]
INFO: [ app_begin ] --END-- [ RunTime:0.003595s ]

[ 2017-10-17T14:19:48+08:00 ] ::1 /thinkphp-inaction/chapter-4/index.php/Home/Index/login.html
INFO: [ app_init ] --START--
INFO: Run Behavior\BuildLiteBehavior [ RunTime:0.000010s ]
INFO: [ app_init ] --END-- [ RunTime:0.000691s ]
INFO: [ app_begin ] --START--
INFO: Run Behavior\ReadHtmlCacheBehavior [ RunTime:0.003470s ]
INFO: [ app_begin ] --END-- [ RunTime:0.003511s ]
INFO: [ app_end ] --START--
INFO: Run Behavior\ShowPageTraceBehavior [ RunTime:0.003502s ]
INFO: [ app_end ] --END-- [ RunTime:0.003538s ]

[ 2017-10-17T14:22:02+08:00 ] ::1 /thinkphp-inaction/chapter-4/index.php/Home/Index/login.html
INFO: [ app_init ] --START--
INFO: Run Behavior\BuildLiteBehavior [ RunTime:0.000014s ]
INFO: [ app_init ] --END-- [ RunTime:0.000822s ]
INFO: [ app_begin ] --START--
INFO: Run Behavior\ReadHtmlCacheBehavior [ RunTime:0.003932s ]
INFO: [ app_begin ] --END-- [ RunTime:0.003983s ]
INFO: [ app_end ] --START--
INFO: Run Behavior\ShowPageTraceBehavior [ RunTime:0.004071s ]
INFO: [ app_end ] --END-- [ RunTime:0.004122s ]

[ 2017-10-17T14:22:05+08:00 ] ::1 /thinkphp-inaction/chapter-4/index.php/Home/Index
INFO: [ app_init ] --START--
INFO: Run Behavior\BuildLiteBehavior [ RunTime:0.000010s ]
INFO: [ app_init ] --END-- [ RunTime:0.000661s ]
INFO: [ app_begin ] --START--
INFO: Run Behavior\ReadHtmlCacheBehavior [ RunTime:0.003407s ]
INFO: [ app_begin ] --END-- [ RunTime:0.003451s ]

[ 2017-10-17T14:22:16+08:00 ] ::1 /thinkphp-inaction/chapter-4/index.php/Home/Index/buy
INFO: [ app_init ] --START--
INFO: Run Behavior\BuildLiteBehavior [ RunTime:0.000011s ]
INFO: [ app_init ] --END-- [ RunTime:0.000703s ]
INFO: [ app_begin ] --START--
INFO: Run Behavior\ReadHtmlCacheBehavior [ RunTime:0.003471s ]
INFO: [ app_begin ] --END-- [ RunTime:0.003514s ]
INFO: [ view_parse ] --START--
INFO: [ template_filter ] --START--
INFO: Run Behavior\ContentReplaceBehavior [ RunTime:0.000047s ]
INFO: [ template_filter ] --END-- [ RunTime:0.000098s ]
INFO: Run Behavior\ParseTemplateBehavior [ RunTime:0.021169s ]
INFO: [ view_parse ] --END-- [ RunTime:0.021210s ]
INFO: [ view_filter ] --START--
INFO: Run Behavior\WriteHtmlCacheBehavior [ RunTime:0.003438s ]
INFO: [ view_filter ] --END-- [ RunTime:0.003464s ]
INFO: [ app_end ] --START--
INFO: Run Behavior\ShowPageTraceBehavior [ RunTime:0.003584s ]
INFO: [ app_end ] --END-- [ RunTime:0.003613s ]

[ 2017-10-17T14:22:17+08:00 ] ::1 /thinkphp-inaction/chapter-4/index.php/Home/Index/index.html
INFO: [ app_init ] --START--
INFO: Run Behavior\BuildLiteBehavior [ RunTime:0.000011s ]
INFO: [ app_init ] --END-- [ RunTime:0.000818s ]
INFO: [ app_begin ] --START--
INFO: Run Behavior\ReadHtmlCacheBehavior [ RunTime:0.003943s ]
INFO: [ app_begin ] --END-- [ RunTime:0.003982s ]

[ 2017-10-17T14:22:58+08:00 ] ::1 /thinkphp-inaction/chapter-4/index.php/Home/Index/buy
INFO: [ app_init ] --START--
INFO: Run Behavior\BuildLiteBehavior [ RunTime:0.000013s ]
INFO: [ app_init ] --END-- [ RunTime:0.000758s ]
INFO: [ app_begin ] --START--
INFO: Run Behavior\ReadHtmlCacheBehavior [ RunTime:0.003747s ]
INFO: [ app_begin ] --END-- [ RunTime:0.003793s ]
INFO: [ view_parse ] --START--
INFO: [ template_filter ] --START--
INFO: Run Behavior\ContentReplaceBehavior [ RunTime:0.000026s ]
INFO: [ template_filter ] --END-- [ RunTime:0.000063s ]
INFO: Run Behavior\ParseTemplateBehavior [ RunTime:0.019522s ]
INFO: [ view_parse ] --END-- [ RunTime:0.019597s ]
INFO: [ view_filter ] --START--
INFO: Run Behavior\WriteHtmlCacheBehavior [ RunTime:0.003443s ]
INFO: [ view_filter ] --END-- [ RunTime:0.003469s ]
INFO: [ app_end ] --START--
INFO: Run Behavior\ShowPageTraceBehavior [ RunTime:0.003345s ]
INFO: [ app_end ] --END-- [ RunTime:0.003372s ]

[ 2017-10-17T14:22:59+08:00 ] ::1 /thinkphp-inaction/chapter-4/index.php/Home/Index/index.html
INFO: [ app_init ] --START--
INFO: Run Behavior\BuildLiteBehavior [ RunTime:0.000010s ]
INFO: [ app_init ] --END-- [ RunTime:0.000695s ]
INFO: [ app_begin ] --START--
INFO: Run Behavior\ReadHtmlCacheBehavior [ RunTime:0.003948s ]
INFO: [ app_begin ] --END-- [ RunTime:0.004001s ]

[ 2017-10-17T14:24:19+08:00 ] ::1 /thinkphp-inaction/chapter-4/index.php/Home/Index/buy
INFO: [ app_init ] --START--
INFO: Run Behavior\BuildLiteBehavior [ RunTime:0.000012s ]
INFO: [ app_init ] --END-- [ RunTime:0.000691s ]
INFO: [ app_begin ] --START--
INFO: Run Behavior\ReadHtmlCacheBehavior [ RunTime:0.003656s ]
INFO: [ app_begin ] --END-- [ RunTime:0.003703s ]
ERR: Think\Controller:sucxcess方法不存在！

[ 2017-10-17T14:24:26+08:00 ] ::1 /thinkphp-inaction/chapter-4/index.php/Home/Index/buy
INFO: [ app_init ] --START--
INFO: Run Behavior\BuildLiteBehavior [ RunTime:0.000012s ]
INFO: [ app_init ] --END-- [ RunTime:0.000713s ]
INFO: [ app_begin ] --START--
INFO: Run Behavior\ReadHtmlCacheBehavior [ RunTime:0.004276s ]
INFO: [ app_begin ] --END-- [ RunTime:0.004323s ]
INFO: [ view_parse ] --START--
INFO: [ template_filter ] --START--
INFO: Run Behavior\ContentReplaceBehavior [ RunTime:0.000026s ]
INFO: [ template_filter ] --END-- [ RunTime:0.000063s ]
INFO: Run Behavior\ParseTemplateBehavior [ RunTime:0.019351s ]
INFO: [ view_parse ] --END-- [ RunTime:0.019389s ]
INFO: [ view_filter ] --START--
INFO: Run Behavior\WriteHtmlCacheBehavior [ RunTime:0.003476s ]
INFO: [ view_filter ] --END-- [ RunTime:0.003503s ]
INFO: [ app_end ] --START--
INFO: Run Behavior\ShowPageTraceBehavior [ RunTime:0.003552s ]
INFO: [ app_end ] --END-- [ RunTime:0.003580s ]

[ 2017-10-17T14:24:27+08:00 ] ::1 /thinkphp-inaction/chapter-4/index.php/Home/Index/index.html
INFO: [ app_init ] --START--
INFO: Run Behavior\BuildLiteBehavior [ RunTime:0.000013s ]
INFO: [ app_init ] --END-- [ RunTime:0.001020s ]
INFO: [ app_begin ] --START--
INFO: Run Behavior\ReadHtmlCacheBehavior [ RunTime:0.004067s ]
INFO: [ app_begin ] --END-- [ RunTime:0.004114s ]

[ 2017-10-17T14:25:02+08:00 ] ::1 /thinkphp-inaction/chapter-4/index.php/Home/Index/buy
INFO: [ app_init ] --START--
INFO: Run Behavior\BuildLiteBehavior [ RunTime:0.000011s ]
INFO: [ app_init ] --END-- [ RunTime:0.000723s ]
INFO: [ app_begin ] --START--
INFO: Run Behavior\ReadHtmlCacheBehavior [ RunTime:0.003896s ]
INFO: [ app_begin ] --END-- [ RunTime:0.003957s ]
INFO: [ view_parse ] --START--
INFO: [ template_filter ] --START--
INFO: Run Behavior\ContentReplaceBehavior [ RunTime:0.000028s ]
INFO: [ template_filter ] --END-- [ RunTime:0.000066s ]
INFO: Run Behavior\ParseTemplateBehavior [ RunTime:0.019212s ]
INFO: [ view_parse ] --END-- [ RunTime:0.019250s ]
INFO: [ view_filter ] --START--
INFO: Run Behavior\WriteHtmlCacheBehavior [ RunTime:0.003669s ]
INFO: [ view_filter ] --END-- [ RunTime:0.003696s ]
INFO: [ app_end ] --START--
INFO: Run Behavior\ShowPageTraceBehavior [ RunTime:0.003536s ]
INFO: [ app_end ] --END-- [ RunTime:0.003563s ]

[ 2017-10-17T14:25:07+08:00 ] ::1 /thinkphp-inaction/chapter-4/index.php/Home/Index/index.html
INFO: [ app_init ] --START--
INFO: Run Behavior\BuildLiteBehavior [ RunTime:0.000010s ]
INFO: [ app_init ] --END-- [ RunTime:0.000687s ]
INFO: [ app_begin ] --START--
INFO: Run Behavior\ReadHtmlCacheBehavior [ RunTime:0.003467s ]
INFO: [ app_begin ] --END-- [ RunTime:0.003523s ]

[ 2017-10-17T14:25:13+08:00 ] ::1 /thinkphp-inaction/chapter-4/index.php/Home/Index/buy
INFO: [ app_init ] --START--
INFO: Run Behavior\BuildLiteBehavior [ RunTime:0.000025s ]
INFO: [ app_init ] --END-- [ RunTime:0.000681s ]
INFO: [ app_begin ] --START--
INFO: Run Behavior\ReadHtmlCacheBehavior [ RunTime:0.003529s ]
INFO: [ app_begin ] --END-- [ RunTime:0.003578s ]
INFO: [ view_parse ] --START--
INFO: [ template_filter ] --START--
INFO: Run Behavior\ContentReplaceBehavior [ RunTime:0.000027s ]
INFO: [ template_filter ] --END-- [ RunTime:0.000064s ]
INFO: Run Behavior\ParseTemplateBehavior [ RunTime:0.019551s ]
INFO: [ view_parse ] --END-- [ RunTime:0.019590s ]
INFO: [ view_filter ] --START--
INFO: Run Behavior\WriteHtmlCacheBehavior [ RunTime:0.003527s ]
INFO: [ view_filter ] --END-- [ RunTime:0.003554s ]
INFO: [ app_end ] --START--
INFO: Run Behavior\ShowPageTraceBehavior [ RunTime:0.003931s ]
INFO: [ app_end ] --END-- [ RunTime:0.003962s ]

[ 2017-10-17T14:25:14+08:00 ] ::1 /thinkphp-inaction/chapter-4/index.php/Home/Index/index.html
INFO: [ app_init ] --START--
INFO: Run Behavior\BuildLiteBehavior [ RunTime:0.000009s ]
INFO: [ app_init ] --END-- [ RunTime:0.000660s ]
INFO: [ app_begin ] --START--
INFO: Run Behavior\ReadHtmlCacheBehavior [ RunTime:0.003497s ]
INFO: [ app_begin ] --END-- [ RunTime:0.003541s ]

[ 2017-10-17T14:26:03+08:00 ] ::1 /thinkphp-inaction/chapter-4/index.php/Home/Inde/buy
INFO: [ app_init ] --START--
INFO: Run Behavior\BuildLiteBehavior [ RunTime:0.000011s ]
INFO: [ app_init ] --END-- [ RunTime:0.000660s ]
INFO: [ app_begin ] --START--
INFO: Run Behavior\ReadHtmlCacheBehavior [ RunTime:0.003418s ]
INFO: [ app_begin ] --END-- [ RunTime:0.003463s ]
ERR: 无法加载控制器:Inde

[ 2017-10-17T14:26:09+08:00 ] ::1 /thinkphp-inaction/chapter-4/index.php/Home/Index/buy
INFO: [ app_init ] --START--
INFO: Run Behavior\BuildLiteBehavior [ RunTime:0.000011s ]
INFO: [ app_init ] --END-- [ RunTime:0.000665s ]
INFO: [ app_begin ] --START--
INFO: Run Behavior\ReadHtmlCacheBehavior [ RunTime:0.003435s ]
INFO: [ app_begin ] --END-- [ RunTime:0.003479s ]
NOTIC: [8] Undefined index: HTTP_REFERER D:\UPUPW_AP5.5\htdocs\thinkphp-inaction\ThinkPHP\Library\Think\Controller.class.php 第 283 行.
INFO: [ view_parse ] --START--
INFO: [ template_filter ] --START--
INFO: Run Behavior\ContentReplaceBehavior [ RunTime:0.000026s ]
INFO: [ template_filter ] --END-- [ RunTime:0.000063s ]
INFO: Run Behavior\ParseTemplateBehavior [ RunTime:0.019469s ]
INFO: [ view_parse ] --END-- [ RunTime:0.019505s ]
INFO: [ view_filter ] --START--
INFO: Run Behavior\WriteHtmlCacheBehavior [ RunTime:0.003375s ]
INFO: [ view_filter ] --END-- [ RunTime:0.003400s ]
INFO: [ app_end ] --START--
INFO: Run Behavior\ShowPageTraceBehavior [ RunTime:0.003391s ]
INFO: [ app_end ] --END-- [ RunTime:0.003428s ]

[ 2017-10-17T14:26:15+08:00 ] ::1 /thinkphp-inaction/chapter-4/index.php/Home/Index/buy
INFO: [ app_init ] --START--
INFO: Run Behavior\BuildLiteBehavior [ RunTime:0.000018s ]
INFO: [ app_init ] --END-- [ RunTime:0.001243s ]
INFO: [ app_begin ] --START--
INFO: Run Behavior\ReadHtmlCacheBehavior [ RunTime:0.006162s ]
INFO: [ app_begin ] --END-- [ RunTime:0.006235s ]
INFO: [ view_parse ] --START--
INFO: [ template_filter ] --START--
INFO: Run Behavior\ContentReplaceBehavior [ RunTime:0.000041s ]
INFO: [ template_filter ] --END-- [ RunTime:0.000099s ]
INFO: Run Behavior\ParseTemplateBehavior [ RunTime:0.031838s ]
INFO: [ view_parse ] --END-- [ RunTime:0.031913s ]
INFO: [ view_filter ] --START--
INFO: Run Behavior\WriteHtmlCacheBehavior [ RunTime:0.006053s ]
INFO: [ view_filter ] --END-- [ RunTime:0.006100s ]
INFO: [ app_end ] --START--
INFO: Run Behavior\ShowPageTraceBehavior [ RunTime:0.005981s ]
INFO: [ app_end ] --END-- [ RunTime:0.006029s ]

[ 2017-10-17T14:26:20+08:00 ] ::1 /thinkphp-inaction/chapter-4/index.php/Home/Index/buy
INFO: [ app_init ] --START--
INFO: Run Behavior\BuildLiteBehavior [ RunTime:0.000012s ]
INFO: [ app_init ] --END-- [ RunTime:0.000691s ]
INFO: [ app_begin ] --START--
INFO: Run Behavior\ReadHtmlCacheBehavior [ RunTime:0.003725s ]
INFO: [ app_begin ] --END-- [ RunTime:0.003803s ]
INFO: [ view_parse ] --START--
INFO: [ template_filter ] --START--
INFO: Run Behavior\ContentReplaceBehavior [ RunTime:0.000026s ]
INFO: [ template_filter ] --END-- [ RunTime:0.000061s ]
INFO: Run Behavior\ParseTemplateBehavior [ RunTime:0.019201s ]
INFO: [ view_parse ] --END-- [ RunTime:0.019247s ]
INFO: [ view_filter ] --START--
INFO: Run Behavior\WriteHtmlCacheBehavior [ RunTime:0.003362s ]
INFO: [ view_filter ] --END-- [ RunTime:0.003387s ]
INFO: [ app_end ] --START--
INFO: Run Behavior\ShowPageTraceBehavior [ RunTime:0.003389s ]
INFO: [ app_end ] --END-- [ RunTime:0.003416s ]

[ 2017-10-17T14:26:26+08:00 ] ::1 /thinkphp-inaction/chapter-4/index.php/Home/Index/buy
INFO: [ app_init ] --START--
INFO: Run Behavior\BuildLiteBehavior [ RunTime:0.000014s ]
INFO: [ app_init ] --END-- [ RunTime:0.000755s ]
INFO: [ app_begin ] --START--
INFO: Run Behavior\ReadHtmlCacheBehavior [ RunTime:0.003968s ]
INFO: [ app_begin ] --END-- [ RunTime:0.004026s ]
INFO: [ view_parse ] --START--
INFO: [ template_filter ] --START--
INFO: Run Behavior\ContentReplaceBehavior [ RunTime:0.000028s ]
INFO: [ template_filter ] --END-- [ RunTime:0.000068s ]
INFO: Run Behavior\ParseTemplateBehavior [ RunTime:0.020153s ]
INFO: [ view_parse ] --END-- [ RunTime:0.020204s ]
INFO: [ view_filter ] --START--
INFO: Run Behavior\WriteHtmlCacheBehavior [ RunTime:0.003640s ]
INFO: [ view_filter ] --END-- [ RunTime:0.003669s ]
INFO: [ app_end ] --START--
INFO: Run Behavior\ShowPageTraceBehavior [ RunTime:0.003442s ]
INFO: [ app_end ] --END-- [ RunTime:0.003470s ]

[ 2017-10-17T14:26:32+08:00 ] ::1 /thinkphp-inaction/chapter-4/index.php/Home/Index/buy
INFO: [ app_init ] --START--
INFO: Run Behavior\BuildLiteBehavior [ RunTime:0.000013s ]
INFO: [ app_init ] --END-- [ RunTime:0.000708s ]
INFO: [ app_begin ] --START--
INFO: Run Behavior\ReadHtmlCacheBehavior [ RunTime:0.003475s ]
INFO: [ app_begin ] --END-- [ RunTime:0.003517s ]
INFO: [ view_parse ] --START--
INFO: [ template_filter ] --START--
INFO: Run Behavior\ContentReplaceBehavior [ RunTime:0.000026s ]
INFO: [ template_filter ] --END-- [ RunTime:0.000057s ]
INFO: Run Behavior\ParseTemplateBehavior [ RunTime:0.018557s ]
INFO: [ view_parse ] --END-- [ RunTime:0.018594s ]
INFO: [ view_filter ] --START--
INFO: Run Behavior\WriteHtmlCacheBehavior [ RunTime:0.004706s ]
INFO: [ view_filter ] --END-- [ RunTime:0.004735s ]
INFO: [ app_end ] --START--
INFO: Run Behavior\ShowPageTraceBehavior [ RunTime:0.003454s ]
INFO: [ app_end ] --END-- [ RunTime:0.003481s ]

[ 2017-10-17T14:26:38+08:00 ] ::1 /thinkphp-inaction/chapter-4/index.php/Home/Index/buy
INFO: [ app_init ] --START--
INFO: Run Behavior\BuildLiteBehavior [ RunTime:0.000012s ]
INFO: [ app_init ] --END-- [ RunTime:0.000700s ]
INFO: [ app_begin ] --START--
INFO: Run Behavior\ReadHtmlCacheBehavior [ RunTime:0.003673s ]
INFO: [ app_begin ] --END-- [ RunTime:0.003716s ]
INFO: [ view_parse ] --START--
INFO: [ template_filter ] --START--
INFO: Run Behavior\ContentReplaceBehavior [ RunTime:0.000025s ]
INFO: [ template_filter ] --END-- [ RunTime:0.000061s ]
INFO: Run Behavior\ParseTemplateBehavior [ RunTime:0.024700s ]
INFO: [ view_parse ] --END-- [ RunTime:0.024746s ]
INFO: [ view_filter ] --START--
INFO: Run Behavior\WriteHtmlCacheBehavior [ RunTime:0.003866s ]
INFO: [ view_filter ] --END-- [ RunTime:0.003908s ]
INFO: [ app_end ] --START--
INFO: Run Behavior\ShowPageTraceBehavior [ RunTime:0.003702s ]
INFO: [ app_end ] --END-- [ RunTime:0.003740s ]

[ 2017-10-17T14:26:44+08:00 ] ::1 /thinkphp-inaction/chapter-4/index.php/Home/Index/buy
INFO: [ app_init ] --START--
INFO: Run Behavior\BuildLiteBehavior [ RunTime:0.000012s ]
INFO: [ app_init ] --END-- [ RunTime:0.000666s ]
INFO: [ app_begin ] --START--
INFO: Run Behavior\ReadHtmlCacheBehavior [ RunTime:0.003681s ]
INFO: [ app_begin ] --END-- [ RunTime:0.003718s ]
INFO: [ view_parse ] --START--
INFO: [ template_filter ] --START--
INFO: Run Behavior\ContentReplaceBehavior [ RunTime:0.000028s ]
INFO: [ template_filter ] --END-- [ RunTime:0.000082s ]
INFO: Run Behavior\ParseTemplateBehavior [ RunTime:0.018394s ]
INFO: [ view_parse ] --END-- [ RunTime:0.018432s ]
INFO: [ view_filter ] --START--
INFO: Run Behavior\WriteHtmlCacheBehavior [ RunTime:0.003473s ]
INFO: [ view_filter ] --END-- [ RunTime:0.003500s ]
INFO: [ app_end ] --START--
INFO: Run Behavior\ShowPageTraceBehavior [ RunTime:0.003591s ]
INFO: [ app_end ] --END-- [ RunTime:0.003630s ]

[ 2017-10-17T14:26:50+08:00 ] ::1 /thinkphp-inaction/chapter-4/index.php/Home/Index/buy
INFO: [ app_init ] --START--
INFO: Run Behavior\BuildLiteBehavior [ RunTime:0.000019s ]
INFO: [ app_init ] --END-- [ RunTime:0.022515s ]
INFO: [ app_begin ] --START--
INFO: Run Behavior\ReadHtmlCacheBehavior [ RunTime:0.003433s ]
INFO: [ app_begin ] --END-- [ RunTime:0.003478s ]
INFO: [ view_parse ] --START--
INFO: [ template_filter ] --START--
INFO: Run Behavior\ContentReplaceBehavior [ RunTime:0.000025s ]
INFO: [ template_filter ] --END-- [ RunTime:0.000061s ]
INFO: Run Behavior\ParseTemplateBehavior [ RunTime:0.018913s ]
INFO: [ view_parse ] --END-- [ RunTime:0.018957s ]
INFO: [ view_filter ] --START--
INFO: Run Behavior\WriteHtmlCacheBehavior [ RunTime:0.003579s ]
INFO: [ view_filter ] --END-- [ RunTime:0.003605s ]
INFO: [ app_end ] --START--
INFO: Run Behavior\ShowPageTraceBehavior [ RunTime:0.003429s ]
INFO: [ app_end ] --END-- [ RunTime:0.003456s ]

[ 2017-10-17T14:26:56+08:00 ] ::1 /thinkphp-inaction/chapter-4/index.php/Home/Index/buy
INFO: [ app_init ] --START--
INFO: Run Behavior\BuildLiteBehavior [ RunTime:0.000017s ]
INFO: [ app_init ] --END-- [ RunTime:0.001124s ]
INFO: [ app_begin ] --START--
INFO: Run Behavior\ReadHtmlCacheBehavior [ RunTime:0.003494s ]
INFO: [ app_begin ] --END-- [ RunTime:0.003540s ]
INFO: [ view_parse ] --START--
INFO: [ template_filter ] --START--
INFO: Run Behavior\ContentReplaceBehavior [ RunTime:0.000026s ]
INFO: [ template_filter ] --END-- [ RunTime:0.000057s ]
INFO: Run Behavior\ParseTemplateBehavior [ RunTime:0.019300s ]
INFO: [ view_parse ] --END-- [ RunTime:0.019339s ]
INFO: [ view_filter ] --START--
INFO: Run Behavior\WriteHtmlCacheBehavior [ RunTime:0.003499s ]
INFO: [ view_filter ] --END-- [ RunTime:0.003526s ]
INFO: [ app_end ] --START--
INFO: Run Behavior\ShowPageTraceBehavior [ RunTime:0.004430s ]
INFO: [ app_end ] --END-- [ RunTime:0.004459s ]

[ 2017-10-17T14:27:02+08:00 ] ::1 /thinkphp-inaction/chapter-4/index.php/Home/Index/buy
INFO: [ app_init ] --START--
INFO: Run Behavior\BuildLiteBehavior [ RunTime:0.000013s ]
INFO: [ app_init ] --END-- [ RunTime:0.000744s ]
INFO: [ app_begin ] --START--
INFO: Run Behavior\ReadHtmlCacheBehavior [ RunTime:0.003467s ]
INFO: [ app_begin ] --END-- [ RunTime:0.003509s ]
INFO: [ view_parse ] --START--
INFO: [ template_filter ] --START--
INFO: Run Behavior\ContentReplaceBehavior [ RunTime:0.000027s ]
INFO: [ template_filter ] --END-- [ RunTime:0.000065s ]
INFO: Run Behavior\ParseTemplateBehavior [ RunTime:0.019638s ]
INFO: [ view_parse ] --END-- [ RunTime:0.019681s ]
INFO: [ view_filter ] --START--
INFO: Run Behavior\WriteHtmlCacheBehavior [ RunTime:0.003605s ]
INFO: [ view_filter ] --END-- [ RunTime:0.003632s ]
INFO: [ app_end ] --START--
INFO: Run Behavior\ShowPageTraceBehavior [ RunTime:0.004163s ]
INFO: [ app_end ] --END-- [ RunTime:0.004195s ]

[ 2017-10-17T14:27:08+08:00 ] ::1 /thinkphp-inaction/chapter-4/index.php/Home/Index/buy
INFO: [ app_init ] --START--
INFO: Run Behavior\BuildLiteBehavior [ RunTime:0.000017s ]
INFO: [ app_init ] --END-- [ RunTime:0.001059s ]
INFO: [ app_begin ] --START--
INFO: Run Behavior\ReadHtmlCacheBehavior [ RunTime:0.004834s ]
INFO: [ app_begin ] --END-- [ RunTime:0.004890s ]
INFO: [ view_parse ] --START--
INFO: [ template_filter ] --START--
INFO: Run Behavior\ContentReplaceBehavior [ RunTime:0.000024s ]
INFO: [ template_filter ] --END-- [ RunTime:0.000058s ]
INFO: Run Behavior\ParseTemplateBehavior [ RunTime:0.022777s ]
INFO: [ view_parse ] --END-- [ RunTime:0.022822s ]
INFO: [ view_filter ] --START--
INFO: Run Behavior\WriteHtmlCacheBehavior [ RunTime:0.004060s ]
INFO: [ view_filter ] --END-- [ RunTime:0.004087s ]
INFO: [ app_end ] --START--
INFO: Run Behavior\ShowPageTraceBehavior [ RunTime:0.003399s ]
INFO: [ app_end ] --END-- [ RunTime:0.003439s ]

[ 2017-10-17T14:27:14+08:00 ] ::1 /thinkphp-inaction/chapter-4/index.php/Home/Index/buy
INFO: [ app_init ] --START--
INFO: Run Behavior\BuildLiteBehavior [ RunTime:0.000013s ]
INFO: [ app_init ] --END-- [ RunTime:0.000771s ]
INFO: [ app_begin ] --START--
INFO: Run Behavior\ReadHtmlCacheBehavior [ RunTime:0.003971s ]
INFO: [ app_begin ] --END-- [ RunTime:0.004019s ]
INFO: [ view_parse ] --START--
INFO: [ template_filter ] --START--
INFO: Run Behavior\ContentReplaceBehavior [ RunTime:0.000025s ]
INFO: [ template_filter ] --END-- [ RunTime:0.000060s ]
INFO: Run Behavior\ParseTemplateBehavior [ RunTime:0.018611s ]
INFO: [ view_parse ] --END-- [ RunTime:0.018651s ]
INFO: [ view_filter ] --START--
INFO: Run Behavior\WriteHtmlCacheBehavior [ RunTime:0.003385s ]
INFO: [ view_filter ] --END-- [ RunTime:0.003411s ]
INFO: [ app_end ] --START--
INFO: Run Behavior\ShowPageTraceBehavior [ RunTime:0.004023s ]
INFO: [ app_end ] --END-- [ RunTime:0.004053s ]

[ 2017-10-17T14:27:20+08:00 ] ::1 /thinkphp-inaction/chapter-4/index.php/Home/Index/buy
INFO: [ app_init ] --START--
INFO: Run Behavior\BuildLiteBehavior [ RunTime:0.000016s ]
INFO: [ app_init ] --END-- [ RunTime:0.001043s ]
INFO: [ app_begin ] --START--
INFO: Run Behavior\ReadHtmlCacheBehavior [ RunTime:0.003551s ]
INFO: [ app_begin ] --END-- [ RunTime:0.003595s ]
INFO: [ view_parse ] --START--
INFO: [ template_filter ] --START--
INFO: Run Behavior\ContentReplaceBehavior [ RunTime:0.000024s ]
INFO: [ template_filter ] --END-- [ RunTime:0.000055s ]
INFO: Run Behavior\ParseTemplateBehavior [ RunTime:0.018854s ]
INFO: [ view_parse ] --END-- [ RunTime:0.018889s ]
INFO: [ view_filter ] --START--
INFO: Run Behavior\WriteHtmlCacheBehavior [ RunTime:0.003444s ]
INFO: [ view_filter ] --END-- [ RunTime:0.003470s ]
INFO: [ app_end ] --START--
INFO: Run Behavior\ShowPageTraceBehavior [ RunTime:0.003359s ]
INFO: [ app_end ] --END-- [ RunTime:0.003385s ]

[ 2017-10-17T14:27:26+08:00 ] ::1 /thinkphp-inaction/chapter-4/index.php/Home/Index/buy
INFO: [ app_init ] --START--
INFO: Run Behavior\BuildLiteBehavior [ RunTime:0.000011s ]
INFO: [ app_init ] --END-- [ RunTime:0.000734s ]
INFO: [ app_begin ] --START--
INFO: Run Behavior\ReadHtmlCacheBehavior [ RunTime:0.003889s ]
INFO: [ app_begin ] --END-- [ RunTime:0.003930s ]
INFO: [ view_parse ] --START--
INFO: [ template_filter ] --START--
INFO: Run Behavior\ContentReplaceBehavior [ RunTime:0.000026s ]
INFO: [ template_filter ] --END-- [ RunTime:0.000061s ]
INFO: Run Behavior\ParseTemplateBehavior [ RunTime:0.019774s ]
INFO: [ view_parse ] --END-- [ RunTime:0.019815s ]
INFO: [ view_filter ] --START--
INFO: Run Behavior\WriteHtmlCacheBehavior [ RunTime:0.003784s ]
INFO: [ view_filter ] --END-- [ RunTime:0.003814s ]
INFO: [ app_end ] --START--
INFO: Run Behavior\ShowPageTraceBehavior [ RunTime:0.003950s ]
INFO: [ app_end ] --END-- [ RunTime:0.003979s ]

[ 2017-10-17T14:27:31+08:00 ] ::1 /thinkphp-inaction/chapter-4/index.php/Home/Index/buy
INFO: [ app_init ] --START--
INFO: Run Behavior\BuildLiteBehavior [ RunTime:0.000020s ]
INFO: [ app_init ] --END-- [ RunTime:0.001309s ]
INFO: [ app_begin ] --START--
INFO: Run Behavior\ReadHtmlCacheBehavior [ RunTime:0.003844s ]
INFO: [ app_begin ] --END-- [ RunTime:0.003889s ]
INFO: [ view_parse ] --START--
INFO: [ template_filter ] --START--
INFO: Run Behavior\ContentReplaceBehavior [ RunTime:0.000028s ]
INFO: [ template_filter ] --END-- [ RunTime:0.000068s ]
INFO: Run Behavior\ParseTemplateBehavior [ RunTime:0.019569s ]
INFO: [ view_parse ] --END-- [ RunTime:0.019609s ]
INFO: [ view_filter ] --START--
INFO: Run Behavior\WriteHtmlCacheBehavior [ RunTime:0.003463s ]
INFO: [ view_filter ] --END-- [ RunTime:0.003488s ]
INFO: [ app_end ] --START--
INFO: Run Behavior\ShowPageTraceBehavior [ RunTime:0.003876s ]
INFO: [ app_end ] --END-- [ RunTime:0.003904s ]

[ 2017-10-17T14:27:32+08:00 ] ::1 /thinkphp-inaction/chapter-4/index.php/Home/Index/buyerror
INFO: [ app_init ] --START--
INFO: Run Behavior\BuildLiteBehavior [ RunTime:0.000012s ]
INFO: [ app_init ] --END-- [ RunTime:0.000677s ]
INFO: [ app_begin ] --START--
INFO: Run Behavior\ReadHtmlCacheBehavior [ RunTime:0.003734s ]
INFO: [ app_begin ] --END-- [ RunTime:0.003778s ]
INFO: [ view_parse ] --START--
INFO: [ template_filter ] --START--
INFO: Run Behavior\ContentReplaceBehavior [ RunTime:0.000026s ]
INFO: [ template_filter ] --END-- [ RunTime:0.000064s ]
INFO: Run Behavior\ParseTemplateBehavior [ RunTime:0.019426s ]
INFO: [ view_parse ] --END-- [ RunTime:0.019464s ]
INFO: [ view_filter ] --START--
INFO: Run Behavior\WriteHtmlCacheBehavior [ RunTime:0.003562s ]
INFO: [ view_filter ] --END-- [ RunTime:0.003588s ]

[ 2017-10-17T14:27:35+08:00 ] ::1 /thinkphp-inaction/chapter-4/index.php/Home/Index/index.html
INFO: [ app_init ] --START--
INFO: Run Behavior\BuildLiteBehavior [ RunTime:0.000026s ]
INFO: [ app_init ] --END-- [ RunTime:0.000792s ]
INFO: [ app_begin ] --START--
INFO: Run Behavior\ReadHtmlCacheBehavior [ RunTime:0.003544s ]
INFO: [ app_begin ] --END-- [ RunTime:0.003581s ]

[ 2017-10-17T14:27:40+08:00 ] ::1 /thinkphp-inaction/chapter-4/index.php/Home/Index/buy
INFO: [ app_init ] --START--
INFO: Run Behavior\BuildLiteBehavior [ RunTime:0.000011s ]
INFO: [ app_init ] --END-- [ RunTime:0.000794s ]
INFO: [ app_begin ] --START--
INFO: Run Behavior\ReadHtmlCacheBehavior [ RunTime:0.003521s ]
INFO: [ app_begin ] --END-- [ RunTime:0.003566s ]
NOTIC: [8] Undefined index: HTTP_REFERER D:\UPUPW_AP5.5\htdocs\thinkphp-inaction\ThinkPHP\Library\Think\Controller.class.php 第 283 行.
INFO: [ view_parse ] --START--
INFO: [ template_filter ] --START--
INFO: Run Behavior\ContentReplaceBehavior [ RunTime:0.000026s ]
INFO: [ template_filter ] --END-- [ RunTime:0.000062s ]
INFO: Run Behavior\ParseTemplateBehavior [ RunTime:0.019474s ]
INFO: [ view_parse ] --END-- [ RunTime:0.019509s ]
INFO: [ view_filter ] --START--
INFO: Run Behavior\WriteHtmlCacheBehavior [ RunTime:0.003974s ]
INFO: [ view_filter ] --END-- [ RunTime:0.004003s ]
INFO: [ app_end ] --START--
INFO: Run Behavior\ShowPageTraceBehavior [ RunTime:0.003528s ]
INFO: [ app_end ] --END-- [ RunTime:0.003557s ]

[ 2017-10-17T14:27:45+08:00 ] ::1 /thinkphp-inaction/chapter-4/index.php/Home/Index/buy
INFO: [ app_init ] --START--
INFO: Run Behavior\BuildLiteBehavior [ RunTime:0.000014s ]
INFO: [ app_init ] --END-- [ RunTime:0.000802s ]
INFO: [ app_begin ] --START--
INFO: Run Behavior\ReadHtmlCacheBehavior [ RunTime:0.004183s ]
INFO: [ app_begin ] --END-- [ RunTime:0.004233s ]
INFO: [ view_parse ] --START--
INFO: [ template_filter ] --START--
INFO: Run Behavior\ContentReplaceBehavior [ RunTime:0.000031s ]
INFO: [ template_filter ] --END-- [ RunTime:0.000074s ]
INFO: Run Behavior\ParseTemplateBehavior [ RunTime:0.021595s ]
INFO: [ view_parse ] --END-- [ RunTime:0.021650s ]
INFO: [ view_filter ] --START--
INFO: Run Behavior\WriteHtmlCacheBehavior [ RunTime:0.004057s ]
INFO: [ view_filter ] --END-- [ RunTime:0.004089s ]
INFO: [ app_end ] --START--
INFO: Run Behavior\ShowPageTraceBehavior [ RunTime:0.004117s ]
INFO: [ app_end ] --END-- [ RunTime:0.004151s ]

[ 2017-10-17T14:27:48+08:00 ] ::1 /thinkphp-inaction/chapter-4/index.php/Home/Index/error
INFO: [ app_init ] --START--
INFO: Run Behavior\BuildLiteBehavior [ RunTime:0.000012s ]
INFO: [ app_init ] --END-- [ RunTime:0.000660s ]
INFO: [ app_begin ] --START--
INFO: Run Behavior\ReadHtmlCacheBehavior [ RunTime:0.003493s ]
INFO: [ app_begin ] --END-- [ RunTime:0.003537s ]
ERR: 非法操作:error

[ 2017-10-17T14:27:58+08:00 ] ::1 /thinkphp-inaction/chapter-4/index.php/Home/Index/buyerror
INFO: [ app_init ] --START--
INFO: Run Behavior\BuildLiteBehavior [ RunTime:0.000011s ]
INFO: [ app_init ] --END-- [ RunTime:0.000830s ]
INFO: [ app_begin ] --START--
INFO: Run Behavior\ReadHtmlCacheBehavior [ RunTime:0.003500s ]
INFO: [ app_begin ] --END-- [ RunTime:0.003543s ]
INFO: [ view_parse ] --START--
INFO: [ template_filter ] --START--
INFO: Run Behavior\ContentReplaceBehavior [ RunTime:0.000027s ]
INFO: [ template_filter ] --END-- [ RunTime:0.000066s ]
INFO: Run Behavior\ParseTemplateBehavior [ RunTime:0.019249s ]
INFO: [ view_parse ] --END-- [ RunTime:0.019301s ]
INFO: [ view_filter ] --START--
INFO: Run Behavior\WriteHtmlCacheBehavior [ RunTime:0.003418s ]
INFO: [ view_filter ] --END-- [ RunTime:0.003444s ]

[ 2017-10-17T14:28:01+08:00 ] ::1 /thinkphp-inaction/chapter-4/index.php/Home/Index/index.html
INFO: [ app_init ] --START--
INFO: Run Behavior\BuildLiteBehavior [ RunTime:0.000012s ]
INFO: [ app_init ] --END-- [ RunTime:0.000948s ]
INFO: [ app_begin ] --START--
INFO: Run Behavior\ReadHtmlCacheBehavior [ RunTime:0.003423s ]
INFO: [ app_begin ] --END-- [ RunTime:0.003460s ]

[ 2017-10-17T14:28:14+08:00 ] ::1 /thinkphp-inaction/chapter-4/index.php/Home/Index/buyerror
INFO: [ app_init ] --START--
INFO: Run Behavior\BuildLiteBehavior [ RunTime:0.000011s ]
INFO: [ app_init ] --END-- [ RunTime:0.000686s ]
INFO: [ app_begin ] --START--
INFO: Run Behavior\ReadHtmlCacheBehavior [ RunTime:0.003477s ]
INFO: [ app_begin ] --END-- [ RunTime:0.003521s ]
INFO: [ view_parse ] --START--
INFO: [ template_filter ] --START--
INFO: Run Behavior\ContentReplaceBehavior [ RunTime:0.000026s ]
INFO: [ template_filter ] --END-- [ RunTime:0.000074s ]
INFO: Run Behavior\ParseTemplateBehavior [ RunTime:0.019643s ]
INFO: [ view_parse ] --END-- [ RunTime:0.019684s ]
INFO: [ view_filter ] --START--
INFO: Run Behavior\WriteHtmlCacheBehavior [ RunTime:0.003391s ]
INFO: [ view_filter ] --END-- [ RunTime:0.003417s ]

[ 2017-10-17T14:28:17+08:00 ] ::1 /thinkphp-inaction/chapter-4/index.php/Home/Index/index.html
INFO: [ app_init ] --START--
INFO: Run Behavior\BuildLiteBehavior [ RunTime:0.000011s ]
INFO: [ app_init ] --END-- [ RunTime:0.000750s ]
INFO: [ app_begin ] --START--
INFO: Run Behavior\ReadHtmlCacheBehavior [ RunTime:0.003774s ]
INFO: [ app_begin ] --END-- [ RunTime:0.003817s ]

[ 2017-10-17T14:28:35+08:00 ] ::1 /thinkphp-inaction/chapter-4/index.php/Home/Index/buyerror
INFO: [ app_init ] --START--
INFO: Run Behavior\BuildLiteBehavior [ RunTime:0.000012s ]
INFO: [ app_init ] --END-- [ RunTime:0.000764s ]
INFO: [ app_begin ] --START--
INFO: Run Behavior\ReadHtmlCacheBehavior [ RunTime:0.003473s ]
INFO: [ app_begin ] --END-- [ RunTime:0.003517s ]
INFO: [ view_parse ] --START--
INFO: [ template_filter ] --START--
INFO: Run Behavior\ContentReplaceBehavior [ RunTime:0.000028s ]
INFO: [ template_filter ] --END-- [ RunTime:0.000066s ]
INFO: Run Behavior\ParseTemplateBehavior [ RunTime:0.019170s ]
INFO: [ view_parse ] --END-- [ RunTime:0.019214s ]
INFO: [ view_filter ] --START--
INFO: Run Behavior\WriteHtmlCacheBehavior [ RunTime:0.003430s ]
INFO: [ view_filter ] --END-- [ RunTime:0.003455s ]

[ 2017-10-17T14:28:40+08:00 ] ::1 /thinkphp-inaction/chapter-4/index.php/Home/Index/index.html
INFO: [ app_init ] --START--
INFO: Run Behavior\BuildLiteBehavior [ RunTime:0.000011s ]
INFO: [ app_init ] --END-- [ RunTime:0.000802s ]
INFO: [ app_begin ] --START--
INFO: Run Behavior\ReadHtmlCacheBehavior [ RunTime:0.003685s ]
INFO: [ app_begin ] --END-- [ RunTime:0.003723s ]

[ 2017-10-17T15:06:00+08:00 ] ::1 /thinkphp-inaction/chapter-4/index.php/Home/Index/login
INFO: [ app_init ] --START--
INFO: Run Behavior\BuildLiteBehavior [ RunTime:0.000011s ]
INFO: [ app_init ] --END-- [ RunTime:0.000674s ]
INFO: [ app_begin ] --START--
INFO: Run Behavior\ReadHtmlCacheBehavior [ RunTime:0.003408s ]
INFO: [ app_begin ] --END-- [ RunTime:0.003455s ]
INFO: [ app_end ] --START--
INFO: Run Behavior\ShowPageTraceBehavior [ RunTime:0.003836s ]
INFO: [ app_end ] --END-- [ RunTime:0.003878s ]

[ 2017-10-17T15:09:22+08:00 ] ::1 /thinkphp-inaction/chapter-4/index.php/Home/Index/login
INFO: [ app_init ] --START--
INFO: Run Behavior\BuildLiteBehavior [ RunTime:0.000011s ]
INFO: [ app_init ] --END-- [ RunTime:0.000690s ]
INFO: [ app_begin ] --START--
INFO: Run Behavior\ReadHtmlCacheBehavior [ RunTime:0.004153s ]
INFO: [ app_begin ] --END-- [ RunTime:0.004216s ]
INFO: [ app_end ] --START--
INFO: Run Behavior\ShowPageTraceBehavior [ RunTime:0.003785s ]
INFO: [ app_end ] --END-- [ RunTime:0.003829s ]

[ 2017-10-17T15:09:24+08:00 ] ::1 /thinkphp-inaction/chapter-4/index.php/Home/Index/login
INFO: [ app_init ] --START--
INFO: Run Behavior\BuildLiteBehavior [ RunTime:0.000011s ]
INFO: [ app_init ] --END-- [ RunTime:0.000711s ]
INFO: [ app_begin ] --START--
INFO: Run Behavior\ReadHtmlCacheBehavior [ RunTime:0.003699s ]
INFO: [ app_begin ] --END-- [ RunTime:0.003742s ]
INFO: [ app_end ] --START--
INFO: Run Behavior\ShowPageTraceBehavior [ RunTime:0.003884s ]
INFO: [ app_end ] --END-- [ RunTime:0.003947s ]

[ 2017-10-17T15:24:16+08:00 ] ::1 /thinkphp-inaction/chapter-4/Home/User/zhangsan
INFO: [ app_init ] --START--
INFO: Run Behavior\BuildLiteBehavior [ RunTime:0.000011s ]
INFO: [ app_init ] --END-- [ RunTime:0.000683s ]
INFO: [ app_begin ] --START--
INFO: Run Behavior\ReadHtmlCacheBehavior [ RunTime:0.003437s ]
INFO: [ app_begin ] --END-- [ RunTime:0.003481s ]

[ 2017-10-17T15:24:25+08:00 ] ::1 /thinkphp-inaction/chapter-4/
INFO: [ app_init ] --START--
INFO: Run Behavior\BuildLiteBehavior [ RunTime:0.000010s ]
INFO: [ app_init ] --END-- [ RunTime:0.000684s ]
INFO: [ app_begin ] --START--
INFO: Run Behavior\ReadHtmlCacheBehavior [ RunTime:0.003723s ]
INFO: [ app_begin ] --END-- [ RunTime:0.003771s ]

[ 2017-10-17T15:24:28+08:00 ] ::1 /thinkphp-inaction/chapter-4/index.php/Home/Index/login/role/admin.html
INFO: [ app_init ] --START--
INFO: Run Behavior\BuildLiteBehavior [ RunTime:0.000012s ]
INFO: [ app_init ] --END-- [ RunTime:0.000743s ]
INFO: [ app_begin ] --START--
INFO: Run Behavior\ReadHtmlCacheBehavior [ RunTime:0.003742s ]
INFO: [ app_begin ] --END-- [ RunTime:0.003785s ]
INFO: [ app_end ] --START--
INFO: Run Behavior\ShowPageTraceBehavior [ RunTime:0.003769s ]
INFO: [ app_end ] --END-- [ RunTime:0.003814s ]

[ 2017-10-17T15:24:56+08:00 ] ::1 /thinkphp-inaction/chapter-4/home/user/
INFO: [ app_init ] --START--
INFO: Run Behavior\BuildLiteBehavior [ RunTime:0.000012s ]
INFO: [ app_init ] --END-- [ RunTime:0.000746s ]
INFO: [ app_begin ] --START--
INFO: Run Behavior\ReadHtmlCacheBehavior [ RunTime:0.003764s ]
INFO: [ app_begin ] --END-- [ RunTime:0.003812s ]

[ 2017-10-17T15:25:27+08:00 ] ::1 /thinkphp-inaction/chapter-4/home/user/
INFO: [ app_init ] --START--
INFO: Run Behavior\BuildLiteBehavior [ RunTime:0.000012s ]
INFO: [ app_init ] --END-- [ RunTime:0.000695s ]
INFO: [ app_begin ] --START--
INFO: Run Behavior\ReadHtmlCacheBehavior [ RunTime:0.003453s ]
INFO: [ app_begin ] --END-- [ RunTime:0.003494s ]

[ 2017-10-17T15:25:36+08:00 ] ::1 /thinkphp-inaction/chapter-4/home/user/zhansan
INFO: [ app_init ] --START--
INFO: Run Behavior\BuildLiteBehavior [ RunTime:0.000011s ]
INFO: [ app_init ] --END-- [ RunTime:0.000690s ]
INFO: [ app_begin ] --START--
INFO: Run Behavior\ReadHtmlCacheBehavior [ RunTime:0.003591s ]
INFO: [ app_begin ] --END-- [ RunTime:0.003636s ]

[ 2017-10-17T15:25:57+08:00 ] ::1 /thinkphp-inaction/chapter-4/home/user/zhansan
INFO: [ app_init ] --START--
INFO: Run Behavior\BuildLiteBehavior [ RunTime:0.000011s ]
INFO: [ app_init ] --END-- [ RunTime:0.000716s ]
INFO: [ app_begin ] --START--
INFO: Run Behavior\ReadHtmlCacheBehavior [ RunTime:0.003437s ]
INFO: [ app_begin ] --END-- [ RunTime:0.003478s ]
INFO: [ app_end ] --START--
INFO: Run Behavior\ShowPageTraceBehavior [ RunTime:0.003465s ]
INFO: [ app_end ] --END-- [ RunTime:0.003506s ]

[ 2017-10-17T15:32:38+08:00 ] ::1 /thinkphp-inaction/chapter-4/home/zhang
INFO: [ app_init ] --START--
INFO: Run Behavior\BuildLiteBehavior [ RunTime:0.000024s ]
INFO: [ app_init ] --END-- [ RunTime:0.000753s ]
INFO: [ app_begin ] --START--
INFO: Run Behavior\ReadHtmlCacheBehavior [ RunTime:0.004304s ]
INFO: [ app_begin ] --END-- [ RunTime:0.004352s ]
INFO: [ app_end ] --START--
INFO: Run Behavior\ShowPageTraceBehavior [ RunTime:0.003988s ]
INFO: [ app_end ] --END-- [ RunTime:0.004040s ]

[ 2017-10-17T15:55:37+08:00 ]  
INFO: [ app_init ] --START--
INFO: Run Behavior\BuildLiteBehavior [ RunTime:0.000011s ]
INFO: [ app_init ] --END-- [ RunTime:0.000407s ]
NOTIC: [8] Undefined index: REQUEST_METHOD D:\UPUPW_AP5.5\htdocs\thinkphp-inaction\ThinkPHP\Library\Think\App.class.php 第 31 行.
NOTIC: [8] Undefined index: REQUEST_URI D:\UPUPW_AP5.5\htdocs\thinkphp-inaction\ThinkPHP\Library\Think\Dispatcher.class.php 第 137 行.
NOTIC: [8] Use of undefined constant _PHP_FILE_ - assumed '_PHP_FILE_' D:\UPUPW_AP5.5\htdocs\thinkphp-inaction\ThinkPHP\Library\Think\Dispatcher.class.php 第 191 行.
INFO: [ app_begin ] --START--
INFO: Run Behavior\ReadHtmlCacheBehavior [ RunTime:0.000731s ]
INFO: [ app_begin ] --END-- [ RunTime:0.000807s ]

[ 2017-10-17T15:55:48+08:00 ]  
INFO: [ app_init ] --START--
INFO: Run Behavior\BuildLiteBehavior [ RunTime:0.000011s ]
INFO: [ app_init ] --END-- [ RunTime:0.000426s ]
NOTIC: [8] Undefined index: REQUEST_METHOD D:\UPUPW_AP5.5\htdocs\thinkphp-inaction\ThinkPHP\Library\Think\App.class.php 第 31 行.
NOTIC: [8] Undefined index: REQUEST_URI D:\UPUPW_AP5.5\htdocs\thinkphp-inaction\ThinkPHP\Library\Think\Dispatcher.class.php 第 137 行.
NOTIC: [8] Use of undefined constant _PHP_FILE_ - assumed '_PHP_FILE_' D:\UPUPW_AP5.5\htdocs\thinkphp-inaction\ThinkPHP\Library\Think\Dispatcher.class.php 第 191 行.
INFO: [ app_begin ] --START--
INFO: Run Behavior\ReadHtmlCacheBehavior [ RunTime:0.000468s ]
INFO: [ app_begin ] --END-- [ RunTime:0.000504s ]

[ 2017-10-17T15:58:18+08:00 ] 127.0.0.1 /thinkphp-inaction/chapter-4/index.php?_ijt=c88fmrhprvdualtl55j4nc4d9j
INFO: [ app_init ] --START--
INFO: Run Behavior\BuildLiteBehavior [ RunTime:0.000023s ]
INFO: [ app_init ] --END-- [ RunTime:0.000396s ]
INFO: [ app_begin ] --START--
INFO: Run Behavior\ReadHtmlCacheBehavior [ RunTime:0.000666s ]
INFO: [ app_begin ] --END-- [ RunTime:0.000762s ]

