[ 2017-10-19T15:51:16+08:00 ] ::1 /thinkphp-inaction/chapter-7/
INFO: [ app_init ] --START--
INFO: Run Behavior\BuildLiteBehavior [ RunTime:0.000013s ]
INFO: [ app_init ] --END-- [ RunTime:0.000085s ]
INFO: [ app_begin ] --START--
INFO: Run Behavior\ReadHtmlCacheBehavior [ RunTime:0.004088s ]
INFO: [ app_begin ] --END-- [ RunTime:0.004170s ]
INFO: [ view_parse ] --START--
NOTIC: [2] is_file(): File name is longer than the maximum allowed path length on this platform (260): &lt;style type=&quot;text/css&quot;&gt;*{ padding: 0; margin: 0; } div{ padding: 4px 48px;} body{ background: #fff; font-family: &quot;微软雅黑&quot;; color: #333;font-size:24px} h1{ font-size: 100px; font-weight: normal; margin-bottom: 12px; } p{ line-height: 1.8em; font-size: 36px } a,a:hover{color:blue;}&lt;/style&gt;&lt;div style=&quot;padding: 24px 48px;&quot;&gt; &lt;h1&gt;:)&lt;/h1&gt;&lt;p&gt;欢迎使用 &lt;b&gt;ThinkPHP&lt;/b&gt;！&lt;/p&gt;&lt;br/&gt;版本 V{$Think.version}&lt;/div&gt;&lt;script type=&quot;text/javascript&quot; src=&quot;http://ad.topthink.com/Public/static/client.js&quot;&gt;&lt;/script&gt;&lt;thinkad id=&quot;ad_55e75dfae343f5a1&quot;&gt;&lt;/thinkad&gt;&lt;script type=&quot;text/javascript&quot; src=&quot;http://tajs.qq.com/stats?sId=9347272&quot; charset=&quot;UTF-8&quot;&gt;&lt;/script&gt; D:\UPUPW_AP5.5\htdocs\thinkphp-inaction\ThinkPHP\Library\Think\Template.class.php 第 89 行.
INFO: [ template_filter ] --START--
INFO: Run Behavior\ContentReplaceBehavior [ RunTime:0.000024s ]
INFO: [ template_filter ] --END-- [ RunTime:0.000063s ]
INFO: Run Behavior\ParseTemplateBehavior [ RunTime:0.025050s ]
INFO: [ view_parse ] --END-- [ RunTime:0.025093s ]
INFO: [ view_filter ] --START--
INFO: Run Behavior\WriteHtmlCacheBehavior [ RunTime:0.004306s ]
INFO: [ view_filter ] --END-- [ RunTime:0.004335s ]
INFO: [ app_end ] --START--
INFO: Run Behavior\ShowPageTraceBehavior [ RunTime:0.004296s ]
INFO: [ app_end ] --END-- [ RunTime:0.004339s ]

[ 2017-10-19T16:13:13+08:00 ] ::1 /thinkphp-inaction/chapter-7/
INFO: [ app_init ] --START--
INFO: Run Behavior\BuildLiteBehavior [ RunTime:0.000012s ]
INFO: [ app_init ] --END-- [ RunTime:0.000785s ]
INFO: [ app_begin ] --START--
INFO: Run Behavior\ReadHtmlCacheBehavior [ RunTime:0.003988s ]
INFO: [ app_begin ] --END-- [ RunTime:0.004035s ]

[ 2017-10-19T16:13:42+08:00 ] ::1 /thinkphp-inaction/chapter-7/
INFO: [ app_init ] --START--
INFO: Run Behavior\BuildLiteBehavior [ RunTime:0.000010s ]
INFO: [ app_init ] --END-- [ RunTime:0.000786s ]
INFO: [ app_begin ] --START--
INFO: Run Behavior\ReadHtmlCacheBehavior [ RunTime:0.004032s ]
INFO: [ app_begin ] --END-- [ RunTime:0.004076s ]
ERR: 模板不存在:./Application/Home/View/Index/index.html

[ 2017-10-19T16:14:11+08:00 ] ::1 /thinkphp-inaction/chapter-7/
INFO: [ app_init ] --START--
INFO: Run Behavior\BuildLiteBehavior [ RunTime:0.000027s ]
INFO: [ app_init ] --END-- [ RunTime:0.001077s ]
INFO: [ app_begin ] --START--
INFO: Run Behavior\ReadHtmlCacheBehavior [ RunTime:0.004440s ]
INFO: [ app_begin ] --END-- [ RunTime:0.004485s ]
INFO: [ view_parse ] --START--
INFO: [ template_filter ] --START--
INFO: Run Behavior\ContentReplaceBehavior [ RunTime:0.000025s ]
INFO: [ template_filter ] --END-- [ RunTime:0.000065s ]
INFO: Run Behavior\ParseTemplateBehavior [ RunTime:0.078374s ]
INFO: [ view_parse ] --END-- [ RunTime:0.078500s ]
INFO: [ view_filter ] --START--
INFO: Run Behavior\WriteHtmlCacheBehavior [ RunTime:0.011467s ]
INFO: [ view_filter ] --END-- [ RunTime:0.011548s ]
INFO: [ app_end ] --START--
INFO: Run Behavior\ShowPageTraceBehavior [ RunTime:0.008202s ]
INFO: [ app_end ] --END-- [ RunTime:0.008320s ]

[ 2017-10-19T16:14:41+08:00 ] ::1 /thinkphp-inaction/chapter-7/
INFO: [ app_init ] --START--
INFO: Run Behavior\BuildLiteBehavior [ RunTime:0.000010s ]
INFO: [ app_init ] --END-- [ RunTime:0.000789s ]
INFO: [ app_begin ] --START--
INFO: Run Behavior\ReadHtmlCacheBehavior [ RunTime:0.004371s ]
INFO: [ app_begin ] --END-- [ RunTime:0.004427s ]
INFO: [ view_parse ] --START--
INFO: [ template_filter ] --START--
INFO: Run Behavior\ContentReplaceBehavior [ RunTime:0.000023s ]
INFO: [ template_filter ] --END-- [ RunTime:0.000062s ]
INFO: Run Behavior\ParseTemplateBehavior [ RunTime:0.024331s ]
INFO: [ view_parse ] --END-- [ RunTime:0.024382s ]
INFO: [ view_filter ] --START--
INFO: Run Behavior\WriteHtmlCacheBehavior [ RunTime:0.006099s ]
INFO: [ view_filter ] --END-- [ RunTime:0.006138s ]
INFO: [ app_end ] --START--
INFO: Run Behavior\ShowPageTraceBehavior [ RunTime:0.004435s ]
INFO: [ app_end ] --END-- [ RunTime:0.004470s ]

[ 2017-10-19T16:14:42+08:00 ] ::1 /thinkphp-inaction/chapter-7/
INFO: [ app_init ] --START--
INFO: Run Behavior\BuildLiteBehavior [ RunTime:0.000010s ]
INFO: [ app_init ] --END-- [ RunTime:0.000787s ]
INFO: [ app_begin ] --START--
INFO: Run Behavior\ReadHtmlCacheBehavior [ RunTime:0.004581s ]
INFO: [ app_begin ] --END-- [ RunTime:0.004630s ]
INFO: [ app_end ] --START--
INFO: Run Behavior\ShowPageTraceBehavior [ RunTime:0.004752s ]
INFO: [ app_end ] --END-- [ RunTime:0.004806s ]

[ 2017-10-19T16:14:43+08:00 ] ::1 /thinkphp-inaction/chapter-7/
INFO: [ app_init ] --START--
INFO: Run Behavior\BuildLiteBehavior [ RunTime:0.000011s ]
INFO: [ app_init ] --END-- [ RunTime:0.000866s ]
INFO: [ app_begin ] --START--
INFO: Run Behavior\ReadHtmlCacheBehavior [ RunTime:0.004576s ]
INFO: [ app_begin ] --END-- [ RunTime:0.004625s ]
INFO: [ app_end ] --START--
INFO: Run Behavior\ShowPageTraceBehavior [ RunTime:0.004465s ]
INFO: [ app_end ] --END-- [ RunTime:0.004515s ]

[ 2017-10-19T16:14:43+08:00 ] ::1 /thinkphp-inaction/chapter-7/
INFO: [ app_init ] --START--
INFO: Run Behavior\BuildLiteBehavior [ RunTime:0.000023s ]
INFO: [ app_init ] --END-- [ RunTime:0.000777s ]
INFO: [ app_begin ] --START--
INFO: Run Behavior\ReadHtmlCacheBehavior [ RunTime:0.004611s ]
INFO: [ app_begin ] --END-- [ RunTime:0.004655s ]
INFO: [ app_end ] --START--
INFO: Run Behavior\ShowPageTraceBehavior [ RunTime:0.004277s ]
INFO: [ app_end ] --END-- [ RunTime:0.004333s ]

[ 2017-10-19T16:14:43+08:00 ] ::1 /thinkphp-inaction/chapter-7/
INFO: [ app_init ] --START--
INFO: Run Behavior\BuildLiteBehavior [ RunTime:0.000011s ]
INFO: [ app_init ] --END-- [ RunTime:0.001023s ]
INFO: [ app_begin ] --START--
INFO: Run Behavior\ReadHtmlCacheBehavior [ RunTime:0.004596s ]
INFO: [ app_begin ] --END-- [ RunTime:0.004647s ]
INFO: [ app_end ] --START--
INFO: Run Behavior\ShowPageTraceBehavior [ RunTime:0.005389s ]
INFO: [ app_end ] --END-- [ RunTime:0.005436s ]

[ 2017-10-19T16:14:43+08:00 ] ::1 /thinkphp-inaction/chapter-7/
INFO: [ app_init ] --START--
INFO: Run Behavior\BuildLiteBehavior [ RunTime:0.000010s ]
INFO: [ app_init ] --END-- [ RunTime:0.000769s ]
INFO: [ app_begin ] --START--
INFO: Run Behavior\ReadHtmlCacheBehavior [ RunTime:0.004089s ]
INFO: [ app_begin ] --END-- [ RunTime:0.004136s ]
INFO: [ app_end ] --START--
INFO: Run Behavior\ShowPageTraceBehavior [ RunTime:0.004464s ]
INFO: [ app_end ] --END-- [ RunTime:0.004511s ]

[ 2017-10-19T16:14:47+08:00 ] ::1 /thinkphp-inaction/chapter-7/
INFO: [ app_init ] --START--
INFO: Run Behavior\BuildLiteBehavior [ RunTime:0.000009s ]
INFO: [ app_init ] --END-- [ RunTime:0.000763s ]
INFO: [ app_begin ] --START--
INFO: Run Behavior\ReadHtmlCacheBehavior [ RunTime:0.004053s ]
INFO: [ app_begin ] --END-- [ RunTime:0.004098s ]
INFO: [ app_end ] --START--
INFO: Run Behavior\ShowPageTraceBehavior [ RunTime:0.004083s ]
INFO: [ app_end ] --END-- [ RunTime:0.004125s ]

[ 2017-10-19T16:14:48+08:00 ] ::1 /thinkphp-inaction/chapter-7/
INFO: [ app_init ] --START--
INFO: Run Behavior\BuildLiteBehavior [ RunTime:0.000012s ]
INFO: [ app_init ] --END-- [ RunTime:0.000867s ]
INFO: [ app_begin ] --START--
INFO: Run Behavior\ReadHtmlCacheBehavior [ RunTime:0.004452s ]
INFO: [ app_begin ] --END-- [ RunTime:0.004508s ]
INFO: [ view_parse ] --START--
INFO: [ template_filter ] --START--
INFO: Run Behavior\ContentReplaceBehavior [ RunTime:0.000024s ]
INFO: [ template_filter ] --END-- [ RunTime:0.000062s ]
NOTIC: [8] Undefined variable: val D:\UPUPW_AP5.5\htdocs\thinkphp-inaction\chapter-7\Application\Runtime\Cache\Home\2a94b8bda04ff446dcedd42276fc99ee.php 第 8 行.
NOTIC: [8] Undefined variable: array1 D:\UPUPW_AP5.5\htdocs\thinkphp-inaction\chapter-7\Application\Runtime\Cache\Home\2a94b8bda04ff446dcedd42276fc99ee.php 第 9 行.
NOTIC: [8] Undefined variable: array1 D:\UPUPW_AP5.5\htdocs\thinkphp-inaction\chapter-7\Application\Runtime\Cache\Home\2a94b8bda04ff446dcedd42276fc99ee.php 第 10 行.
NOTIC: [8] Undefined variable: array2 D:\UPUPW_AP5.5\htdocs\thinkphp-inaction\chapter-7\Application\Runtime\Cache\Home\2a94b8bda04ff446dcedd42276fc99ee.php 第 11 行.
NOTIC: [8] Undefined variable: obj D:\UPUPW_AP5.5\htdocs\thinkphp-inaction\chapter-7\Application\Runtime\Cache\Home\2a94b8bda04ff446dcedd42276fc99ee.php 第 12 行.
NOTIC: [8] Trying to get property of non-object D:\UPUPW_AP5.5\htdocs\thinkphp-inaction\chapter-7\Application\Runtime\Cache\Home\2a94b8bda04ff446dcedd42276fc99ee.php 第 12 行.
INFO: Run Behavior\ParseTemplateBehavior [ RunTime:0.023916s ]
INFO: [ view_parse ] --END-- [ RunTime:0.023984s ]
INFO: [ view_filter ] --START--
INFO: Run Behavior\WriteHtmlCacheBehavior [ RunTime:0.003978s ]
INFO: [ view_filter ] --END-- [ RunTime:0.004004s ]
INFO: [ app_end ] --START--
INFO: Run Behavior\ShowPageTraceBehavior [ RunTime:0.004405s ]
INFO: [ app_end ] --END-- [ RunTime:0.004435s ]

[ 2017-10-19T16:14:48+08:00 ] ::1 /thinkphp-inaction/chapter-7/
INFO: [ app_init ] --START--
INFO: Run Behavior\BuildLiteBehavior [ RunTime:0.000011s ]
INFO: [ app_init ] --END-- [ RunTime:0.000814s ]
INFO: [ app_begin ] --START--
INFO: Run Behavior\ReadHtmlCacheBehavior [ RunTime:0.004022s ]
INFO: [ app_begin ] --END-- [ RunTime:0.004069s ]
INFO: [ view_parse ] --START--
INFO: [ template_filter ] --START--
INFO: Run Behavior\ContentReplaceBehavior [ RunTime:0.000024s ]
INFO: [ template_filter ] --END-- [ RunTime:0.000079s ]
NOTIC: [8] Undefined variable: val D:\UPUPW_AP5.5\htdocs\thinkphp-inaction\chapter-7\Application\Runtime\Cache\Home\2a94b8bda04ff446dcedd42276fc99ee.php 第 8 行.
NOTIC: [8] Undefined variable: array1 D:\UPUPW_AP5.5\htdocs\thinkphp-inaction\chapter-7\Application\Runtime\Cache\Home\2a94b8bda04ff446dcedd42276fc99ee.php 第 9 行.
NOTIC: [8] Undefined variable: array1 D:\UPUPW_AP5.5\htdocs\thinkphp-inaction\chapter-7\Application\Runtime\Cache\Home\2a94b8bda04ff446dcedd42276fc99ee.php 第 10 行.
NOTIC: [8] Undefined variable: array2 D:\UPUPW_AP5.5\htdocs\thinkphp-inaction\chapter-7\Application\Runtime\Cache\Home\2a94b8bda04ff446dcedd42276fc99ee.php 第 11 行.
NOTIC: [8] Undefined variable: obj D:\UPUPW_AP5.5\htdocs\thinkphp-inaction\chapter-7\Application\Runtime\Cache\Home\2a94b8bda04ff446dcedd42276fc99ee.php 第 12 行.
NOTIC: [8] Trying to get property of non-object D:\UPUPW_AP5.5\htdocs\thinkphp-inaction\chapter-7\Application\Runtime\Cache\Home\2a94b8bda04ff446dcedd42276fc99ee.php 第 12 行.
INFO: Run Behavior\ParseTemplateBehavior [ RunTime:0.023744s ]
INFO: [ view_parse ] --END-- [ RunTime:0.023781s ]
INFO: [ view_filter ] --START--
INFO: Run Behavior\WriteHtmlCacheBehavior [ RunTime:0.004122s ]
INFO: [ view_filter ] --END-- [ RunTime:0.004148s ]
INFO: [ app_end ] --START--
INFO: Run Behavior\ShowPageTraceBehavior [ RunTime:0.005134s ]
INFO: [ app_end ] --END-- [ RunTime:0.005171s ]

[ 2017-10-19T16:14:49+08:00 ] ::1 /thinkphp-inaction/chapter-7/
INFO: [ app_init ] --START--
INFO: Run Behavior\BuildLiteBehavior [ RunTime:0.000010s ]
INFO: [ app_init ] --END-- [ RunTime:0.000792s ]
INFO: [ app_begin ] --START--
INFO: Run Behavior\ReadHtmlCacheBehavior [ RunTime:0.004790s ]
INFO: [ app_begin ] --END-- [ RunTime:0.004839s ]
INFO: [ view_parse ] --START--
INFO: [ template_filter ] --START--
INFO: Run Behavior\ContentReplaceBehavior [ RunTime:0.000022s ]
INFO: [ template_filter ] --END-- [ RunTime:0.000058s ]
NOTIC: [8] Undefined variable: val D:\UPUPW_AP5.5\htdocs\thinkphp-inaction\chapter-7\Application\Runtime\Cache\Home\2a94b8bda04ff446dcedd42276fc99ee.php 第 8 行.
NOTIC: [8] Undefined variable: array1 D:\UPUPW_AP5.5\htdocs\thinkphp-inaction\chapter-7\Application\Runtime\Cache\Home\2a94b8bda04ff446dcedd42276fc99ee.php 第 9 行.
NOTIC: [8] Undefined variable: array1 D:\UPUPW_AP5.5\htdocs\thinkphp-inaction\chapter-7\Application\Runtime\Cache\Home\2a94b8bda04ff446dcedd42276fc99ee.php 第 10 行.
NOTIC: [8] Undefined variable: array2 D:\UPUPW_AP5.5\htdocs\thinkphp-inaction\chapter-7\Application\Runtime\Cache\Home\2a94b8bda04ff446dcedd42276fc99ee.php 第 11 行.
NOTIC: [8] Undefined variable: obj D:\UPUPW_AP5.5\htdocs\thinkphp-inaction\chapter-7\Application\Runtime\Cache\Home\2a94b8bda04ff446dcedd42276fc99ee.php 第 12 行.
NOTIC: [8] Trying to get property of non-object D:\UPUPW_AP5.5\htdocs\thinkphp-inaction\chapter-7\Application\Runtime\Cache\Home\2a94b8bda04ff446dcedd42276fc99ee.php 第 12 行.
INFO: Run Behavior\ParseTemplateBehavior [ RunTime:0.025313s ]
INFO: [ view_parse ] --END-- [ RunTime:0.025352s ]
INFO: [ view_filter ] --START--
INFO: Run Behavior\WriteHtmlCacheBehavior [ RunTime:0.004096s ]
INFO: [ view_filter ] --END-- [ RunTime:0.004123s ]
INFO: [ app_end ] --START--
INFO: Run Behavior\ShowPageTraceBehavior [ RunTime:0.004415s ]
INFO: [ app_end ] --END-- [ RunTime:0.004446s ]

[ 2017-10-19T16:14:49+08:00 ] ::1 /thinkphp-inaction/chapter-7/
INFO: [ app_init ] --START--
INFO: Run Behavior\BuildLiteBehavior [ RunTime:0.000011s ]
INFO: [ app_init ] --END-- [ RunTime:0.000982s ]
INFO: [ app_begin ] --START--
INFO: Run Behavior\ReadHtmlCacheBehavior [ RunTime:0.004061s ]
INFO: [ app_begin ] --END-- [ RunTime:0.004107s ]
INFO: [ view_parse ] --START--
INFO: [ template_filter ] --START--
INFO: Run Behavior\ContentReplaceBehavior [ RunTime:0.000024s ]
INFO: [ template_filter ] --END-- [ RunTime:0.000062s ]
NOTIC: [8] Undefined variable: val D:\UPUPW_AP5.5\htdocs\thinkphp-inaction\chapter-7\Application\Runtime\Cache\Home\2a94b8bda04ff446dcedd42276fc99ee.php 第 8 行.
NOTIC: [8] Undefined variable: array1 D:\UPUPW_AP5.5\htdocs\thinkphp-inaction\chapter-7\Application\Runtime\Cache\Home\2a94b8bda04ff446dcedd42276fc99ee.php 第 9 行.
NOTIC: [8] Undefined variable: array1 D:\UPUPW_AP5.5\htdocs\thinkphp-inaction\chapter-7\Application\Runtime\Cache\Home\2a94b8bda04ff446dcedd42276fc99ee.php 第 10 行.
NOTIC: [8] Undefined variable: array2 D:\UPUPW_AP5.5\htdocs\thinkphp-inaction\chapter-7\Application\Runtime\Cache\Home\2a94b8bda04ff446dcedd42276fc99ee.php 第 11 行.
NOTIC: [8] Undefined variable: obj D:\UPUPW_AP5.5\htdocs\thinkphp-inaction\chapter-7\Application\Runtime\Cache\Home\2a94b8bda04ff446dcedd42276fc99ee.php 第 12 行.
NOTIC: [8] Trying to get property of non-object D:\UPUPW_AP5.5\htdocs\thinkphp-inaction\chapter-7\Application\Runtime\Cache\Home\2a94b8bda04ff446dcedd42276fc99ee.php 第 12 行.
INFO: Run Behavior\ParseTemplateBehavior [ RunTime:0.024214s ]
INFO: [ view_parse ] --END-- [ RunTime:0.024251s ]
INFO: [ view_filter ] --START--
INFO: Run Behavior\WriteHtmlCacheBehavior [ RunTime:0.005456s ]
INFO: [ view_filter ] --END-- [ RunTime:0.005498s ]
INFO: [ app_end ] --START--
INFO: Run Behavior\ShowPageTraceBehavior [ RunTime:0.004155s ]
INFO: [ app_end ] --END-- [ RunTime:0.004183s ]

[ 2017-10-19T16:14:49+08:00 ] ::1 /thinkphp-inaction/chapter-7/
INFO: [ app_init ] --START--
INFO: Run Behavior\BuildLiteBehavior [ RunTime:0.000011s ]
INFO: [ app_init ] --END-- [ RunTime:0.000791s ]
INFO: [ app_begin ] --START--
INFO: Run Behavior\ReadHtmlCacheBehavior [ RunTime:0.004383s ]
INFO: [ app_begin ] --END-- [ RunTime:0.004434s ]
INFO: [ view_parse ] --START--
INFO: [ template_filter ] --START--
INFO: Run Behavior\ContentReplaceBehavior [ RunTime:0.000023s ]
INFO: [ template_filter ] --END-- [ RunTime:0.000062s ]
NOTIC: [8] Undefined variable: val D:\UPUPW_AP5.5\htdocs\thinkphp-inaction\chapter-7\Application\Runtime\Cache\Home\2a94b8bda04ff446dcedd42276fc99ee.php 第 8 行.
NOTIC: [8] Undefined variable: array1 D:\UPUPW_AP5.5\htdocs\thinkphp-inaction\chapter-7\Application\Runtime\Cache\Home\2a94b8bda04ff446dcedd42276fc99ee.php 第 9 行.
NOTIC: [8] Undefined variable: array1 D:\UPUPW_AP5.5\htdocs\thinkphp-inaction\chapter-7\Application\Runtime\Cache\Home\2a94b8bda04ff446dcedd42276fc99ee.php 第 10 行.
NOTIC: [8] Undefined variable: array2 D:\UPUPW_AP5.5\htdocs\thinkphp-inaction\chapter-7\Application\Runtime\Cache\Home\2a94b8bda04ff446dcedd42276fc99ee.php 第 11 行.
NOTIC: [8] Undefined variable: obj D:\UPUPW_AP5.5\htdocs\thinkphp-inaction\chapter-7\Application\Runtime\Cache\Home\2a94b8bda04ff446dcedd42276fc99ee.php 第 12 行.
NOTIC: [8] Trying to get property of non-object D:\UPUPW_AP5.5\htdocs\thinkphp-inaction\chapter-7\Application\Runtime\Cache\Home\2a94b8bda04ff446dcedd42276fc99ee.php 第 12 行.
INFO: Run Behavior\ParseTemplateBehavior [ RunTime:0.025616s ]
INFO: [ view_parse ] --END-- [ RunTime:0.025679s ]
INFO: [ view_filter ] --START--
INFO: Run Behavior\WriteHtmlCacheBehavior [ RunTime:0.004450s ]
INFO: [ view_filter ] --END-- [ RunTime:0.004478s ]
INFO: [ app_end ] --START--
INFO: Run Behavior\ShowPageTraceBehavior [ RunTime:0.004068s ]
INFO: [ app_end ] --END-- [ RunTime:0.004106s ]

[ 2017-10-19T16:14:49+08:00 ] ::1 /thinkphp-inaction/chapter-7/
INFO: [ app_init ] --START--
INFO: Run Behavior\BuildLiteBehavior [ RunTime:0.000010s ]
INFO: [ app_init ] --END-- [ RunTime:0.000779s ]
INFO: [ app_begin ] --START--
INFO: Run Behavior\ReadHtmlCacheBehavior [ RunTime:0.004733s ]
INFO: [ app_begin ] --END-- [ RunTime:0.004785s ]
INFO: [ view_parse ] --START--
INFO: [ template_filter ] --START--
INFO: Run Behavior\ContentReplaceBehavior [ RunTime:0.000022s ]
INFO: [ template_filter ] --END-- [ RunTime:0.000060s ]
NOTIC: [8] Undefined variable: val D:\UPUPW_AP5.5\htdocs\thinkphp-inaction\chapter-7\Application\Runtime\Cache\Home\2a94b8bda04ff446dcedd42276fc99ee.php 第 8 行.
NOTIC: [8] Undefined variable: array1 D:\UPUPW_AP5.5\htdocs\thinkphp-inaction\chapter-7\Application\Runtime\Cache\Home\2a94b8bda04ff446dcedd42276fc99ee.php 第 9 行.
NOTIC: [8] Undefined variable: array1 D:\UPUPW_AP5.5\htdocs\thinkphp-inaction\chapter-7\Application\Runtime\Cache\Home\2a94b8bda04ff446dcedd42276fc99ee.php 第 10 行.
NOTIC: [8] Undefined variable: array2 D:\UPUPW_AP5.5\htdocs\thinkphp-inaction\chapter-7\Application\Runtime\Cache\Home\2a94b8bda04ff446dcedd42276fc99ee.php 第 11 行.
NOTIC: [8] Undefined variable: obj D:\UPUPW_AP5.5\htdocs\thinkphp-inaction\chapter-7\Application\Runtime\Cache\Home\2a94b8bda04ff446dcedd42276fc99ee.php 第 12 行.
NOTIC: [8] Trying to get property of non-object D:\UPUPW_AP5.5\htdocs\thinkphp-inaction\chapter-7\Application\Runtime\Cache\Home\2a94b8bda04ff446dcedd42276fc99ee.php 第 12 行.
INFO: Run Behavior\ParseTemplateBehavior [ RunTime:0.026266s ]
INFO: [ view_parse ] --END-- [ RunTime:0.026318s ]
INFO: [ view_filter ] --START--
INFO: Run Behavior\WriteHtmlCacheBehavior [ RunTime:0.004130s ]
INFO: [ view_filter ] --END-- [ RunTime:0.004159s ]
INFO: [ app_end ] --START--
INFO: Run Behavior\ShowPageTraceBehavior [ RunTime:0.004181s ]
INFO: [ app_end ] --END-- [ RunTime:0.004208s ]

[ 2017-10-19T16:14:49+08:00 ] ::1 /thinkphp-inaction/chapter-7/
INFO: [ app_init ] --START--
INFO: Run Behavior\BuildLiteBehavior [ RunTime:0.000011s ]
INFO: [ app_init ] --END-- [ RunTime:0.000811s ]
INFO: [ app_begin ] --START--
INFO: Run Behavior\ReadHtmlCacheBehavior [ RunTime:0.004566s ]
INFO: [ app_begin ] --END-- [ RunTime:0.004618s ]
INFO: [ view_parse ] --START--
INFO: [ template_filter ] --START--
INFO: Run Behavior\ContentReplaceBehavior [ RunTime:0.000023s ]
INFO: [ template_filter ] --END-- [ RunTime:0.000061s ]
NOTIC: [8] Undefined variable: val D:\UPUPW_AP5.5\htdocs\thinkphp-inaction\chapter-7\Application\Runtime\Cache\Home\2a94b8bda04ff446dcedd42276fc99ee.php 第 8 行.
NOTIC: [8] Undefined variable: array1 D:\UPUPW_AP5.5\htdocs\thinkphp-inaction\chapter-7\Application\Runtime\Cache\Home\2a94b8bda04ff446dcedd42276fc99ee.php 第 9 行.
NOTIC: [8] Undefined variable: array1 D:\UPUPW_AP5.5\htdocs\thinkphp-inaction\chapter-7\Application\Runtime\Cache\Home\2a94b8bda04ff446dcedd42276fc99ee.php 第 10 行.
NOTIC: [8] Undefined variable: array2 D:\UPUPW_AP5.5\htdocs\thinkphp-inaction\chapter-7\Application\Runtime\Cache\Home\2a94b8bda04ff446dcedd42276fc99ee.php 第 11 行.
NOTIC: [8] Undefined variable: obj D:\UPUPW_AP5.5\htdocs\thinkphp-inaction\chapter-7\Application\Runtime\Cache\Home\2a94b8bda04ff446dcedd42276fc99ee.php 第 12 行.
NOTIC: [8] Trying to get property of non-object D:\UPUPW_AP5.5\htdocs\thinkphp-inaction\chapter-7\Application\Runtime\Cache\Home\2a94b8bda04ff446dcedd42276fc99ee.php 第 12 行.
INFO: Run Behavior\ParseTemplateBehavior [ RunTime:0.026169s ]
INFO: [ view_parse ] --END-- [ RunTime:0.026208s ]
INFO: [ view_filter ] --START--
INFO: Run Behavior\WriteHtmlCacheBehavior [ RunTime:0.004065s ]
INFO: [ view_filter ] --END-- [ RunTime:0.004092s ]
INFO: [ app_end ] --START--
INFO: Run Behavior\ShowPageTraceBehavior [ RunTime:0.004518s ]
INFO: [ app_end ] --END-- [ RunTime:0.004544s ]

[ 2017-10-19T16:14:50+08:00 ] ::1 /thinkphp-inaction/chapter-7/
INFO: [ app_init ] --START--
INFO: Run Behavior\BuildLiteBehavior [ RunTime:0.000011s ]
INFO: [ app_init ] --END-- [ RunTime:0.000833s ]
INFO: [ app_begin ] --START--
INFO: Run Behavior\ReadHtmlCacheBehavior [ RunTime:0.003955s ]
INFO: [ app_begin ] --END-- [ RunTime:0.004000s ]
INFO: [ view_parse ] --START--
INFO: [ template_filter ] --START--
INFO: Run Behavior\ContentReplaceBehavior [ RunTime:0.000023s ]
INFO: [ template_filter ] --END-- [ RunTime:0.000061s ]
NOTIC: [8] Undefined variable: val D:\UPUPW_AP5.5\htdocs\thinkphp-inaction\chapter-7\Application\Runtime\Cache\Home\2a94b8bda04ff446dcedd42276fc99ee.php 第 8 行.
NOTIC: [8] Undefined variable: array1 D:\UPUPW_AP5.5\htdocs\thinkphp-inaction\chapter-7\Application\Runtime\Cache\Home\2a94b8bda04ff446dcedd42276fc99ee.php 第 9 行.
NOTIC: [8] Undefined variable: array1 D:\UPUPW_AP5.5\htdocs\thinkphp-inaction\chapter-7\Application\Runtime\Cache\Home\2a94b8bda04ff446dcedd42276fc99ee.php 第 10 行.
NOTIC: [8] Undefined variable: array2 D:\UPUPW_AP5.5\htdocs\thinkphp-inaction\chapter-7\Application\Runtime\Cache\Home\2a94b8bda04ff446dcedd42276fc99ee.php 第 11 行.
NOTIC: [8] Undefined variable: obj D:\UPUPW_AP5.5\htdocs\thinkphp-inaction\chapter-7\Application\Runtime\Cache\Home\2a94b8bda04ff446dcedd42276fc99ee.php 第 12 行.
NOTIC: [8] Trying to get property of non-object D:\UPUPW_AP5.5\htdocs\thinkphp-inaction\chapter-7\Application\Runtime\Cache\Home\2a94b8bda04ff446dcedd42276fc99ee.php 第 12 行.
INFO: Run Behavior\ParseTemplateBehavior [ RunTime:0.025312s ]
INFO: [ view_parse ] --END-- [ RunTime:0.025356s ]
INFO: [ view_filter ] --START--
INFO: Run Behavior\WriteHtmlCacheBehavior [ RunTime:0.004298s ]
INFO: [ view_filter ] --END-- [ RunTime:0.004328s ]
INFO: [ app_end ] --START--
INFO: Run Behavior\ShowPageTraceBehavior [ RunTime:0.004799s ]
INFO: [ app_end ] --END-- [ RunTime:0.004836s ]

[ 2017-10-19T16:14:50+08:00 ] ::1 /thinkphp-inaction/chapter-7/
INFO: [ app_init ] --START--
INFO: Run Behavior\BuildLiteBehavior [ RunTime:0.000019s ]
INFO: [ app_init ] --END-- [ RunTime:0.001058s ]
INFO: [ app_begin ] --START--
INFO: Run Behavior\ReadHtmlCacheBehavior [ RunTime:0.005038s ]
INFO: [ app_begin ] --END-- [ RunTime:0.005113s ]
INFO: [ view_parse ] --START--
INFO: [ template_filter ] --START--
INFO: Run Behavior\ContentReplaceBehavior [ RunTime:0.000037s ]
INFO: [ template_filter ] --END-- [ RunTime:0.000089s ]
NOTIC: [8] Undefined variable: val D:\UPUPW_AP5.5\htdocs\thinkphp-inaction\chapter-7\Application\Runtime\Cache\Home\2a94b8bda04ff446dcedd42276fc99ee.php 第 8 行.
NOTIC: [8] Undefined variable: array1 D:\UPUPW_AP5.5\htdocs\thinkphp-inaction\chapter-7\Application\Runtime\Cache\Home\2a94b8bda04ff446dcedd42276fc99ee.php 第 9 行.
NOTIC: [8] Undefined variable: array1 D:\UPUPW_AP5.5\htdocs\thinkphp-inaction\chapter-7\Application\Runtime\Cache\Home\2a94b8bda04ff446dcedd42276fc99ee.php 第 10 行.
NOTIC: [8] Undefined variable: array2 D:\UPUPW_AP5.5\htdocs\thinkphp-inaction\chapter-7\Application\Runtime\Cache\Home\2a94b8bda04ff446dcedd42276fc99ee.php 第 11 行.
NOTIC: [8] Undefined variable: obj D:\UPUPW_AP5.5\htdocs\thinkphp-inaction\chapter-7\Application\Runtime\Cache\Home\2a94b8bda04ff446dcedd42276fc99ee.php 第 12 行.
NOTIC: [8] Trying to get property of non-object D:\UPUPW_AP5.5\htdocs\thinkphp-inaction\chapter-7\Application\Runtime\Cache\Home\2a94b8bda04ff446dcedd42276fc99ee.php 第 12 行.
INFO: Run Behavior\ParseTemplateBehavior [ RunTime:0.028645s ]
INFO: [ view_parse ] --END-- [ RunTime:0.028694s ]
INFO: [ view_filter ] --START--
INFO: Run Behavior\WriteHtmlCacheBehavior [ RunTime:0.004199s ]
INFO: [ view_filter ] --END-- [ RunTime:0.004233s ]
INFO: [ app_end ] --START--
INFO: Run Behavior\ShowPageTraceBehavior [ RunTime:0.004243s ]
INFO: [ app_end ] --END-- [ RunTime:0.004321s ]

[ 2017-10-19T16:14:50+08:00 ] ::1 /thinkphp-inaction/chapter-7/
INFO: [ app_init ] --START--
INFO: Run Behavior\BuildLiteBehavior [ RunTime:0.000012s ]
INFO: [ app_init ] --END-- [ RunTime:0.000857s ]
INFO: [ app_begin ] --START--
INFO: Run Behavior\ReadHtmlCacheBehavior [ RunTime:0.004398s ]
INFO: [ app_begin ] --END-- [ RunTime:0.004453s ]
INFO: [ view_parse ] --START--
INFO: [ template_filter ] --START--
INFO: Run Behavior\ContentReplaceBehavior [ RunTime:0.000024s ]
INFO: [ template_filter ] --END-- [ RunTime:0.000074s ]
NOTIC: [8] Undefined variable: val D:\UPUPW_AP5.5\htdocs\thinkphp-inaction\chapter-7\Application\Runtime\Cache\Home\2a94b8bda04ff446dcedd42276fc99ee.php 第 8 行.
NOTIC: [8] Undefined variable: array1 D:\UPUPW_AP5.5\htdocs\thinkphp-inaction\chapter-7\Application\Runtime\Cache\Home\2a94b8bda04ff446dcedd42276fc99ee.php 第 9 行.
NOTIC: [8] Undefined variable: array1 D:\UPUPW_AP5.5\htdocs\thinkphp-inaction\chapter-7\Application\Runtime\Cache\Home\2a94b8bda04ff446dcedd42276fc99ee.php 第 10 行.
NOTIC: [8] Undefined variable: array2 D:\UPUPW_AP5.5\htdocs\thinkphp-inaction\chapter-7\Application\Runtime\Cache\Home\2a94b8bda04ff446dcedd42276fc99ee.php 第 11 行.
NOTIC: [8] Undefined variable: obj D:\UPUPW_AP5.5\htdocs\thinkphp-inaction\chapter-7\Application\Runtime\Cache\Home\2a94b8bda04ff446dcedd42276fc99ee.php 第 12 行.
NOTIC: [8] Trying to get property of non-object D:\UPUPW_AP5.5\htdocs\thinkphp-inaction\chapter-7\Application\Runtime\Cache\Home\2a94b8bda04ff446dcedd42276fc99ee.php 第 12 行.
INFO: Run Behavior\ParseTemplateBehavior [ RunTime:0.026940s ]
INFO: [ view_parse ] --END-- [ RunTime:0.026986s ]
INFO: [ view_filter ] --START--
INFO: Run Behavior\WriteHtmlCacheBehavior [ RunTime:0.004099s ]
INFO: [ view_filter ] --END-- [ RunTime:0.004126s ]
INFO: [ app_end ] --START--
INFO: Run Behavior\ShowPageTraceBehavior [ RunTime:0.004163s ]
INFO: [ app_end ] --END-- [ RunTime:0.004200s ]

[ 2017-10-19T16:14:50+08:00 ] ::1 /thinkphp-inaction/chapter-7/
INFO: [ app_init ] --START--
INFO: Run Behavior\BuildLiteBehavior [ RunTime:0.000010s ]
INFO: [ app_init ] --END-- [ RunTime:0.000992s ]
INFO: [ app_begin ] --START--
INFO: Run Behavior\ReadHtmlCacheBehavior [ RunTime:0.004775s ]
INFO: [ app_begin ] --END-- [ RunTime:0.004830s ]
INFO: [ view_parse ] --START--
INFO: [ template_filter ] --START--
INFO: Run Behavior\ContentReplaceBehavior [ RunTime:0.000024s ]
INFO: [ template_filter ] --END-- [ RunTime:0.000061s ]
NOTIC: [8] Undefined variable: val D:\UPUPW_AP5.5\htdocs\thinkphp-inaction\chapter-7\Application\Runtime\Cache\Home\2a94b8bda04ff446dcedd42276fc99ee.php 第 8 行.
NOTIC: [8] Undefined variable: array1 D:\UPUPW_AP5.5\htdocs\thinkphp-inaction\chapter-7\Application\Runtime\Cache\Home\2a94b8bda04ff446dcedd42276fc99ee.php 第 9 行.
NOTIC: [8] Undefined variable: array1 D:\UPUPW_AP5.5\htdocs\thinkphp-inaction\chapter-7\Application\Runtime\Cache\Home\2a94b8bda04ff446dcedd42276fc99ee.php 第 10 行.
NOTIC: [8] Undefined variable: array2 D:\UPUPW_AP5.5\htdocs\thinkphp-inaction\chapter-7\Application\Runtime\Cache\Home\2a94b8bda04ff446dcedd42276fc99ee.php 第 11 行.
NOTIC: [8] Undefined variable: obj D:\UPUPW_AP5.5\htdocs\thinkphp-inaction\chapter-7\Application\Runtime\Cache\Home\2a94b8bda04ff446dcedd42276fc99ee.php 第 12 行.
NOTIC: [8] Trying to get property of non-object D:\UPUPW_AP5.5\htdocs\thinkphp-inaction\chapter-7\Application\Runtime\Cache\Home\2a94b8bda04ff446dcedd42276fc99ee.php 第 12 行.
INFO: Run Behavior\ParseTemplateBehavior [ RunTime:0.025842s ]
INFO: [ view_parse ] --END-- [ RunTime:0.025879s ]
INFO: [ view_filter ] --START--
INFO: Run Behavior\WriteHtmlCacheBehavior [ RunTime:0.004201s ]
INFO: [ view_filter ] --END-- [ RunTime:0.004227s ]
INFO: [ app_end ] --START--
INFO: Run Behavior\ShowPageTraceBehavior [ RunTime:0.004651s ]
INFO: [ app_end ] --END-- [ RunTime:0.004681s ]

[ 2017-10-19T16:14:58+08:00 ] ::1 /thinkphp-inaction/chapter-7/
INFO: [ app_init ] --START--
INFO: Run Behavior\BuildLiteBehavior [ RunTime:0.000011s ]
INFO: [ app_init ] --END-- [ RunTime:0.000942s ]
INFO: [ app_begin ] --START--
INFO: Run Behavior\ReadHtmlCacheBehavior [ RunTime:0.004689s ]
INFO: [ app_begin ] --END-- [ RunTime:0.004734s ]
INFO: [ view_parse ] --START--
INFO: [ template_filter ] --START--
INFO: Run Behavior\ContentReplaceBehavior [ RunTime:0.000023s ]
INFO: [ template_filter ] --END-- [ RunTime:0.000060s ]
NOTIC: [8] Undefined variable: val D:\UPUPW_AP5.5\htdocs\thinkphp-inaction\chapter-7\Application\Runtime\Cache\Home\2a94b8bda04ff446dcedd42276fc99ee.php 第 8 行.
NOTIC: [8] Undefined variable: array1 D:\UPUPW_AP5.5\htdocs\thinkphp-inaction\chapter-7\Application\Runtime\Cache\Home\2a94b8bda04ff446dcedd42276fc99ee.php 第 9 行.
NOTIC: [8] Undefined variable: array1 D:\UPUPW_AP5.5\htdocs\thinkphp-inaction\chapter-7\Application\Runtime\Cache\Home\2a94b8bda04ff446dcedd42276fc99ee.php 第 10 行.
NOTIC: [8] Undefined variable: array2 D:\UPUPW_AP5.5\htdocs\thinkphp-inaction\chapter-7\Application\Runtime\Cache\Home\2a94b8bda04ff446dcedd42276fc99ee.php 第 11 行.
NOTIC: [8] Undefined variable: obj D:\UPUPW_AP5.5\htdocs\thinkphp-inaction\chapter-7\Application\Runtime\Cache\Home\2a94b8bda04ff446dcedd42276fc99ee.php 第 12 行.
NOTIC: [8] Trying to get property of non-object D:\UPUPW_AP5.5\htdocs\thinkphp-inaction\chapter-7\Application\Runtime\Cache\Home\2a94b8bda04ff446dcedd42276fc99ee.php 第 12 行.
INFO: Run Behavior\ParseTemplateBehavior [ RunTime:0.025451s ]
INFO: [ view_parse ] --END-- [ RunTime:0.025489s ]
INFO: [ view_filter ] --START--
INFO: Run Behavior\WriteHtmlCacheBehavior [ RunTime:0.004424s ]
INFO: [ view_filter ] --END-- [ RunTime:0.004450s ]
INFO: [ app_end ] --START--
INFO: Run Behavior\ShowPageTraceBehavior [ RunTime:0.004000s ]
INFO: [ app_end ] --END-- [ RunTime:0.004027s ]

[ 2017-10-19T16:14:59+08:00 ] ::1 /thinkphp-inaction/chapter-7/
INFO: [ app_init ] --START--
INFO: Run Behavior\BuildLiteBehavior [ RunTime:0.000010s ]
INFO: [ app_init ] --END-- [ RunTime:0.000819s ]
INFO: [ app_begin ] --START--
INFO: Run Behavior\ReadHtmlCacheBehavior [ RunTime:0.004214s ]
INFO: [ app_begin ] --END-- [ RunTime:0.004271s ]
INFO: [ view_parse ] --START--
INFO: [ template_filter ] --START--
INFO: Run Behavior\ContentReplaceBehavior [ RunTime:0.000023s ]
INFO: [ template_filter ] --END-- [ RunTime:0.000061s ]
INFO: Run Behavior\ParseTemplateBehavior [ RunTime:0.024108s ]
INFO: [ view_parse ] --END-- [ RunTime:0.024152s ]
INFO: [ view_filter ] --START--
INFO: Run Behavior\WriteHtmlCacheBehavior [ RunTime:0.004777s ]
INFO: [ view_filter ] --END-- [ RunTime:0.004812s ]
INFO: [ app_end ] --START--
INFO: Run Behavior\ShowPageTraceBehavior [ RunTime:0.004253s ]
INFO: [ app_end ] --END-- [ RunTime:0.004282s ]

