[ 2017-10-20T09:31:30+08:00 ] ::1 /thinkphp-inaction/chapter-7/index.php/home/index
INFO: [ app_init ] --START--
INFO: Run Behavior\BuildLiteBehavior [ RunTime:0.000010s ]
INFO: [ app_init ] --END-- [ RunTime:0.000950s ]
INFO: [ app_begin ] --START--
INFO: Run Behavior\ReadHtmlCacheBehavior [ RunTime:0.004758s ]
INFO: [ app_begin ] --END-- [ RunTime:0.004809s ]
INFO: [ view_parse ] --START--
INFO: [ template_filter ] --START--
INFO: Run Behavior\ContentReplaceBehavior [ RunTime:0.000025s ]
INFO: [ template_filter ] --END-- [ RunTime:0.000062s ]
INFO: Run Behavior\ParseTemplateBehavior [ RunTime:0.025706s ]
INFO: [ view_parse ] --END-- [ RunTime:0.025757s ]
INFO: [ view_filter ] --START--
INFO: Run Behavior\WriteHtmlCacheBehavior [ RunTime:0.004276s ]
INFO: [ view_filter ] --END-- [ RunTime:0.004303s ]
INFO: [ app_end ] --START--
INFO: Run Behavior\ShowPageTraceBehavior [ RunTime:0.004967s ]
INFO: [ app_end ] --END-- [ RunTime:0.005014s ]

[ 2017-10-20T09:31:43+08:00 ] ::1 /thinkphp-inaction/chapter-7/index.php/home/index/view1
INFO: [ app_init ] --START--
INFO: Run Behavior\BuildLiteBehavior [ RunTime:0.000010s ]
INFO: [ app_init ] --END-- [ RunTime:0.000800s ]
INFO: [ app_begin ] --START--
INFO: Run Behavior\ReadHtmlCacheBehavior [ RunTime:0.004126s ]
INFO: [ app_begin ] --END-- [ RunTime:0.004164s ]
INFO: [ view_parse ] --START--
INFO: [ template_filter ] --START--
INFO: Run Behavior\ContentReplaceBehavior [ RunTime:0.000022s ]
INFO: [ template_filter ] --END-- [ RunTime:0.000059s ]
NOTIC: [8] Undefined index: name D:\UPUPW_AP5.5\htdocs\thinkphp-inaction\chapter-7\Application\Runtime\Cache\Home\bd89c39437915ccd876dea578c75a2f1.php 第 11 行.
INFO: Run Behavior\ParseTemplateBehavior [ RunTime:0.047487s ]
INFO: [ view_parse ] --END-- [ RunTime:0.047543s ]
INFO: [ view_filter ] --START--
INFO: Run Behavior\WriteHtmlCacheBehavior [ RunTime:0.004693s ]
INFO: [ view_filter ] --END-- [ RunTime:0.004724s ]
INFO: [ app_end ] --START--
INFO: Run Behavior\ShowPageTraceBehavior [ RunTime:0.004745s ]
INFO: [ app_end ] --END-- [ RunTime:0.004786s ]

[ 2017-10-20T09:55:10+08:00 ] ::1 /thinkphp-inaction/chapter-7/index.php/home/index/view2
INFO: [ app_init ] --START--
INFO: Run Behavior\BuildLiteBehavior [ RunTime:0.000011s ]
INFO: [ app_init ] --END-- [ RunTime:0.000799s ]
INFO: [ app_begin ] --START--
INFO: Run Behavior\ReadHtmlCacheBehavior [ RunTime:0.004378s ]
INFO: [ app_begin ] --END-- [ RunTime:0.004448s ]
INFO: [ view_parse ] --START--
INFO: [ template_filter ] --START--
INFO: Run Behavior\ContentReplaceBehavior [ RunTime:0.000024s ]
INFO: [ template_filter ] --END-- [ RunTime:0.000059s ]
INFO: Run Behavior\ParseTemplateBehavior [ RunTime:0.024902s ]
INFO: [ view_parse ] --END-- [ RunTime:0.024951s ]
INFO: [ view_filter ] --START--
INFO: Run Behavior\WriteHtmlCacheBehavior [ RunTime:0.004198s ]
INFO: [ view_filter ] --END-- [ RunTime:0.004226s ]
INFO: [ app_end ] --START--
INFO: Run Behavior\ShowPageTraceBehavior [ RunTime:0.004137s ]
INFO: [ app_end ] --END-- [ RunTime:0.004165s ]

[ 2017-10-20T10:03:13+08:00 ] ::1 /thinkphp-inaction/chapter-7/index.php/home/index/view3
INFO: [ app_init ] --START--
INFO: Run Behavior\BuildLiteBehavior [ RunTime:0.000011s ]
INFO: [ app_init ] --END-- [ RunTime:0.000814s ]
INFO: [ app_begin ] --START--
INFO: Run Behavior\ReadHtmlCacheBehavior [ RunTime:0.004398s ]
INFO: [ app_begin ] --END-- [ RunTime:0.004442s ]
INFO: [ view_parse ] --START--
INFO: [ template_filter ] --START--
INFO: Run Behavior\ContentReplaceBehavior [ RunTime:0.000022s ]
INFO: [ template_filter ] --END-- [ RunTime:0.000055s ]
INFO: Run Behavior\ParseTemplateBehavior [ RunTime:0.024409s ]
INFO: [ view_parse ] --END-- [ RunTime:0.024462s ]
INFO: [ view_filter ] --START--
INFO: Run Behavior\WriteHtmlCacheBehavior [ RunTime:0.004244s ]
INFO: [ view_filter ] --END-- [ RunTime:0.004272s ]
INFO: [ app_end ] --START--
INFO: Run Behavior\ShowPageTraceBehavior [ RunTime:0.004293s ]
INFO: [ app_end ] --END-- [ RunTime:0.004322s ]

[ 2017-10-20T10:04:37+08:00 ] ::1 /thinkphp-inaction/chapter-7/index.php/home/index/view3
INFO: [ app_init ] --START--
INFO: Run Behavior\BuildLiteBehavior [ RunTime:0.000013s ]
INFO: [ app_init ] --END-- [ RunTime:0.000864s ]
INFO: [ app_begin ] --START--
INFO: Run Behavior\ReadHtmlCacheBehavior [ RunTime:0.004712s ]
INFO: [ app_begin ] --END-- [ RunTime:0.004768s ]
INFO: [ view_parse ] --START--
INFO: [ template_filter ] --START--
INFO: Run Behavior\ContentReplaceBehavior [ RunTime:0.000025s ]
INFO: [ template_filter ] --END-- [ RunTime:0.000063s ]
INFO: Run Behavior\ParseTemplateBehavior [ RunTime:0.024471s ]
INFO: [ view_parse ] --END-- [ RunTime:0.024519s ]
INFO: [ view_filter ] --START--
INFO: Run Behavior\WriteHtmlCacheBehavior [ RunTime:0.004415s ]
INFO: [ view_filter ] --END-- [ RunTime:0.004444s ]
INFO: [ app_end ] --START--
INFO: Run Behavior\ShowPageTraceBehavior [ RunTime:0.005184s ]
INFO: [ app_end ] --END-- [ RunTime:0.005223s ]

[ 2017-10-20T10:23:27+08:00 ] ::1 /thinkphp-inaction/chapter-7/index.php/home/index/view4
INFO: [ app_init ] --START--
INFO: Run Behavior\BuildLiteBehavior [ RunTime:0.000012s ]
INFO: [ app_init ] --END-- [ RunTime:0.000842s ]
INFO: [ app_begin ] --START--
INFO: Run Behavior\ReadHtmlCacheBehavior [ RunTime:0.004449s ]
INFO: [ app_begin ] --END-- [ RunTime:0.004521s ]
INFO: [ view_parse ] --START--
INFO: [ template_filter ] --START--
INFO: Run Behavior\ContentReplaceBehavior [ RunTime:0.000026s ]
INFO: [ template_filter ] --END-- [ RunTime:0.000066s ]
INFO: Run Behavior\ParseTemplateBehavior [ RunTime:0.024443s ]
INFO: [ view_parse ] --END-- [ RunTime:0.024497s ]
INFO: [ view_filter ] --START--
INFO: Run Behavior\WriteHtmlCacheBehavior [ RunTime:0.004912s ]
INFO: [ view_filter ] --END-- [ RunTime:0.004955s ]
INFO: [ app_end ] --START--
INFO: Run Behavior\ShowPageTraceBehavior [ RunTime:0.004138s ]
INFO: [ app_end ] --END-- [ RunTime:0.004166s ]

[ 2017-10-20T10:56:55+08:00 ] ::1 /thinkphp-inaction/chapter-7/index.php/home/index/view5
INFO: [ app_init ] --START--
INFO: Run Behavior\BuildLiteBehavior [ RunTime:0.000010s ]
INFO: [ app_init ] --END-- [ RunTime:0.000834s ]
INFO: [ app_begin ] --START--
INFO: Run Behavior\ReadHtmlCacheBehavior [ RunTime:0.004838s ]
INFO: [ app_begin ] --END-- [ RunTime:0.004894s ]
INFO: [ view_parse ] --START--
INFO: [ template_filter ] --START--
INFO: Run Behavior\ContentReplaceBehavior [ RunTime:0.000036s ]
INFO: [ template_filter ] --END-- [ RunTime:0.000086s ]
INFO: Run Behavior\ParseTemplateBehavior [ RunTime:0.048157s ]
INFO: [ view_parse ] --END-- [ RunTime:0.048203s ]
INFO: [ view_filter ] --START--
INFO: Run Behavior\WriteHtmlCacheBehavior [ RunTime:0.004902s ]
INFO: [ view_filter ] --END-- [ RunTime:0.004940s ]
INFO: [ app_end ] --START--
INFO: Run Behavior\ShowPageTraceBehavior [ RunTime:0.004597s ]
INFO: [ app_end ] --END-- [ RunTime:0.004629s ]

[ 2017-10-20T10:57:01+08:00 ] ::1 /thinkphp-inaction/chapter-7/index.php/home/index/view6
INFO: [ app_init ] --START--
INFO: Run Behavior\BuildLiteBehavior [ RunTime:0.000010s ]
INFO: [ app_init ] --END-- [ RunTime:0.000859s ]
INFO: [ app_begin ] --START--
INFO: Run Behavior\ReadHtmlCacheBehavior [ RunTime:0.004581s ]
INFO: [ app_begin ] --END-- [ RunTime:0.004621s ]
INFO: [ view_parse ] --START--
INFO: [ template_filter ] --START--
INFO: Run Behavior\ContentReplaceBehavior [ RunTime:0.000023s ]
INFO: [ template_filter ] --END-- [ RunTime:0.000058s ]
INFO: Run Behavior\ParseTemplateBehavior [ RunTime:0.042085s ]
INFO: [ view_parse ] --END-- [ RunTime:0.042137s ]
INFO: [ view_filter ] --START--
INFO: Run Behavior\WriteHtmlCacheBehavior [ RunTime:0.004273s ]
INFO: [ view_filter ] --END-- [ RunTime:0.004300s ]
INFO: [ app_end ] --START--
INFO: Run Behavior\ShowPageTraceBehavior [ RunTime:0.004168s ]
INFO: [ app_end ] --END-- [ RunTime:0.004195s ]

[ 2017-10-20T10:58:12+08:00 ] ::1 /thinkphp-inaction/chapter-7/index.php/home/index/view_parent
INFO: [ app_init ] --START--
INFO: Run Behavior\BuildLiteBehavior [ RunTime:0.000011s ]
INFO: [ app_init ] --END-- [ RunTime:0.000791s ]
INFO: [ app_begin ] --START--
INFO: Run Behavior\ReadHtmlCacheBehavior [ RunTime:0.005025s ]
INFO: [ app_begin ] --END-- [ RunTime:0.005071s ]
INFO: [ view_parse ] --START--
INFO: [ template_filter ] --START--
INFO: Run Behavior\ContentReplaceBehavior [ RunTime:0.000024s ]
INFO: [ template_filter ] --END-- [ RunTime:0.000058s ]
INFO: Run Behavior\ParseTemplateBehavior [ RunTime:0.023955s ]
INFO: [ view_parse ] --END-- [ RunTime:0.024026s ]
INFO: [ view_filter ] --START--
INFO: Run Behavior\WriteHtmlCacheBehavior [ RunTime:0.004322s ]
INFO: [ view_filter ] --END-- [ RunTime:0.004349s ]
INFO: [ app_end ] --START--
INFO: Run Behavior\ShowPageTraceBehavior [ RunTime:0.004826s ]
INFO: [ app_end ] --END-- [ RunTime:0.004856s ]

[ 2017-10-20T10:58:35+08:00 ] ::1 /thinkphp-inaction/chapter-7/index.php/home/index/view_parent
INFO: [ app_init ] --START--
INFO: Run Behavior\BuildLiteBehavior [ RunTime:0.000011s ]
INFO: [ app_init ] --END-- [ RunTime:0.000797s ]
INFO: [ app_begin ] --START--
INFO: Run Behavior\ReadHtmlCacheBehavior [ RunTime:0.004604s ]
INFO: [ app_begin ] --END-- [ RunTime:0.004644s ]
INFO: [ view_parse ] --START--
INFO: [ template_filter ] --START--
INFO: Run Behavior\ContentReplaceBehavior [ RunTime:0.000024s ]
INFO: [ template_filter ] --END-- [ RunTime:0.000060s ]
INFO: Run Behavior\ParseTemplateBehavior [ RunTime:0.023759s ]
INFO: [ view_parse ] --END-- [ RunTime:0.023826s ]
INFO: [ view_filter ] --START--
INFO: Run Behavior\WriteHtmlCacheBehavior [ RunTime:0.004508s ]
INFO: [ view_filter ] --END-- [ RunTime:0.004539s ]
INFO: [ app_end ] --START--
INFO: Run Behavior\ShowPageTraceBehavior [ RunTime:0.004149s ]
INFO: [ app_end ] --END-- [ RunTime:0.004176s ]

[ 2017-10-20T10:58:41+08:00 ] ::1 /thinkphp-inaction/chapter-7/index.php/home/index/view4
INFO: [ app_init ] --START--
INFO: Run Behavior\BuildLiteBehavior [ RunTime:0.000010s ]
INFO: [ app_init ] --END-- [ RunTime:0.000798s ]
INFO: [ app_begin ] --START--
INFO: Run Behavior\ReadHtmlCacheBehavior [ RunTime:0.004826s ]
INFO: [ app_begin ] --END-- [ RunTime:0.004871s ]
INFO: [ view_parse ] --START--
INFO: [ template_filter ] --START--
INFO: Run Behavior\ContentReplaceBehavior [ RunTime:0.000024s ]
INFO: [ template_filter ] --END-- [ RunTime:0.000101s ]
INFO: Run Behavior\ParseTemplateBehavior [ RunTime:0.024221s ]
INFO: [ view_parse ] --END-- [ RunTime:0.024272s ]
INFO: [ view_filter ] --START--
INFO: Run Behavior\WriteHtmlCacheBehavior [ RunTime:0.004135s ]
INFO: [ view_filter ] --END-- [ RunTime:0.004160s ]
INFO: [ app_end ] --START--
INFO: Run Behavior\ShowPageTraceBehavior [ RunTime:0.004824s ]
INFO: [ app_end ] --END-- [ RunTime:0.004856s ]

[ 2017-10-20T10:58:44+08:00 ] ::1 /thinkphp-inaction/chapter-7/index.php/home/index/view5
INFO: [ app_init ] --START--
INFO: Run Behavior\BuildLiteBehavior [ RunTime:0.000023s ]
INFO: [ app_init ] --END-- [ RunTime:0.000846s ]
INFO: [ app_begin ] --START--
INFO: Run Behavior\ReadHtmlCacheBehavior [ RunTime:0.004517s ]
INFO: [ app_begin ] --END-- [ RunTime:0.004571s ]
INFO: [ view_parse ] --START--
INFO: [ template_filter ] --START--
INFO: Run Behavior\ContentReplaceBehavior [ RunTime:0.000023s ]
INFO: [ template_filter ] --END-- [ RunTime:0.000058s ]
INFO: Run Behavior\ParseTemplateBehavior [ RunTime:0.025555s ]
INFO: [ view_parse ] --END-- [ RunTime:0.025604s ]
INFO: [ view_filter ] --START--
INFO: Run Behavior\WriteHtmlCacheBehavior [ RunTime:0.004395s ]
INFO: [ view_filter ] --END-- [ RunTime:0.004422s ]
INFO: [ app_end ] --START--
INFO: Run Behavior\ShowPageTraceBehavior [ RunTime:0.004614s ]
INFO: [ app_end ] --END-- [ RunTime:0.004643s ]

[ 2017-10-20T10:58:47+08:00 ] ::1 /thinkphp-inaction/chapter-7/index.php/home/index/view6
INFO: [ app_init ] --START--
INFO: Run Behavior\BuildLiteBehavior [ RunTime:0.000010s ]
INFO: [ app_init ] --END-- [ RunTime:0.000812s ]
INFO: [ app_begin ] --START--
INFO: Run Behavior\ReadHtmlCacheBehavior [ RunTime:0.004516s ]
INFO: [ app_begin ] --END-- [ RunTime:0.004558s ]
INFO: [ view_parse ] --START--
INFO: [ template_filter ] --START--
INFO: Run Behavior\ContentReplaceBehavior [ RunTime:0.000023s ]
INFO: [ template_filter ] --END-- [ RunTime:0.000092s ]
INFO: Run Behavior\ParseTemplateBehavior [ RunTime:0.026222s ]
INFO: [ view_parse ] --END-- [ RunTime:0.026273s ]
INFO: [ view_filter ] --START--
INFO: Run Behavior\WriteHtmlCacheBehavior [ RunTime:0.004215s ]
INFO: [ view_filter ] --END-- [ RunTime:0.004253s ]
INFO: [ app_end ] --START--
INFO: Run Behavior\ShowPageTraceBehavior [ RunTime:0.004323s ]
INFO: [ app_end ] --END-- [ RunTime:0.004354s ]

[ 2017-10-20T11:30:03+08:00 ] ::1 /thinkphp-inaction/chapter-7/index.php/home/index/view7
INFO: [ app_init ] --START--
INFO: Run Behavior\BuildLiteBehavior [ RunTime:0.000012s ]
INFO: [ app_init ] --END-- [ RunTime:0.000932s ]
INFO: [ app_begin ] --START--
INFO: Run Behavior\ReadHtmlCacheBehavior [ RunTime:0.004529s ]
INFO: [ app_begin ] --END-- [ RunTime:0.004577s ]
INFO: [ view_parse ] --START--
INFO: [ template_filter ] --START--
INFO: Run Behavior\ContentReplaceBehavior [ RunTime:0.000041s ]
INFO: [ template_filter ] --END-- [ RunTime:0.000122s ]
INFO: Run Behavior\ParseTemplateBehavior [ RunTime:0.029373s ]
INFO: [ view_parse ] --END-- [ RunTime:0.029425s ]
INFO: [ view_filter ] --START--
INFO: Run Behavior\WriteHtmlCacheBehavior [ RunTime:0.004687s ]
INFO: [ view_filter ] --END-- [ RunTime:0.004716s ]
INFO: [ app_end ] --START--
INFO: Run Behavior\ShowPageTraceBehavior [ RunTime:0.004537s ]
INFO: [ app_end ] --END-- [ RunTime:0.004566s ]

[ 2017-10-20T14:44:07+08:00 ] ::1 /thinkphp-inaction/chapter-7/index.php/home/Demo
INFO: [ app_init ] --START--
INFO: Run Behavior\BuildLiteBehavior [ RunTime:0.000010s ]
INFO: [ app_init ] --END-- [ RunTime:0.000782s ]
INFO: [ app_begin ] --START--
INFO: Run Behavior\ReadHtmlCacheBehavior [ RunTime:0.004369s ]
INFO: [ app_begin ] --END-- [ RunTime:0.004412s ]
ERR: 无法加载控制器:Demo

[ 2017-10-20T14:44:15+08:00 ] ::1 /thinkphp-inaction/chapter-7/index.php/home/demo
INFO: [ app_init ] --START--
INFO: Run Behavior\BuildLiteBehavior [ RunTime:0.000011s ]
INFO: [ app_init ] --END-- [ RunTime:0.000815s ]
INFO: [ app_begin ] --START--
INFO: Run Behavior\ReadHtmlCacheBehavior [ RunTime:0.004794s ]
INFO: [ app_begin ] --END-- [ RunTime:0.004837s ]
ERR: 无法加载控制器:Demo

[ 2017-10-20T14:44:34+08:00 ] ::1 /thinkphp-inaction/chapter-7/index.php/home/view/demo
INFO: [ app_init ] --START--
INFO: Run Behavior\BuildLiteBehavior [ RunTime:0.000010s ]
INFO: [ app_init ] --END-- [ RunTime:0.000815s ]
INFO: [ app_begin ] --START--
INFO: Run Behavior\ReadHtmlCacheBehavior [ RunTime:0.004196s ]
INFO: [ app_begin ] --END-- [ RunTime:0.004236s ]
ERR: 无法加载控制器:View

[ 2017-10-20T14:45:02+08:00 ] ::1 /thinkphp-inaction/chapter-7/index.php/home/demo
INFO: [ app_init ] --START--
INFO: Run Behavior\BuildLiteBehavior [ RunTime:0.000010s ]
INFO: [ app_init ] --END-- [ RunTime:0.000824s ]
INFO: [ app_begin ] --START--
INFO: Run Behavior\ReadHtmlCacheBehavior [ RunTime:0.004272s ]
INFO: [ app_begin ] --END-- [ RunTime:0.004315s ]
ERR: 无法加载控制器:Demo

[ 2017-10-20T14:45:03+08:00 ] ::1 /thinkphp-inaction/chapter-7/index.php/home/Demo
INFO: [ app_init ] --START--
INFO: Run Behavior\BuildLiteBehavior [ RunTime:0.000010s ]
INFO: [ app_init ] --END-- [ RunTime:0.000855s ]
INFO: [ app_begin ] --START--
INFO: Run Behavior\ReadHtmlCacheBehavior [ RunTime:0.004491s ]
INFO: [ app_begin ] --END-- [ RunTime:0.004536s ]
ERR: 无法加载控制器:Demo

[ 2017-10-20T14:45:18+08:00 ] ::1 /thinkphp-inaction/chapter-7/index.php/home/index/demo
INFO: [ app_init ] --START--
INFO: Run Behavior\BuildLiteBehavior [ RunTime:0.000011s ]
INFO: [ app_init ] --END-- [ RunTime:0.000822s ]
INFO: [ app_begin ] --START--
INFO: Run Behavior\ReadHtmlCacheBehavior [ RunTime:0.004198s ]
INFO: [ app_begin ] --END-- [ RunTime:0.004237s ]
ERR: 非法操作:demo

[ 2017-10-20T14:45:26+08:00 ] ::1 /thinkphp-inaction/chapter-7/index.php/home/index/view6
INFO: [ app_init ] --START--
INFO: Run Behavior\BuildLiteBehavior [ RunTime:0.000011s ]
INFO: [ app_init ] --END-- [ RunTime:0.000815s ]
INFO: [ app_begin ] --START--
INFO: Run Behavior\ReadHtmlCacheBehavior [ RunTime:0.004464s ]
INFO: [ app_begin ] --END-- [ RunTime:0.004510s ]
INFO: [ view_parse ] --START--
INFO: [ template_filter ] --START--
INFO: Run Behavior\ContentReplaceBehavior [ RunTime:0.000025s ]
INFO: [ template_filter ] --END-- [ RunTime:0.000075s ]
INFO: Run Behavior\ParseTemplateBehavior [ RunTime:0.025792s ]
INFO: [ view_parse ] --END-- [ RunTime:0.025843s ]
INFO: [ view_filter ] --START--
INFO: Run Behavior\WriteHtmlCacheBehavior [ RunTime:0.004169s ]
INFO: [ view_filter ] --END-- [ RunTime:0.004195s ]
INFO: [ app_end ] --START--
INFO: Run Behavior\ShowPageTraceBehavior [ RunTime:0.004665s ]
INFO: [ app_end ] --END-- [ RunTime:0.004706s ]

[ 2017-10-20T14:45:39+08:00 ] ::1 /thinkphp-inaction/chapter-7/index.php/home/demo
INFO: [ app_init ] --START--
INFO: Run Behavior\BuildLiteBehavior [ RunTime:0.000011s ]
INFO: [ app_init ] --END-- [ RunTime:0.000933s ]
INFO: [ app_begin ] --START--
INFO: Run Behavior\ReadHtmlCacheBehavior [ RunTime:0.005757s ]
INFO: [ app_begin ] --END-- [ RunTime:0.005818s ]
ERR: 无法加载控制器:Demo

[ 2017-10-20T14:47:21+08:00 ] ::1 /thinkphp-inaction/chapter-7/index.php/home/demo
INFO: [ app_init ] --START--
INFO: Run Behavior\BuildLiteBehavior [ RunTime:0.000012s ]
INFO: [ app_init ] --END-- [ RunTime:0.000906s ]
INFO: [ app_begin ] --START--
INFO: Run Behavior\ReadHtmlCacheBehavior [ RunTime:0.004214s ]
INFO: [ app_begin ] --END-- [ RunTime:0.004258s ]
ERR: 无法加载控制器:Demo

[ 2017-10-20T14:47:22+08:00 ] ::1 /thinkphp-inaction/chapter-7/index.php/home/demo
INFO: [ app_init ] --START--
INFO: Run Behavior\BuildLiteBehavior [ RunTime:0.000012s ]
INFO: [ app_init ] --END-- [ RunTime:0.000889s ]
INFO: [ app_begin ] --START--
INFO: Run Behavior\ReadHtmlCacheBehavior [ RunTime:0.004866s ]
INFO: [ app_begin ] --END-- [ RunTime:0.004959s ]
ERR: 无法加载控制器:Demo

[ 2017-10-20T14:47:23+08:00 ] ::1 /thinkphp-inaction/chapter-7/index.php/home/demo
INFO: [ app_init ] --START--
INFO: Run Behavior\BuildLiteBehavior [ RunTime:0.000012s ]
INFO: [ app_init ] --END-- [ RunTime:0.000818s ]
INFO: [ app_begin ] --START--
INFO: Run Behavior\ReadHtmlCacheBehavior [ RunTime:0.004707s ]
INFO: [ app_begin ] --END-- [ RunTime:0.004756s ]
ERR: 无法加载控制器:Demo

[ 2017-10-20T14:47:23+08:00 ] ::1 /thinkphp-inaction/chapter-7/index.php/home/demo
INFO: [ app_init ] --START--
INFO: Run Behavior\BuildLiteBehavior [ RunTime:0.000012s ]
INFO: [ app_init ] --END-- [ RunTime:0.000876s ]
INFO: [ app_begin ] --START--
INFO: Run Behavior\ReadHtmlCacheBehavior [ RunTime:0.004754s ]
INFO: [ app_begin ] --END-- [ RunTime:0.004807s ]
ERR: 无法加载控制器:Demo

[ 2017-10-20T14:47:23+08:00 ] ::1 /thinkphp-inaction/chapter-7/index.php/home/demo
INFO: [ app_init ] --START--
INFO: Run Behavior\BuildLiteBehavior [ RunTime:0.000011s ]
INFO: [ app_init ] --END-- [ RunTime:0.000849s ]
INFO: [ app_begin ] --START--
INFO: Run Behavior\ReadHtmlCacheBehavior [ RunTime:0.004780s ]
INFO: [ app_begin ] --END-- [ RunTime:0.004833s ]
ERR: 无法加载控制器:Demo

[ 2017-10-20T14:47:23+08:00 ] ::1 /thinkphp-inaction/chapter-7/index.php/home/demo
INFO: [ app_init ] --START--
INFO: Run Behavior\BuildLiteBehavior [ RunTime:0.000013s ]
INFO: [ app_init ] --END-- [ RunTime:0.000907s ]
INFO: [ app_begin ] --START--
INFO: Run Behavior\ReadHtmlCacheBehavior [ RunTime:0.004554s ]
INFO: [ app_begin ] --END-- [ RunTime:0.004602s ]
ERR: 无法加载控制器:Demo

[ 2017-10-20T14:47:23+08:00 ] ::1 /thinkphp-inaction/chapter-7/index.php/home/demo
INFO: [ app_init ] --START--
INFO: Run Behavior\BuildLiteBehavior [ RunTime:0.000012s ]
INFO: [ app_init ] --END-- [ RunTime:0.000855s ]
INFO: [ app_begin ] --START--
INFO: Run Behavior\ReadHtmlCacheBehavior [ RunTime:0.004935s ]
INFO: [ app_begin ] --END-- [ RunTime:0.004981s ]
ERR: 无法加载控制器:Demo

[ 2017-10-20T14:49:10+08:00 ] ::1 /thinkphp-inaction/chapter-7/index.php/home/demo
INFO: [ app_init ] --START--
INFO: Run Behavior\BuildLiteBehavior [ RunTime:0.000012s ]
INFO: [ app_init ] --END-- [ RunTime:0.000948s ]
INFO: [ app_begin ] --START--
INFO: Run Behavior\ReadHtmlCacheBehavior [ RunTime:0.004166s ]
INFO: [ app_begin ] --END-- [ RunTime:0.004210s ]
ERR: 无法加载控制器:Demo

[ 2017-10-20T14:49:11+08:00 ] ::1 /thinkphp-inaction/chapter-7/index.php/home/demo
INFO: [ app_init ] --START--
INFO: Run Behavior\BuildLiteBehavior [ RunTime:0.000011s ]
INFO: [ app_init ] --END-- [ RunTime:0.000793s ]
INFO: [ app_begin ] --START--
INFO: Run Behavior\ReadHtmlCacheBehavior [ RunTime:0.004253s ]
INFO: [ app_begin ] --END-- [ RunTime:0.004299s ]
ERR: 无法加载控制器:Demo

[ 2017-10-20T14:49:11+08:00 ] ::1 /thinkphp-inaction/chapter-7/index.php/home/demo
INFO: [ app_init ] --START--
INFO: Run Behavior\BuildLiteBehavior [ RunTime:0.000013s ]
INFO: [ app_init ] --END-- [ RunTime:0.000973s ]
INFO: [ app_begin ] --START--
INFO: Run Behavior\ReadHtmlCacheBehavior [ RunTime:0.004231s ]
INFO: [ app_begin ] --END-- [ RunTime:0.004278s ]
ERR: 无法加载控制器:Demo

[ 2017-10-20T14:49:11+08:00 ] ::1 /thinkphp-inaction/chapter-7/index.php/home/demo
INFO: [ app_init ] --START--
INFO: Run Behavior\BuildLiteBehavior [ RunTime:0.000012s ]
INFO: [ app_init ] --END-- [ RunTime:0.001066s ]
INFO: [ app_begin ] --START--
INFO: Run Behavior\ReadHtmlCacheBehavior [ RunTime:0.004824s ]
INFO: [ app_begin ] --END-- [ RunTime:0.004869s ]
ERR: 无法加载控制器:Demo

[ 2017-10-20T14:49:11+08:00 ] ::1 /thinkphp-inaction/chapter-7/index.php/home/demo
INFO: [ app_init ] --START--
INFO: Run Behavior\BuildLiteBehavior [ RunTime:0.000012s ]
INFO: [ app_init ] --END-- [ RunTime:0.001129s ]
INFO: [ app_begin ] --START--
INFO: Run Behavior\ReadHtmlCacheBehavior [ RunTime:0.004156s ]
INFO: [ app_begin ] --END-- [ RunTime:0.004203s ]
ERR: 无法加载控制器:Demo

[ 2017-10-20T14:49:11+08:00 ] ::1 /thinkphp-inaction/chapter-7/index.php/home/demo
INFO: [ app_init ] --START--
INFO: Run Behavior\BuildLiteBehavior [ RunTime:0.000010s ]
INFO: [ app_init ] --END-- [ RunTime:0.000842s ]
INFO: [ app_begin ] --START--
INFO: Run Behavior\ReadHtmlCacheBehavior [ RunTime:0.004942s ]
INFO: [ app_begin ] --END-- [ RunTime:0.005024s ]
ERR: 无法加载控制器:Demo

[ 2017-10-20T14:49:54+08:00 ] ::1 /thinkphp-inaction/chapter-7/index.php/home/demo
INFO: [ app_init ] --START--
INFO: Run Behavior\BuildLiteBehavior [ RunTime:0.000011s ]
INFO: [ app_init ] --END-- [ RunTime:0.000821s ]
INFO: [ app_begin ] --START--
INFO: Run Behavior\ReadHtmlCacheBehavior [ RunTime:0.004169s ]
INFO: [ app_begin ] --END-- [ RunTime:0.004211s ]
INFO: [ view_parse ] --START--
INFO: [ template_filter ] --START--
INFO: Run Behavior\ContentReplaceBehavior [ RunTime:0.000044s ]
INFO: [ template_filter ] --END-- [ RunTime:0.000082s ]
INFO: Run Behavior\ParseTemplateBehavior [ RunTime:0.034925s ]
INFO: [ view_parse ] --END-- [ RunTime:0.034972s ]
INFO: [ view_filter ] --START--
INFO: Run Behavior\WriteHtmlCacheBehavior [ RunTime:0.004328s ]
INFO: [ view_filter ] --END-- [ RunTime:0.004355s ]
INFO: [ app_end ] --START--
INFO: Run Behavior\ShowPageTraceBehavior [ RunTime:0.004587s ]
INFO: [ app_end ] --END-- [ RunTime:0.004624s ]

