[ 2017-10-19T09:57:25+08:00 ] ::1 /thinkphp-inaction/chapter-5/index.php?s=%20/home/index/update
INFO: [ app_init ] --START--
INFO: Run Behavior\BuildLiteBehavior [ RunTime:0.000023s ]
INFO: [ app_init ] --END-- [ RunTime:0.001151s ]
ERR: 无法加载模块: 

[ 2017-10-19T09:57:28+08:00 ] ::1 /thinkphp-inaction/chapter-5/index.php?s=%20/home/index/update
INFO: [ app_init ] --START--
INFO: Run Behavior\BuildLiteBehavior [ RunTime:0.000012s ]
INFO: [ app_init ] --END-- [ RunTime:0.000940s ]
ERR: 无法加载模块: 

[ 2017-10-19T09:57:28+08:00 ] ::1 /thinkphp-inaction/chapter-5/index.php?s=%20/home/index/update
INFO: [ app_init ] --START--
INFO: Run Behavior\BuildLiteBehavior [ RunTime:0.000013s ]
INFO: [ app_init ] --END-- [ RunTime:0.000890s ]
ERR: 无法加载模块: 

[ 2017-10-19T09:57:29+08:00 ] ::1 /thinkphp-inaction/chapter-5/index.php?s=%20/home/index/update
INFO: [ app_init ] --START--
INFO: Run Behavior\BuildLiteBehavior [ RunTime:0.000011s ]
INFO: [ app_init ] --END-- [ RunTime:0.000761s ]
ERR: 无法加载模块: 

[ 2017-10-19T09:57:29+08:00 ] ::1 /thinkphp-inaction/chapter-5/index.php?s=%20/home/index/update
INFO: [ app_init ] --START--
INFO: Run Behavior\BuildLiteBehavior [ RunTime:0.000012s ]
INFO: [ app_init ] --END-- [ RunTime:0.000860s ]
ERR: 无法加载模块: 

[ 2017-10-19T09:57:41+08:00 ] ::1 /thinkphp-inaction/chapter-5/index.php?s=%20/home/index/update
INFO: [ app_init ] --START--
INFO: Run Behavior\BuildLiteBehavior [ RunTime:0.000011s ]
INFO: [ app_init ] --END-- [ RunTime:0.000807s ]
ERR: 无法加载模块: 

[ 2017-10-19T09:57:42+08:00 ] ::1 /thinkphp-inaction/chapter-5/index.php?s=%20/home/index/update
INFO: [ app_init ] --START--
INFO: Run Behavior\BuildLiteBehavior [ RunTime:0.000011s ]
INFO: [ app_init ] --END-- [ RunTime:0.000790s ]
ERR: 无法加载模块: 

[ 2017-10-19T09:57:43+08:00 ] ::1 /thinkphp-inaction/chapter-5/index.php?s=%20/home/index/update
INFO: [ app_init ] --START--
INFO: Run Behavior\BuildLiteBehavior [ RunTime:0.000010s ]
INFO: [ app_init ] --END-- [ RunTime:0.000763s ]
ERR: 无法加载模块: 

[ 2017-10-19T09:57:43+08:00 ] ::1 /thinkphp-inaction/chapter-5/index.php?s=%20/home/index/update
INFO: [ app_init ] --START--
INFO: Run Behavior\BuildLiteBehavior [ RunTime:0.000013s ]
INFO: [ app_init ] --END-- [ RunTime:0.000906s ]
ERR: 无法加载模块: 

[ 2017-10-19T09:57:55+08:00 ] ::1 /thinkphp-inaction/chapter-5/index.php?s=%20/home/index/update
INFO: [ app_init ] --START--
INFO: Run Behavior\BuildLiteBehavior [ RunTime:0.000011s ]
INFO: [ app_init ] --END-- [ RunTime:0.000926s ]
ERR: 无法加载模块: 

[ 2017-10-19T10:00:40+08:00 ] ::1 /thinkphp-inaction/chapter-5/Application/home/index/update
INFO: [ app_init ] --START--
INFO: Run Behavior\BuildLiteBehavior [ RunTime:0.000011s ]
INFO: [ app_init ] --END-- [ RunTime:0.000781s ]
ERR: 无法加载模块:Application

